15:02:15 INFO  [BotLogger] Browser is opened
15:02:16 INFO  [BotLogger] Browser is opened
15:02:16 INFO  [BotLogger] Test CasetestValidLogin  started
15:02:16 INFO  [BotLogger] Typed text: standard_user into element with locator: By.id: user-name
15:02:16 INFO  [BotLogger] Typed text: secret_sauce into element with locator: By.id: password
15:02:17 INFO  [BotLogger] Clicked on element: By.id: login-button
15:02:17 INFO  [BotLogger] Test CasetestValidLogin  passed
15:02:17 INFO  [BotLogger] Browser is opened
15:02:17 INFO  [BotLogger] Browser closed
15:02:18 INFO  [BotLogger] Browser is opened
15:02:19 INFO  [BotLogger] Browser is opened
15:02:19 INFO  [BotLogger] Test CasetestValidLogin  started
15:02:19 INFO  [BotLogger] Typed text: problem_user into element with locator: By.id: user-name
15:02:19 INFO  [BotLogger] Typed text: secret_sauce into element with locator: By.id: password
15:02:19 INFO  [BotLogger] Clicked on element: By.id: login-button
15:02:19 INFO  [BotLogger] Test CasetestValidLogin  passed
15:02:19 INFO  [BotLogger] Browser is opened
15:02:19 INFO  [BotLogger] Browser closed
15:02:20 INFO  [BotLogger] Browser is opened
15:02:21 INFO  [BotLogger] Browser is opened
15:02:21 INFO  [BotLogger] Test CasetestValidLogin  started
15:02:22 INFO  [BotLogger] Typed text: performance_glitch_user into element with locator: By.id: user-name
15:02:22 INFO  [BotLogger] Typed text: secret_sauce into element with locator: By.id: password
15:02:27 INFO  [BotLogger] Clicked on element: By.id: login-button
15:02:27 INFO  [BotLogger] Test CasetestValidLogin  passed
15:02:27 INFO  [BotLogger] Browser is opened
15:02:27 INFO  [BotLogger] Browser closed
15:02:28 INFO  [BotLogger] Browser is opened
15:02:29 INFO  [BotLogger] Browser is opened
15:02:29 INFO  [BotLogger] Test CasetestSuccessfulLoginVerifyProductsPage  started
15:02:29 INFO  [BotLogger] Typed text: standard_user into element with locator: By.id: user-name
15:02:29 INFO  [BotLogger] Typed text: secret_sauce into element with locator: By.id: password
15:02:29 INFO  [BotLogger] Clicked on element: By.id: login-button
15:02:29 INFO  [BotLogger] Element displayed status for locator By.className: title: true
15:02:29 INFO  [BotLogger] Test CasetestSuccessfulLoginVerifyProductsPage  passed
15:02:29 INFO  [BotLogger] Browser is opened
15:02:30 INFO  [BotLogger] Browser closed
15:02:30 INFO  [BotLogger] Browser is opened
15:02:32 INFO  [BotLogger] Browser is opened
15:02:32 INFO  [BotLogger] Test CasetestSuccessfulLoginVerifyProductsPage  started
15:02:32 INFO  [BotLogger] Typed text: problem_user into element with locator: By.id: user-name
15:02:32 INFO  [BotLogger] Typed text: secret_sauce into element with locator: By.id: password
15:02:32 INFO  [BotLogger] Clicked on element: By.id: login-button
15:02:32 INFO  [BotLogger] Element displayed status for locator By.className: title: true
15:02:32 INFO  [BotLogger] Test CasetestSuccessfulLoginVerifyProductsPage  passed
15:02:32 INFO  [BotLogger] Browser is opened
15:02:32 INFO  [BotLogger] Browser closed
15:02:33 INFO  [BotLogger] Browser is opened
15:02:34 INFO  [BotLogger] Browser is opened
15:02:34 INFO  [BotLogger] Test CasetestSuccessfulLoginVerifyProductsPage  started
15:02:34 INFO  [BotLogger] Typed text: performance_glitch_user into element with locator: By.id: user-name
15:02:34 INFO  [BotLogger] Typed text: secret_sauce into element with locator: By.id: password
15:02:39 INFO  [BotLogger] Clicked on element: By.id: login-button
15:02:39 INFO  [BotLogger] Element displayed status for locator By.className: title: true
15:02:39 INFO  [BotLogger] Test CasetestSuccessfulLoginVerifyProductsPage  passed
15:02:39 INFO  [BotLogger] Browser is opened
15:02:40 INFO  [BotLogger] Browser closed
