08:26:38 INFO  [BotLogger] Browser is opened
08:26:38 INFO  [BotLogger] Browser is opened
08:26:38 INFO  [BotLogger] Test CaseinvalidEndToEndPurchaseFlow1  started
08:26:38 INFO  [BotLogger] Typed text: standard_user into element with locator: By.id: user-name
08:26:39 INFO  [BotLogger] Typed text: secret_sauce into element with locator: By.id: password
08:26:39 INFO  [BotLogger] Clicked on element: By.id: login-button
08:26:39 INFO  [BotLogger] Clicked on element: By.id: add-to-cart-sauce-labs-backpack
08:26:39 INFO  [BotLogger] Clicked on element: By.id: add-to-cart-sauce-labs-bike-light
08:26:39 INFO  [BotLogger] Clicked on element: By.id: add-to-cart-sauce-labs-bolt-t-shirt
08:26:39 INFO  [BotLogger] Clicked on element: By.id: shopping_cart_container
08:26:39 INFO  [BotLogger] Clicked on element: By.id: checkout
08:26:39 INFO  [BotLogger] Typed text:  into element with locator: By.id: first-name
08:26:39 INFO  [BotLogger] Typed text: Testing into element with locator: By.id: last-name
08:26:39 INFO  [BotLogger] Typed text: 201 into element with locator: By.id: postal-code
08:26:39 INFO  [BotLogger] Clicked on element: By.id: continue
08:26:39 INFO  [BotLogger] Test CaseinvalidEndToEndPurchaseFlow1  passed
08:26:39 INFO  [BotLogger] Browser is opened
08:26:39 INFO  [BotLogger] Browser closed
08:26:40 INFO  [BotLogger] Browser is opened
08:26:41 INFO  [BotLogger] Browser is opened
08:26:41 INFO  [BotLogger] Test CaseinvalidEndToEndPurchaseFlow2  started
08:26:41 INFO  [BotLogger] Typed text: standard_user into element with locator: By.id: user-name
08:26:41 INFO  [BotLogger] Typed text: secret_sauce into element with locator: By.id: password
08:26:41 INFO  [BotLogger] Clicked on element: By.id: login-button
08:26:41 INFO  [BotLogger] Clicked on element: By.id: add-to-cart-sauce-labs-backpack
08:26:41 INFO  [BotLogger] Clicked on element: By.id: add-to-cart-sauce-labs-bike-light
08:26:41 INFO  [BotLogger] Clicked on element: By.id: add-to-cart-sauce-labs-bolt-t-shirt
08:26:41 INFO  [BotLogger] Clicked on element: By.id: shopping_cart_container
08:26:41 INFO  [BotLogger] Clicked on element: By.id: checkout
08:26:41 INFO  [BotLogger] Typed text: NHA into element with locator: By.id: first-name
08:26:41 INFO  [BotLogger] Typed text:  into element with locator: By.id: last-name
08:26:41 INFO  [BotLogger] Typed text: 201 into element with locator: By.id: postal-code
08:26:41 INFO  [BotLogger] Clicked on element: By.id: continue
08:26:41 INFO  [BotLogger] Test CaseinvalidEndToEndPurchaseFlow2  passed
08:26:41 INFO  [BotLogger] Browser is opened
08:26:42 INFO  [BotLogger] Browser closed
08:26:42 INFO  [BotLogger] Browser is opened
08:26:43 INFO  [BotLogger] Browser is opened
08:26:43 INFO  [BotLogger] Test CaseinvalidEndToEndPurchaseFlow3  started
08:26:43 INFO  [BotLogger] Typed text: standard_user into element with locator: By.id: user-name
08:26:43 INFO  [BotLogger] Typed text: secret_sauce into element with locator: By.id: password
08:26:43 INFO  [BotLogger] Clicked on element: By.id: login-button
08:26:43 INFO  [BotLogger] Clicked on element: By.id: add-to-cart-sauce-labs-backpack
08:26:43 INFO  [BotLogger] Clicked on element: By.id: add-to-cart-sauce-labs-bike-light
08:26:43 INFO  [BotLogger] Clicked on element: By.id: add-to-cart-sauce-labs-bolt-t-shirt
08:26:43 INFO  [BotLogger] Clicked on element: By.id: shopping_cart_container
08:26:43 INFO  [BotLogger] Clicked on element: By.id: checkout
08:26:43 INFO  [BotLogger] Typed text: NHA into element with locator: By.id: first-name
08:26:44 INFO  [BotLogger] Typed text: Testing into element with locator: By.id: last-name
08:26:44 INFO  [BotLogger] Typed text:  into element with locator: By.id: postal-code
08:26:44 INFO  [BotLogger] Clicked on element: By.id: continue
08:26:44 INFO  [BotLogger] Test CaseinvalidEndToEndPurchaseFlow3  passed
08:26:44 INFO  [BotLogger] Browser is opened
08:26:44 INFO  [BotLogger] Browser closed
08:26:45 INFO  [BotLogger] Browser is opened
08:26:45 INFO  [BotLogger] Browser is opened
08:26:45 INFO  [BotLogger] Test CaseinvalidEndToEndPurchaseFlow4  started
08:26:45 INFO  [BotLogger] Typed text: standard_user into element with locator: By.id: user-name
08:26:46 INFO  [BotLogger] Typed text: secret_sauce into element with locator: By.id: password
08:26:46 INFO  [BotLogger] Clicked on element: By.id: login-button
08:26:46 INFO  [BotLogger] Clicked on element: By.id: add-to-cart-sauce-labs-backpack
08:26:46 INFO  [BotLogger] Clicked on element: By.id: add-to-cart-sauce-labs-bike-light
08:26:46 INFO  [BotLogger] Clicked on element: By.id: add-to-cart-sauce-labs-bolt-t-shirt
08:26:46 INFO  [BotLogger] Clicked on element: By.id: shopping_cart_container
08:26:46 INFO  [BotLogger] Clicked on element: By.id: checkout
08:26:46 INFO  [BotLogger] Typed text:  into element with locator: By.id: first-name
08:26:46 INFO  [BotLogger] Typed text: Testing into element with locator: By.id: last-name
08:26:46 INFO  [BotLogger] Typed text: 201 into element with locator: By.id: postal-code
08:26:46 INFO  [BotLogger] Clicked on element: By.id: cancel
08:26:46 INFO  [BotLogger] Test CaseinvalidEndToEndPurchaseFlow4  passed
08:26:46 INFO  [BotLogger] Browser is opened
08:26:46 INFO  [BotLogger] Browser closed
08:26:47 INFO  [BotLogger] Browser is opened
08:26:48 INFO  [BotLogger] Browser is opened
08:26:48 INFO  [BotLogger] Test CaseinvalidEndToEndPurchaseFlow5  started
08:26:48 INFO  [BotLogger] Typed text: standard_user into element with locator: By.id: user-name
08:26:48 INFO  [BotLogger] Typed text: secret_sauce into element with locator: By.id: password
08:26:48 INFO  [BotLogger] Clicked on element: By.id: login-button
08:26:48 INFO  [BotLogger] Clicked on element: By.id: add-to-cart-sauce-labs-backpack
08:26:48 INFO  [BotLogger] Clicked on element: By.id: add-to-cart-sauce-labs-bike-light
08:26:48 INFO  [BotLogger] Clicked on element: By.id: add-to-cart-sauce-labs-bolt-t-shirt
08:26:48 INFO  [BotLogger] Clicked on element: By.id: shopping_cart_container
08:26:48 INFO  [BotLogger] Clicked on element: By.id: checkout
08:26:48 INFO  [BotLogger] Typed text:  into element with locator: By.id: first-name
08:26:48 INFO  [BotLogger] Typed text:  into element with locator: By.id: last-name
08:26:48 INFO  [BotLogger] Typed text: 201 into element with locator: By.id: postal-code
08:26:48 INFO  [BotLogger] Clicked on element: By.id: continue
08:26:48 INFO  [BotLogger] Test CaseinvalidEndToEndPurchaseFlow5  passed
08:26:48 INFO  [BotLogger] Browser is opened
08:26:48 INFO  [BotLogger] Browser closed
08:26:49 INFO  [BotLogger] Browser is opened
08:26:50 INFO  [BotLogger] Browser is opened
08:26:50 INFO  [BotLogger] Test CaseinvalidEndToEndPurchaseFlow6  started
08:26:50 INFO  [BotLogger] Typed text: standard_user into element with locator: By.id: user-name
08:26:50 INFO  [BotLogger] Typed text: secret_sauce into element with locator: By.id: password
08:26:50 INFO  [BotLogger] Clicked on element: By.id: login-button
08:26:50 INFO  [BotLogger] Clicked on element: By.id: add-to-cart-sauce-labs-backpack
08:26:50 INFO  [BotLogger] Clicked on element: By.id: add-to-cart-sauce-labs-bike-light
08:26:50 INFO  [BotLogger] Clicked on element: By.id: add-to-cart-sauce-labs-bolt-t-shirt
08:26:50 INFO  [BotLogger] Clicked on element: By.id: shopping_cart_container
08:26:50 INFO  [BotLogger] Clicked on element: By.id: checkout
08:26:51 INFO  [BotLogger] Typed text: NHA into element with locator: By.id: first-name
08:26:51 INFO  [BotLogger] Typed text:  into element with locator: By.id: last-name
08:26:51 INFO  [BotLogger] Typed text: 201 into element with locator: By.id: postal-code
08:26:51 INFO  [BotLogger] Clicked on element: By.id: continue
08:26:51 INFO  [BotLogger] Clicked on element: By.id: cancel
08:26:51 INFO  [BotLogger] Test CaseinvalidEndToEndPurchaseFlow6  passed
08:26:51 INFO  [BotLogger] Browser is opened
08:26:51 INFO  [BotLogger] Browser closed
08:26:52 INFO  [BotLogger] Browser is opened
08:26:52 INFO  [BotLogger] Browser is opened
08:26:52 INFO  [BotLogger] Test CasevalidEndToEndPurchaseFlow1  started
08:26:53 INFO  [BotLogger] Typed text: standard_user into element with locator: By.id: user-name
08:26:53 INFO  [BotLogger] Typed text: secret_sauce into element with locator: By.id: password
08:26:53 INFO  [BotLogger] Clicked on element: By.id: login-button
08:26:53 INFO  [BotLogger] Clicked on element: By.id: add-to-cart-sauce-labs-backpack
08:26:53 INFO  [BotLogger] Clicked on element: By.id: add-to-cart-sauce-labs-bike-light
08:26:53 INFO  [BotLogger] Clicked on element: By.id: add-to-cart-sauce-labs-bolt-t-shirt
08:26:53 INFO  [BotLogger] Clicked on element: By.id: shopping_cart_container
08:26:53 INFO  [BotLogger] Clicked on element: By.id: checkout
08:26:53 INFO  [BotLogger] Typed text: NHA into element with locator: By.id: first-name
08:26:53 INFO  [BotLogger] Typed text: Testing into element with locator: By.id: last-name
08:26:53 INFO  [BotLogger] Typed text: 201 into element with locator: By.id: postal-code
08:26:53 INFO  [BotLogger] Clicked on element: By.id: continue
08:26:53 INFO  [BotLogger] Clicked on element: By.id: finish
08:26:54 INFO  [BotLogger] Test CasevalidEndToEndPurchaseFlow1  passed
08:26:54 INFO  [BotLogger] Browser is opened
08:26:54 INFO  [BotLogger] Browser closed
08:26:55 INFO  [BotLogger] Browser is opened
08:26:55 INFO  [BotLogger] Browser is opened
08:26:55 INFO  [BotLogger] Test CasevalidEndToEndPurchaseFlow2  started
08:26:56 INFO  [BotLogger] Typed text: standard_user into element with locator: By.id: user-name
08:26:56 INFO  [BotLogger] Typed text: secret_sauce into element with locator: By.id: password
08:26:56 INFO  [BotLogger] Clicked on element: By.id: login-button
08:26:56 INFO  [BotLogger] Clicked on element: By.id: add-to-cart-sauce-labs-backpack
08:26:56 INFO  [BotLogger] Clicked on element: By.id: add-to-cart-sauce-labs-bike-light
08:26:56 INFO  [BotLogger] Clicked on element: By.id: add-to-cart-sauce-labs-bolt-t-shirt
08:26:56 INFO  [BotLogger] Clicked on element: By.id: shopping_cart_container
08:26:56 INFO  [BotLogger] Clicked on element: By.id: checkout
08:26:56 INFO  [BotLogger] Typed text: NHA into element with locator: By.id: first-name
08:26:56 INFO  [BotLogger] Typed text: Testing into element with locator: By.id: last-name
08:26:56 INFO  [BotLogger] Typed text: 201 into element with locator: By.id: postal-code
08:26:56 INFO  [BotLogger] Clicked on element: By.id: continue
08:26:56 INFO  [BotLogger] Clicked on element: By.id: finish
08:26:56 INFO  [BotLogger] Clicked on element: By.xpath: //button[text()='Back Home']
08:26:56 INFO  [BotLogger] Test CasevalidEndToEndPurchaseFlow2  passed
08:26:56 INFO  [BotLogger] Browser is opened
08:26:56 INFO  [BotLogger] Browser closed
