08:01:19 INFO  [BotLogger] Browser is opened
08:01:20 INFO  [BotLogger] Browser is opened
08:01:21 INFO  [BotLogger] Test CasevalidEndToEndPurchaseFlow1  started
08:01:21 INFO  [BotLogger] Typed text: standard_user into element with locator: By.id: user-name
08:01:21 INFO  [BotLogger] Typed text: secret_sauce into element with locator: By.id: password
08:01:22 INFO  [BotLogger] Clicked on element: By.id: login-button
08:01:22 INFO  [BotLogger] Clicked on element: By.id: add-to-cart-sauce-labs-backpack
08:01:22 INFO  [BotLogger] Clicked on element: By.id: add-to-cart-sauce-labs-bike-light
08:01:22 INFO  [BotLogger] Clicked on element: By.id: add-to-cart-sauce-labs-bolt-t-shirt
08:01:22 INFO  [BotLogger] Clicked on element: By.id: shopping_cart_container
08:01:22 INFO  [BotLogger] Clicked on element: By.id: checkout
08:01:23 INFO  [BotLogger] Typed text: NHA into element with locator: By.id: first-name
08:01:23 INFO  [BotLogger] Typed text: Testing into element with locator: By.id: last-name
08:01:23 INFO  [BotLogger] Typed text: 201 into element with locator: By.id: postal-code
08:01:23 INFO  [BotLogger] Clicked on element: By.id: continue
08:01:23 INFO  [BotLogger] Clicked on element: By.id: finish
08:01:23 INFO  [BotLogger] TestCase  validEndToEndPurchaseFlow1  failed
08:01:23 INFO  [BotLogger] Browser is opened
08:01:24 INFO  [BotLogger] Screenshot taken: validEndToEndPurchaseFlow1
08:01:24 INFO  [BotLogger] Test CasevalidEndToEndPurchaseFlow1  failed
08:01:24 INFO  [BotLogger] Browser is opened
08:01:24 INFO  [BotLogger] Browser closed
