01:28:57 INFO  [BotLogger] Chrome Browser is selected
01:28:59 INFO  [BotLogger] Browser is opened
01:28:59 INFO  [BotLogger] Test CasetestValidLogin  started
01:29:00 INFO  [BotLogger] Navigated to: https://www.saucedemo.com/
01:29:00 INFO  [BotLogger] Typed text: standard_user into element with locator: By.id: user-name
01:29:00 INFO  [BotLogger] Typed text: secret_sauce into element with locator: By.id: password
01:29:00 INFO  [BotLogger] Clicked on element: By.id: login-button
01:29:00 INFO  [BotLogger] Test CasetestValidLogin  passed
01:29:00 INFO  [BotLogger] Browser is opened
01:29:01 INFO  [BotLogger] Browser closed
01:29:01 INFO  [BotLogger] Chrome Browser is selected
01:29:02 INFO  [BotLogger] Browser is opened
01:29:02 INFO  [BotLogger] Test CasetestValidLogin  started
01:29:03 INFO  [BotLogger] Navigated to: https://www.saucedemo.com/
01:29:03 INFO  [BotLogger] Typed text: problem_user into element with locator: By.id: user-name
01:29:03 INFO  [BotLogger] Typed text: secret_sauce into element with locator: By.id: password
01:29:03 INFO  [BotLogger] Clicked on element: By.id: login-button
01:29:03 INFO  [BotLogger] Test CasetestValidLogin  passed
01:29:03 INFO  [BotLogger] Browser is opened
01:29:03 INFO  [BotLogger] Browser closed
01:29:03 INFO  [BotLogger] Chrome Browser is selected
01:29:04 INFO  [BotLogger] Browser is opened
01:29:04 INFO  [BotLogger] Test CasetestValidLogin  started
01:29:05 INFO  [BotLogger] Navigated to: https://www.saucedemo.com/
01:29:05 INFO  [BotLogger] Typed text: performance_glitch_user into element with locator: By.id: user-name
01:29:06 INFO  [BotLogger] Typed text: secret_sauce into element with locator: By.id: password
01:29:11 INFO  [BotLogger] Clicked on element: By.id: login-button
01:29:11 INFO  [BotLogger] Test CasetestValidLogin  passed
01:29:11 INFO  [BotLogger] Browser is opened
01:29:11 INFO  [BotLogger] Browser closed
