08:08:59 INFO  [BotLogger] Browser is opened
08:09:00 INFO  [BotLogger] Browser is opened
08:09:00 INFO  [BotLogger] Test CasevalidEndToEndPurchaseFlow1  started
08:09:00 INFO  [BotLogger] Typed text: standard_user into element with locator: By.id: user-name
08:09:00 INFO  [BotLogger] Typed text: secret_sauce into element with locator: By.id: password
08:09:00 INFO  [BotLogger] Clicked on element: By.id: login-button
08:09:00 INFO  [BotLogger] Clicked on element: By.id: add-to-cart-sauce-labs-backpack
08:09:00 INFO  [BotLogger] Clicked on element: By.id: add-to-cart-sauce-labs-bike-light
08:09:00 INFO  [BotLogger] Clicked on element: By.id: add-to-cart-sauce-labs-bolt-t-shirt
08:09:01 INFO  [BotLogger] Clicked on element: By.id: shopping_cart_container
08:09:01 INFO  [BotLogger] Clicked on element: By.id: checkout
08:09:01 INFO  [BotLogger] Typed text: NHA into element with locator: By.id: first-name
08:09:01 INFO  [BotLogger] Typed text: Testing into element with locator: By.id: last-name
08:09:01 INFO  [BotLogger] Typed text: 201 into element with locator: By.id: postal-code
08:09:01 INFO  [BotLogger] Clicked on element: By.id: continue
08:09:01 INFO  [BotLogger] Clicked on element: By.id: finish
08:09:01 INFO  [BotLogger] TestCase  validEndToEndPurchaseFlow1  failed
08:09:01 INFO  [BotLogger] Browser is opened
08:09:02 INFO  [BotLogger] Screenshot taken: validEndToEndPurchaseFlow1
08:09:02 INFO  [BotLogger] Test CasevalidEndToEndPurchaseFlow1  failed
08:09:02 INFO  [BotLogger] Browser is opened
08:09:02 INFO  [BotLogger] Browser closed
