07:40:43 INFO  [BotLogger] Browser is opened
07:40:44 INFO  [BotLogger] Browser is opened
07:40:44 INFO  [BotLogger] Test CasetestValidLogin  started
07:40:44 INFO  [BotLogger] Typed text: standard_user into element with locator: By.id: user-name
07:40:44 INFO  [BotLogger] Typed text: secret_sauce into element with locator: By.id: password
07:40:45 INFO  [BotLogger] Clicked on element: By.id: login-button
07:40:45 INFO  [BotLogger] TestCase  testValidLogin  failed
07:40:45 INFO  [BotLogger] Browser is opened
07:40:45 INFO  [BotLogger] Screenshot taken: testValidLogin
07:40:45 INFO  [BotLogger] Test CasetestValidLogin  failed
07:40:45 INFO  [BotLogger] Browser is opened
07:40:45 INFO  [BotLogger] Browser closed
07:40:46 INFO  [BotLogger] Browser is opened
07:40:47 INFO  [BotLogger] Browser is opened
07:40:47 INFO  [BotLogger] Test CasetestValidLogin  started
07:40:47 INFO  [BotLogger] Typed text: problem_user into element with locator: By.id: user-name
07:40:47 INFO  [BotLogger] Typed text: secret_sauce into element with locator: By.id: password
07:40:48 INFO  [BotLogger] Clicked on element: By.id: login-button
07:40:48 INFO  [BotLogger] TestCase  testValidLogin  failed
07:40:48 INFO  [BotLogger] Browser is opened
07:40:48 INFO  [BotLogger] Screenshot taken: testValidLogin
07:40:48 INFO  [BotLogger] Test CasetestValidLogin  failed
07:40:48 INFO  [BotLogger] Browser is opened
07:40:48 INFO  [BotLogger] Browser closed
07:40:49 INFO  [BotLogger] Browser is opened
07:40:50 INFO  [BotLogger] Browser is opened
07:40:50 INFO  [BotLogger] Test CasetestValidLogin  started
07:40:50 INFO  [BotLogger] Typed text: performance_glitch_user into element with locator: By.id: user-name
07:40:50 INFO  [BotLogger] Typed text: secret_sauce into element with locator: By.id: password
07:40:55 INFO  [BotLogger] Clicked on element: By.id: login-button
07:40:55 INFO  [BotLogger] TestCase  testValidLogin  failed
07:40:55 INFO  [BotLogger] Browser is opened
07:40:55 INFO  [BotLogger] Screenshot taken: testValidLogin
07:40:55 INFO  [BotLogger] Test CasetestValidLogin  failed
07:40:55 INFO  [BotLogger] Browser is opened
07:40:55 INFO  [BotLogger] Browser closed
07:40:55 INFO  [BotLogger] Test CasetestSuccessfulLoginVerifyProductsPage  started
07:40:55 INFO  [BotLogger] Test CasetestSuccessfulLoginVerifyProductsPage  skipped
07:40:55 INFO  [BotLogger] Test CasetestInvalidLogin  started
07:40:55 INFO  [BotLogger] Test CasetestInvalidLogin  skipped
07:40:55 INFO  [BotLogger] Test CasetestEmptyFields  started
07:40:56 INFO  [BotLogger] Test CasetestEmptyFields  skipped
07:40:56 INFO  [BotLogger] Test CasetestLockedOutUser  started
07:40:56 INFO  [BotLogger] Test CasetestLockedOutUser  skipped
07:40:56 INFO  [BotLogger] Browser is opened
07:40:57 INFO  [BotLogger] Browser is opened
07:40:57 INFO  [BotLogger] Test CasevalidLoginWithJasonData  started
07:40:57 INFO  [BotLogger] Typed text: standard_user into element with locator: By.id: user-name
07:40:57 INFO  [BotLogger] Typed text: secret_sauce into element with locator: By.id: password
07:40:58 INFO  [BotLogger] Clicked on element: By.id: login-button
07:40:58 INFO  [BotLogger] TestCase  validLoginWithJasonData  failed
07:40:58 INFO  [BotLogger] Browser is opened
07:40:58 INFO  [BotLogger] Screenshot taken: validLoginWithJasonData
07:40:58 INFO  [BotLogger] Test CasevalidLoginWithJasonData  failed
07:40:58 INFO  [BotLogger] Browser is opened
07:40:58 INFO  [BotLogger] Browser closed
