08:14:44 INFO  [BotLogger] Browser is opened
08:14:45 INFO  [BotLogger] Browser is opened
08:14:45 INFO  [BotLogger] Test CaseinvalidEndToEndPurchaseFlow1  started
08:14:45 INFO  [BotLogger] Typed text: standard_user into element with locator: By.id: user-name
08:14:45 INFO  [BotLogger] Typed text: secret_sauce into element with locator: By.id: password
08:14:45 INFO  [BotLogger] Clicked on element: By.id: login-button
08:14:45 INFO  [BotLogger] Clicked on element: By.id: add-to-cart-sauce-labs-backpack
08:14:45 INFO  [BotLogger] Clicked on element: By.id: add-to-cart-sauce-labs-bike-light
08:14:45 INFO  [BotLogger] Clicked on element: By.id: add-to-cart-sauce-labs-bolt-t-shirt
08:14:45 INFO  [BotLogger] Clicked on element: By.id: shopping_cart_container
08:14:46 INFO  [BotLogger] Clicked on element: By.id: checkout
08:14:46 INFO  [BotLogger] Typed text:  into element with locator: By.id: first-name
08:14:46 INFO  [BotLogger] Typed text: Testing into element with locator: By.id: last-name
08:14:46 INFO  [BotLogger] Typed text: 201 into element with locator: By.id: postal-code
08:14:46 INFO  [BotLogger] Clicked on element: By.id: continue
08:14:46 INFO  [BotLogger] Test CaseinvalidEndToEndPurchaseFlow1  passed
08:14:46 INFO  [BotLogger] Browser is opened
08:14:46 INFO  [BotLogger] Browser closed
08:14:47 INFO  [BotLogger] Browser is opened
08:14:47 INFO  [BotLogger] Browser is opened
08:14:47 INFO  [BotLogger] Test CaseinvalidEndToEndPurchaseFlow2  started
08:14:48 INFO  [BotLogger] Typed text: standard_user into element with locator: By.id: user-name
08:14:48 INFO  [BotLogger] Typed text: secret_sauce into element with locator: By.id: password
08:14:48 INFO  [BotLogger] Clicked on element: By.id: login-button
08:14:48 INFO  [BotLogger] Clicked on element: By.id: add-to-cart-sauce-labs-backpack
08:14:48 INFO  [BotLogger] Clicked on element: By.id: add-to-cart-sauce-labs-bike-light
08:14:48 INFO  [BotLogger] Clicked on element: By.id: add-to-cart-sauce-labs-bolt-t-shirt
08:14:48 INFO  [BotLogger] Clicked on element: By.id: shopping_cart_container
08:14:48 INFO  [BotLogger] Clicked on element: By.id: checkout
08:14:48 INFO  [BotLogger] Typed text: NHA into element with locator: By.id: first-name
08:14:48 INFO  [BotLogger] Typed text:  into element with locator: By.id: last-name
08:14:48 INFO  [BotLogger] Typed text: 201 into element with locator: By.id: postal-code
08:14:48 INFO  [BotLogger] Clicked on element: By.id: continue
08:14:48 INFO  [BotLogger] Test CaseinvalidEndToEndPurchaseFlow2  passed
08:14:48 INFO  [BotLogger] Browser is opened
08:14:48 INFO  [BotLogger] Browser closed
08:14:49 INFO  [BotLogger] Browser is opened
08:14:50 INFO  [BotLogger] Browser is opened
08:14:50 INFO  [BotLogger] Test CaseinvalidEndToEndPurchaseFlow3  started
08:14:50 INFO  [BotLogger] Typed text: standard_user into element with locator: By.id: user-name
08:14:50 INFO  [BotLogger] Typed text: secret_sauce into element with locator: By.id: password
08:14:50 INFO  [BotLogger] Clicked on element: By.id: login-button
08:14:50 INFO  [BotLogger] Clicked on element: By.id: add-to-cart-sauce-labs-backpack
08:14:50 INFO  [BotLogger] Clicked on element: By.id: add-to-cart-sauce-labs-bike-light
08:14:50 INFO  [BotLogger] Clicked on element: By.id: add-to-cart-sauce-labs-bolt-t-shirt
08:14:50 INFO  [BotLogger] Clicked on element: By.id: shopping_cart_container
08:14:50 INFO  [BotLogger] Clicked on element: By.id: checkout
08:14:50 INFO  [BotLogger] Typed text: NHA into element with locator: By.id: first-name
08:14:50 INFO  [BotLogger] Typed text: Testing into element with locator: By.id: last-name
08:14:50 INFO  [BotLogger] Typed text:  into element with locator: By.id: postal-code
08:14:50 INFO  [BotLogger] Clicked on element: By.id: continue
08:14:50 INFO  [BotLogger] Test CaseinvalidEndToEndPurchaseFlow3  passed
08:14:50 INFO  [BotLogger] Browser is opened
08:14:51 INFO  [BotLogger] Browser closed
08:14:51 INFO  [BotLogger] Browser is opened
08:14:52 INFO  [BotLogger] Browser is opened
08:14:52 INFO  [BotLogger] Test CaseinvalidEndToEndPurchaseFlow4  started
08:14:52 INFO  [BotLogger] Typed text: standard_user into element with locator: By.id: user-name
08:14:52 INFO  [BotLogger] Typed text: secret_sauce into element with locator: By.id: password
08:14:52 INFO  [BotLogger] Clicked on element: By.id: login-button
08:14:52 INFO  [BotLogger] Clicked on element: By.id: add-to-cart-sauce-labs-backpack
08:14:52 INFO  [BotLogger] Clicked on element: By.id: add-to-cart-sauce-labs-bike-light
08:14:52 INFO  [BotLogger] Clicked on element: By.id: add-to-cart-sauce-labs-bolt-t-shirt
08:14:52 INFO  [BotLogger] Clicked on element: By.id: shopping_cart_container
08:14:52 INFO  [BotLogger] Clicked on element: By.id: checkout
08:14:53 INFO  [BotLogger] Typed text:  into element with locator: By.id: first-name
08:14:53 INFO  [BotLogger] Typed text: Testing into element with locator: By.id: last-name
08:14:53 INFO  [BotLogger] Typed text: 201 into element with locator: By.id: postal-code
08:14:53 INFO  [BotLogger] Clicked on element: By.id: cancel
08:14:53 INFO  [BotLogger] Test CaseinvalidEndToEndPurchaseFlow4  passed
08:14:53 INFO  [BotLogger] Browser is opened
08:14:53 INFO  [BotLogger] Browser closed
08:14:54 INFO  [BotLogger] Browser is opened
08:14:54 INFO  [BotLogger] Browser is opened
08:14:54 INFO  [BotLogger] Test CaseinvalidEndToEndPurchaseFlow5  started
08:14:54 INFO  [BotLogger] Typed text: standard_user into element with locator: By.id: user-name
08:14:55 INFO  [BotLogger] Typed text: secret_sauce into element with locator: By.id: password
08:14:55 INFO  [BotLogger] Clicked on element: By.id: login-button
08:14:55 INFO  [BotLogger] Clicked on element: By.id: add-to-cart-sauce-labs-backpack
08:14:55 INFO  [BotLogger] Clicked on element: By.id: add-to-cart-sauce-labs-bike-light
08:14:55 INFO  [BotLogger] Clicked on element: By.id: add-to-cart-sauce-labs-bolt-t-shirt
08:14:55 INFO  [BotLogger] Clicked on element: By.id: shopping_cart_container
08:14:55 INFO  [BotLogger] Clicked on element: By.id: checkout
08:14:55 INFO  [BotLogger] Typed text:  into element with locator: By.id: first-name
08:14:55 INFO  [BotLogger] Typed text:  into element with locator: By.id: last-name
08:14:55 INFO  [BotLogger] Typed text: 201 into element with locator: By.id: postal-code
08:14:55 INFO  [BotLogger] Clicked on element: By.id: continue
08:14:55 INFO  [BotLogger] Test CaseinvalidEndToEndPurchaseFlow5  passed
08:14:55 INFO  [BotLogger] Browser is opened
08:14:55 INFO  [BotLogger] Browser closed
08:14:56 INFO  [BotLogger] Browser is opened
08:14:57 INFO  [BotLogger] Browser is opened
08:14:57 INFO  [BotLogger] Test CaseinvalidEndToEndPurchaseFlow6  started
08:14:57 INFO  [BotLogger] Typed text: standard_user into element with locator: By.id: user-name
08:14:57 INFO  [BotLogger] Typed text: secret_sauce into element with locator: By.id: password
08:14:57 INFO  [BotLogger] Clicked on element: By.id: login-button
08:14:57 INFO  [BotLogger] Clicked on element: By.id: add-to-cart-sauce-labs-backpack
08:14:57 INFO  [BotLogger] Clicked on element: By.id: add-to-cart-sauce-labs-bike-light
08:14:57 INFO  [BotLogger] Clicked on element: By.id: add-to-cart-sauce-labs-bolt-t-shirt
08:14:57 INFO  [BotLogger] Clicked on element: By.id: shopping_cart_container
08:14:57 INFO  [BotLogger] Clicked on element: By.id: checkout
08:14:57 INFO  [BotLogger] Typed text: NHA into element with locator: By.id: first-name
08:14:57 INFO  [BotLogger] Typed text:  into element with locator: By.id: last-name
08:14:57 INFO  [BotLogger] Typed text: 201 into element with locator: By.id: postal-code
08:14:57 INFO  [BotLogger] Clicked on element: By.id: continue
08:14:57 INFO  [BotLogger] Clicked on element: By.id: cancel
08:14:57 INFO  [BotLogger] Test CaseinvalidEndToEndPurchaseFlow6  passed
08:14:57 INFO  [BotLogger] Browser is opened
08:14:58 INFO  [BotLogger] Browser closed
08:14:58 INFO  [BotLogger] Browser is opened
08:14:59 INFO  [BotLogger] Browser is opened
08:14:59 INFO  [BotLogger] Test CasevalidEndToEndPurchaseFlow1  started
08:14:59 INFO  [BotLogger] Typed text: standard_user into element with locator: By.id: user-name
08:14:59 INFO  [BotLogger] Typed text: secret_sauce into element with locator: By.id: password
08:15:00 INFO  [BotLogger] Clicked on element: By.id: login-button
08:15:00 INFO  [BotLogger] Clicked on element: By.id: add-to-cart-sauce-labs-backpack
08:15:00 INFO  [BotLogger] Clicked on element: By.id: add-to-cart-sauce-labs-bike-light
08:15:00 INFO  [BotLogger] Clicked on element: By.id: add-to-cart-sauce-labs-bolt-t-shirt
08:15:00 INFO  [BotLogger] Clicked on element: By.id: shopping_cart_container
08:15:00 INFO  [BotLogger] Clicked on element: By.id: checkout
08:15:00 INFO  [BotLogger] Typed text: NHA into element with locator: By.id: first-name
08:15:00 INFO  [BotLogger] Typed text: Testing into element with locator: By.id: last-name
08:15:00 INFO  [BotLogger] Typed text: 201 into element with locator: By.id: postal-code
08:15:01 INFO  [BotLogger] Clicked on element: By.id: continue
08:15:01 INFO  [BotLogger] Clicked on element: By.id: finish
08:15:01 INFO  [BotLogger] Test CasevalidEndToEndPurchaseFlow1  passed
08:15:01 INFO  [BotLogger] Browser is opened
08:15:02 INFO  [BotLogger] Browser closed
08:15:02 INFO  [BotLogger] Browser is opened
08:15:04 INFO  [BotLogger] Browser is opened
08:15:04 INFO  [BotLogger] Test CasevalidEndToEndPurchaseFlow2  started
08:15:04 INFO  [BotLogger] Typed text: standard_user into element with locator: By.id: user-name
08:15:05 INFO  [BotLogger] Typed text: secret_sauce into element with locator: By.id: password
08:15:07 INFO  [BotLogger] Clicked on element: By.id: login-button
08:15:07 INFO  [BotLogger] Clicked on element: By.id: add-to-cart-sauce-labs-backpack
08:15:08 INFO  [BotLogger] Clicked on element: By.id: add-to-cart-sauce-labs-bike-light
08:15:08 INFO  [BotLogger] Clicked on element: By.id: add-to-cart-sauce-labs-bolt-t-shirt
08:15:08 INFO  [BotLogger] Clicked on element: By.id: shopping_cart_container
08:15:08 INFO  [BotLogger] Clicked on element: By.id: checkout
08:15:08 INFO  [BotLogger] Typed text: NHA into element with locator: By.id: first-name
08:15:08 INFO  [BotLogger] Typed text: Testing into element with locator: By.id: last-name
08:15:09 INFO  [BotLogger] Typed text: 201 into element with locator: By.id: postal-code
08:15:09 INFO  [BotLogger] Clicked on element: By.id: continue
08:15:09 INFO  [BotLogger] Clicked on element: By.id: finish
08:15:09 INFO  [BotLogger] Clicked on element: By.xpath: //button[text()='Back Home']
08:15:09 INFO  [BotLogger] Test CasevalidEndToEndPurchaseFlow2  passed
08:15:09 INFO  [BotLogger] Browser is opened
08:15:09 INFO  [BotLogger] Browser closed
