14:43:30 INFO  [BotLogger] Browser is opened
14:43:31 INFO  [BotLogger] Browser is opened
14:43:31 INFO  [BotLogger] Test CasevalidEndToEndPurchaseFlow1  started
14:43:31 INFO  [BotLogger] Typed text: standard_user into element with locator: By.id: user-name
14:43:31 INFO  [BotLogger] Typed text: secret_sauce into element with locator: By.id: password
14:43:32 INFO  [BotLogger] Clicked on element: By.id: login-button
14:43:32 INFO  [BotLogger] Clicked on element: By.id: add-to-cart-sauce-labs-backpack
14:43:32 INFO  [BotLogger] Clicked on element: By.id: add-to-cart-sauce-labs-bike-light
14:43:32 INFO  [BotLogger] Clicked on element: By.id: add-to-cart-sauce-labs-bolt-t-shirt
14:43:32 INFO  [BotLogger] Clicked on element: By.id: shopping_cart_container
14:43:32 INFO  [BotLogger] Clicked on element: By.id: checkout
14:43:32 INFO  [BotLogger] Typed text: NHA into element with locator: By.id: first-name
14:43:32 INFO  [BotLogger] Typed text: Testing into element with locator: By.id: last-name
14:43:32 INFO  [BotLogger] Typed text: 201 into element with locator: By.id: postal-code
14:43:32 INFO  [BotLogger] Clicked on element: By.id: continue
14:43:32 INFO  [BotLogger] Clicked on element: By.id: finish
14:43:33 INFO  [BotLogger] Test CasevalidEndToEndPurchaseFlow1  passed
14:43:33 INFO  [BotLogger] Browser is opened
14:43:33 INFO  [BotLogger] Browser closed
14:43:34 INFO  [BotLogger] Browser is opened
14:43:35 INFO  [BotLogger] Browser is opened
14:43:35 INFO  [BotLogger] Test CasevalidEndToEndPurchaseFlow2  started
14:43:35 INFO  [BotLogger] Typed text: standard_user into element with locator: By.id: user-name
14:43:35 INFO  [BotLogger] Typed text: secret_sauce into element with locator: By.id: password
14:43:36 INFO  [BotLogger] Clicked on element: By.id: login-button
14:43:36 INFO  [BotLogger] Clicked on element: By.id: add-to-cart-sauce-labs-backpack
14:43:36 INFO  [BotLogger] Clicked on element: By.id: add-to-cart-sauce-labs-bike-light
14:43:36 INFO  [BotLogger] Clicked on element: By.id: add-to-cart-sauce-labs-bolt-t-shirt
14:43:36 INFO  [BotLogger] Clicked on element: By.id: shopping_cart_container
14:43:36 INFO  [BotLogger] Clicked on element: By.id: checkout
14:43:36 INFO  [BotLogger] Typed text: NHA into element with locator: By.id: first-name
14:43:36 INFO  [BotLogger] Typed text: Testing into element with locator: By.id: last-name
14:43:36 INFO  [BotLogger] Typed text: 201 into element with locator: By.id: postal-code
14:43:36 INFO  [BotLogger] Clicked on element: By.id: continue
14:43:36 INFO  [BotLogger] Clicked on element: By.id: finish
14:43:36 INFO  [BotLogger] Clicked on element: By.xpath: //button[text()='Back Home']
14:43:36 INFO  [BotLogger] Test CasevalidEndToEndPurchaseFlow2  passed
14:43:36 INFO  [BotLogger] Browser is opened
14:43:37 INFO  [BotLogger] Browser closed
