07:42:17 INFO  [BotLogger] Browser is opened
07:42:18 INFO  [BotLogger] Browser is opened
07:42:18 INFO  [BotLogger] Test CasetestValidLogin  started
07:42:19 INFO  [BotLogger] Typed text: standard_user into element with locator: By.id: user-name
07:42:19 INFO  [BotLogger] Typed text: secret_sauce into element with locator: By.id: password
07:42:19 INFO  [BotLogger] Clicked on element: By.id: login-button
07:42:19 INFO  [BotLogger] Test CasetestValidLogin  passed
07:42:19 INFO  [BotLogger] Browser is opened
07:42:19 INFO  [BotLogger] Browser closed
07:42:20 INFO  [BotLogger] Browser is opened
07:42:21 INFO  [BotLogger] Browser is opened
07:42:21 INFO  [BotLogger] Test CasetestValidLogin  started
07:42:21 INFO  [BotLogger] Typed text: problem_user into element with locator: By.id: user-name
07:42:21 INFO  [BotLogger] Typed text: secret_sauce into element with locator: By.id: password
07:42:21 INFO  [BotLogger] Clicked on element: By.id: login-button
07:42:21 INFO  [BotLogger] Test CasetestValidLogin  passed
07:42:21 INFO  [BotLogger] Browser is opened
07:42:21 INFO  [BotLogger] Browser closed
07:42:22 INFO  [BotLogger] Browser is opened
07:42:23 INFO  [BotLogger] Browser is opened
07:42:23 INFO  [BotLogger] Test CasetestValidLogin  started
07:42:23 INFO  [BotLogger] Typed text: performance_glitch_user into element with locator: By.id: user-name
07:42:24 INFO  [BotLogger] Typed text: secret_sauce into element with locator: By.id: password
07:42:29 INFO  [BotLogger] Clicked on element: By.id: login-button
07:42:29 INFO  [BotLogger] Test CasetestValidLogin  passed
07:42:29 INFO  [BotLogger] Browser is opened
07:42:29 INFO  [BotLogger] Browser closed
07:42:30 INFO  [BotLogger] Browser is opened
07:42:31 INFO  [BotLogger] Browser is opened
07:42:31 INFO  [BotLogger] Test CasetestSuccessfulLoginVerifyProductsPage  started
07:42:31 INFO  [BotLogger] Typed text: standard_user into element with locator: By.id: user-name
07:42:31 INFO  [BotLogger] Typed text: secret_sauce into element with locator: By.id: password
07:42:31 INFO  [BotLogger] Clicked on element: By.id: login-button
07:42:31 INFO  [BotLogger] Element displayed status for locator By.className: title: true
07:42:31 INFO  [BotLogger] Test CasetestSuccessfulLoginVerifyProductsPage  passed
07:42:31 INFO  [BotLogger] Browser is opened
07:42:31 INFO  [BotLogger] Browser closed
07:42:32 INFO  [BotLogger] Browser is opened
07:42:33 INFO  [BotLogger] Browser is opened
07:42:33 INFO  [BotLogger] Test CasetestSuccessfulLoginVerifyProductsPage  started
07:42:33 INFO  [BotLogger] Typed text: problem_user into element with locator: By.id: user-name
07:42:33 INFO  [BotLogger] Typed text: secret_sauce into element with locator: By.id: password
07:42:33 INFO  [BotLogger] Clicked on element: By.id: login-button
07:42:33 INFO  [BotLogger] Element displayed status for locator By.className: title: true
07:42:33 INFO  [BotLogger] Test CasetestSuccessfulLoginVerifyProductsPage  passed
07:42:33 INFO  [BotLogger] Browser is opened
07:42:34 INFO  [BotLogger] Browser closed
07:42:34 INFO  [BotLogger] Browser is opened
07:42:35 INFO  [BotLogger] Browser is opened
07:42:35 INFO  [BotLogger] Test CasetestSuccessfulLoginVerifyProductsPage  started
07:42:35 INFO  [BotLogger] Typed text: performance_glitch_user into element with locator: By.id: user-name
07:42:36 INFO  [BotLogger] Typed text: secret_sauce into element with locator: By.id: password
07:42:41 INFO  [BotLogger] Clicked on element: By.id: login-button
07:42:41 INFO  [BotLogger] Element displayed status for locator By.className: title: true
07:42:41 INFO  [BotLogger] Test CasetestSuccessfulLoginVerifyProductsPage  passed
07:42:41 INFO  [BotLogger] Browser is opened
07:42:41 INFO  [BotLogger] Browser closed
07:42:42 INFO  [BotLogger] Browser is opened
07:42:43 INFO  [BotLogger] Browser is opened
07:42:43 INFO  [BotLogger] Test CasetestInvalidLogin  started
07:42:43 INFO  [BotLogger] Typed text: invalid_user into element with locator: By.id: user-name
07:42:43 INFO  [BotLogger] Typed text: secret_sauce into element with locator: By.id: password
07:42:43 INFO  [BotLogger] Clicked on element: By.id: login-button
07:42:43 INFO  [BotLogger] Test CasetestInvalidLogin  passed
07:42:43 INFO  [BotLogger] Browser is opened
07:42:43 INFO  [BotLogger] Browser closed
07:42:44 INFO  [BotLogger] Browser is opened
07:42:45 INFO  [BotLogger] Browser is opened
07:42:45 INFO  [BotLogger] Test CasetestInvalidLogin  started
07:42:45 INFO  [BotLogger] Typed text: wrong_user into element with locator: By.id: user-name
07:42:45 INFO  [BotLogger] Typed text: wrong_password into element with locator: By.id: password
07:42:46 INFO  [BotLogger] Clicked on element: By.id: login-button
07:42:46 INFO  [BotLogger] Test CasetestInvalidLogin  passed
07:42:46 INFO  [BotLogger] Browser is opened
07:42:46 INFO  [BotLogger] Browser closed
07:42:47 INFO  [BotLogger] Browser is opened
07:42:48 INFO  [BotLogger] Browser is opened
07:42:48 INFO  [BotLogger] Test CasetestInvalidLogin  started
07:42:48 INFO  [BotLogger] Typed text: fake_user into element with locator: By.id: user-name
07:42:48 INFO  [BotLogger] Typed text: fake_pass into element with locator: By.id: password
07:42:48 INFO  [BotLogger] Clicked on element: By.id: login-button
07:42:48 INFO  [BotLogger] Test CasetestInvalidLogin  passed
07:42:48 INFO  [BotLogger] Browser is opened
07:42:49 INFO  [BotLogger] Browser closed
07:42:50 INFO  [BotLogger] Browser is opened
07:42:51 INFO  [BotLogger] Browser is opened
07:42:51 INFO  [BotLogger] Test CasetestEmptyFields  started
07:42:51 INFO  [BotLogger] Typed text:  into element with locator: By.id: user-name
07:42:51 INFO  [BotLogger] Typed text: secret_sauce into element with locator: By.id: password
07:42:51 INFO  [BotLogger] Clicked on element: By.id: login-button
07:42:51 INFO  [BotLogger] Test CasetestEmptyFields  passed
07:42:51 INFO  [BotLogger] Browser is opened
07:42:51 INFO  [BotLogger] Browser closed
07:42:52 INFO  [BotLogger] Browser is opened
07:42:53 INFO  [BotLogger] Browser is opened
07:42:53 INFO  [BotLogger] Test CasetestEmptyFields  started
07:42:53 INFO  [BotLogger] Typed text: standard_user into element with locator: By.id: user-name
07:42:53 INFO  [BotLogger] Typed text:  into element with locator: By.id: password
07:42:53 INFO  [BotLogger] Clicked on element: By.id: login-button
07:42:54 INFO  [BotLogger] Test CasetestEmptyFields  passed
07:42:54 INFO  [BotLogger] Browser is opened
07:42:54 INFO  [BotLogger] Browser closed
07:42:55 INFO  [BotLogger] Browser is opened
07:42:56 INFO  [BotLogger] Browser is opened
07:42:56 INFO  [BotLogger] Test CasetestEmptyFields  started
07:42:56 INFO  [BotLogger] Typed text:  into element with locator: By.id: user-name
07:42:56 INFO  [BotLogger] Typed text:  into element with locator: By.id: password
07:42:56 INFO  [BotLogger] Clicked on element: By.id: login-button
07:42:56 INFO  [BotLogger] Test CasetestEmptyFields  passed
07:42:56 INFO  [BotLogger] Browser is opened
07:42:57 INFO  [BotLogger] Browser closed
07:42:57 INFO  [BotLogger] Browser is opened
07:42:58 INFO  [BotLogger] Browser is opened
07:42:58 INFO  [BotLogger] Test CasetestLockedOutUser  started
07:42:58 INFO  [BotLogger] Typed text: locked_out_user into element with locator: By.id: user-name
07:42:58 INFO  [BotLogger] Typed text: secret_sauce into element with locator: By.id: password
07:42:59 INFO  [BotLogger] Clicked on element: By.id: login-button
07:42:59 INFO  [BotLogger] Test CasetestLockedOutUser  passed
07:42:59 INFO  [BotLogger] Browser is opened
07:42:59 INFO  [BotLogger] Browser closed
07:43:00 INFO  [BotLogger] Browser is opened
07:43:01 INFO  [BotLogger] Browser is opened
07:43:01 INFO  [BotLogger] Test CasevalidLoginWithJasonData  started
07:43:01 INFO  [BotLogger] Typed text: standard_user into element with locator: By.id: user-name
07:43:01 INFO  [BotLogger] Typed text: secret_sauce into element with locator: By.id: password
07:43:01 INFO  [BotLogger] Clicked on element: By.id: login-button
07:43:01 INFO  [BotLogger] Test CasevalidLoginWithJasonData  passed
07:43:01 INFO  [BotLogger] Browser is opened
07:43:02 INFO  [BotLogger] Browser closed
