09:33:27 INFO  [BotLogger] Browser is opened
09:33:28 INFO  [BotLogger] Browser is opened
09:33:28 INFO  [BotLogger] Test CasetestValidLogin  started
09:33:29 INFO  [BotLogger] Typed text: standard_user into element with locator: By.id: user-name
09:33:29 INFO  [BotLogger] Typed text: secret_sauce into element with locator: By.id: password
09:33:29 INFO  [BotLogger] Clicked on element: By.id: login-button
09:33:29 INFO  [BotLogger] Test CasetestValidLogin  passed
09:33:29 INFO  [BotLogger] Browser is opened
09:33:29 INFO  [BotLogger] Browser closed
09:33:30 INFO  [BotLogger] Browser is opened
09:33:30 INFO  [BotLogger] Browser is opened
09:33:30 INFO  [BotLogger] Test CasetestValidLogin  started
09:33:31 INFO  [BotLogger] Typed text: problem_user into element with locator: By.id: user-name
09:33:31 INFO  [BotLogger] Typed text: secret_sauce into element with locator: By.id: password
09:33:32 INFO  [BotLogger] Clicked on element: By.id: login-button
09:33:32 INFO  [BotLogger] Test CasetestValidLogin  passed
09:33:32 INFO  [BotLogger] Browser is opened
09:33:32 INFO  [BotLogger] Browser closed
09:33:33 INFO  [BotLogger] Browser is opened
09:33:34 INFO  [BotLogger] Browser is opened
09:33:34 INFO  [BotLogger] Test CasetestValidLogin  started
09:33:34 INFO  [BotLogger] Typed text: performance_glitch_user into element with locator: By.id: user-name
09:33:34 INFO  [BotLogger] Typed text: secret_sauce into element with locator: By.id: password
09:33:39 INFO  [BotLogger] Clicked on element: By.id: login-button
09:33:39 INFO  [BotLogger] Test CasetestValidLogin  passed
09:33:39 INFO  [BotLogger] Browser is opened
09:33:40 INFO  [BotLogger] Browser closed
09:33:40 INFO  [BotLogger] Browser is opened
09:33:41 INFO  [BotLogger] Browser is opened
09:33:41 INFO  [BotLogger] Test CasetestSuccessfulLoginVerifyProductsPage  started
09:33:41 INFO  [BotLogger] Typed text: standard_user into element with locator: By.id: user-name
09:33:42 INFO  [BotLogger] Typed text: secret_sauce into element with locator: By.id: password
09:33:42 INFO  [BotLogger] Clicked on element: By.id: login-button
09:33:42 INFO  [BotLogger] Element displayed status for locator By.className: title: true
09:33:42 INFO  [BotLogger] Test CasetestSuccessfulLoginVerifyProductsPage  passed
09:33:42 INFO  [BotLogger] Browser is opened
09:33:42 INFO  [BotLogger] Browser closed
09:33:43 INFO  [BotLogger] Browser is opened
09:33:44 INFO  [BotLogger] Browser is opened
09:33:44 INFO  [BotLogger] Test CasetestSuccessfulLoginVerifyProductsPage  started
09:33:44 INFO  [BotLogger] Typed text: problem_user into element with locator: By.id: user-name
09:33:44 INFO  [BotLogger] Typed text: secret_sauce into element with locator: By.id: password
09:33:44 INFO  [BotLogger] Clicked on element: By.id: login-button
09:33:44 INFO  [BotLogger] Element displayed status for locator By.className: title: true
09:33:44 INFO  [BotLogger] Test CasetestSuccessfulLoginVerifyProductsPage  passed
09:33:45 INFO  [BotLogger] Browser is opened
09:33:45 INFO  [BotLogger] Browser closed
09:33:46 INFO  [BotLogger] Browser is opened
09:33:47 INFO  [BotLogger] Browser is opened
09:33:47 INFO  [BotLogger] Test CasetestSuccessfulLoginVerifyProductsPage  started
09:33:47 INFO  [BotLogger] Typed text: performance_glitch_user into element with locator: By.id: user-name
09:33:47 INFO  [BotLogger] Typed text: secret_sauce into element with locator: By.id: password
09:33:52 INFO  [BotLogger] Clicked on element: By.id: login-button
09:33:52 INFO  [BotLogger] Element displayed status for locator By.className: title: true
09:33:52 INFO  [BotLogger] Test CasetestSuccessfulLoginVerifyProductsPage  passed
09:33:52 INFO  [BotLogger] Browser is opened
09:33:52 INFO  [BotLogger] Browser closed
09:33:53 INFO  [BotLogger] Browser is opened
09:33:55 INFO  [BotLogger] Browser is opened
09:33:55 INFO  [BotLogger] Test CasetestInvalidLogin  started
09:33:55 INFO  [BotLogger] Typed text: invalid_user into element with locator: By.id: user-name
09:33:55 INFO  [BotLogger] Typed text: secret_sauce into element with locator: By.id: password
09:33:55 INFO  [BotLogger] Clicked on element: By.id: login-button
09:33:56 INFO  [BotLogger] Test CasetestInvalidLogin  passed
09:33:56 INFO  [BotLogger] Browser is opened
09:33:56 INFO  [BotLogger] Browser closed
09:33:57 INFO  [BotLogger] Browser is opened
09:33:58 INFO  [BotLogger] Browser is opened
09:33:58 INFO  [BotLogger] Test CasetestInvalidLogin  started
09:33:59 INFO  [BotLogger] Typed text: wrong_user into element with locator: By.id: user-name
09:33:59 INFO  [BotLogger] Typed text: wrong_password into element with locator: By.id: password
09:34:00 INFO  [BotLogger] Clicked on element: By.id: login-button
09:34:00 INFO  [BotLogger] Test CasetestInvalidLogin  passed
09:34:00 INFO  [BotLogger] Browser is opened
09:34:00 INFO  [BotLogger] Browser closed
09:34:01 INFO  [BotLogger] Browser is opened
09:34:02 INFO  [BotLogger] Browser is opened
09:34:02 INFO  [BotLogger] Test CasetestInvalidLogin  started
09:34:03 INFO  [BotLogger] Typed text: fake_user into element with locator: By.id: user-name
09:34:03 INFO  [BotLogger] Typed text: fake_pass into element with locator: By.id: password
09:34:03 INFO  [BotLogger] Clicked on element: By.id: login-button
09:34:03 INFO  [BotLogger] Test CasetestInvalidLogin  passed
09:34:03 INFO  [BotLogger] Browser is opened
09:34:03 INFO  [BotLogger] Browser closed
09:34:04 INFO  [BotLogger] Browser is opened
09:34:06 INFO  [BotLogger] Browser is opened
09:34:06 INFO  [BotLogger] Test CasetestEmptyFields  started
09:34:06 INFO  [BotLogger] Typed text:  into element with locator: By.id: user-name
09:34:06 INFO  [BotLogger] Typed text: secret_sauce into element with locator: By.id: password
09:34:06 INFO  [BotLogger] Clicked on element: By.id: login-button
09:34:06 INFO  [BotLogger] Test CasetestEmptyFields  passed
09:34:06 INFO  [BotLogger] Browser is opened
09:34:07 INFO  [BotLogger] Browser closed
09:34:07 INFO  [BotLogger] Browser is opened
09:34:08 INFO  [BotLogger] Browser is opened
09:34:08 INFO  [BotLogger] Test CasetestEmptyFields  started
09:34:09 INFO  [BotLogger] Typed text: standard_user into element with locator: By.id: user-name
09:34:09 INFO  [BotLogger] Typed text:  into element with locator: By.id: password
09:34:09 INFO  [BotLogger] Clicked on element: By.id: login-button
09:34:09 INFO  [BotLogger] Test CasetestEmptyFields  passed
09:34:09 INFO  [BotLogger] Browser is opened
09:34:09 INFO  [BotLogger] Browser closed
09:34:10 INFO  [BotLogger] Browser is opened
09:34:11 INFO  [BotLogger] Browser is opened
09:34:11 INFO  [BotLogger] Test CasetestEmptyFields  started
09:34:11 INFO  [BotLogger] Typed text:  into element with locator: By.id: user-name
09:34:11 INFO  [BotLogger] Typed text:  into element with locator: By.id: password
09:34:11 INFO  [BotLogger] Clicked on element: By.id: login-button
09:34:12 INFO  [BotLogger] Test CasetestEmptyFields  passed
09:34:12 INFO  [BotLogger] Browser is opened
09:34:12 INFO  [BotLogger] Browser closed
09:34:13 INFO  [BotLogger] Browser is opened
09:34:14 INFO  [BotLogger] Browser is opened
09:34:14 INFO  [BotLogger] Test CasetestLockedOutUser  started
09:34:14 INFO  [BotLogger] Typed text: locked_out_user into element with locator: By.id: user-name
09:34:14 INFO  [BotLogger] Typed text: secret_sauce into element with locator: By.id: password
09:34:14 INFO  [BotLogger] Clicked on element: By.id: login-button
09:34:14 INFO  [BotLogger] Test CasetestLockedOutUser  passed
09:34:14 INFO  [BotLogger] Browser is opened
09:34:15 INFO  [BotLogger] Browser closed
09:34:16 INFO  [BotLogger] Browser is opened
09:34:16 INFO  [BotLogger] Browser is opened
09:34:16 INFO  [BotLogger] Test CasevalidLoginWithJasonData  started
09:34:17 INFO  [BotLogger] Typed text: standard_user into element with locator: By.id: user-name
09:34:17 INFO  [BotLogger] Typed text: secret_sauce into element with locator: By.id: password
09:34:17 INFO  [BotLogger] Clicked on element: By.id: login-button
09:34:17 INFO  [BotLogger] Test CasevalidLoginWithJasonData  passed
09:34:17 INFO  [BotLogger] Browser is opened
09:34:17 INFO  [BotLogger] Browser closed
