08:06:50 INFO  [BotLogger] Browser is opened
08:06:51 INFO  [BotLogger] Browser is opened
08:06:52 INFO  [BotLogger] Test CasevalidEndToEndPurchaseFlow1  started
08:06:52 INFO  [BotLogger] Typed text: standard_user into element with locator: By.id: user-name
08:06:52 INFO  [BotLogger] Typed text: secret_sauce into element with locator: By.id: password
08:06:52 INFO  [BotLogger] Clicked on element: By.id: login-button
08:06:52 INFO  [BotLogger] Clicked on element: By.id: add-to-cart-sauce-labs-backpack
08:06:52 INFO  [BotLogger] Clicked on element: By.id: add-to-cart-sauce-labs-bike-light
08:06:52 INFO  [BotLogger] Clicked on element: By.id: add-to-cart-sauce-labs-bolt-t-shirt
08:06:52 INFO  [BotLogger] Clicked on element: By.id: shopping_cart_container
08:06:52 INFO  [BotLogger] Clicked on element: By.id: checkout
08:06:52 INFO  [BotLogger] Typed text: NHA into element with locator: By.id: first-name
08:06:52 INFO  [BotLogger] Typed text: Testing into element with locator: By.id: last-name
08:06:52 INFO  [BotLogger] Typed text: 201 into element with locator: By.id: postal-code
08:06:53 INFO  [BotLogger] Clicked on element: By.id: continue
08:06:53 INFO  [BotLogger] Clicked on element: By.id: finish
08:06:53 INFO  [BotLogger] Clicked on element: By.xpath: //button[text()='Back Home']
08:06:53 INFO  [BotLogger] Test CasevalidEndToEndPurchaseFlow1  passed
08:06:53 INFO  [BotLogger] Browser is opened
08:06:53 INFO  [BotLogger] Browser closed
