20:52:39 INFO  [BotLogger] Browser is opened
20:52:40 INFO  [BotLogger] Browser is opened
20:52:40 INFO  [BotLogger] Typed text: standard_user into element with locator: By.id: user-name
20:52:40 INFO  [BotLogger] Typed text: secret_sauce into element with locator: By.id: password
20:52:41 INFO  [BotLogger] Clicked on: By.id: login-button
20:52:41 INFO  [BotLogger] Clicked on: By.id: add-to-cart-sauce-labs-backpack
20:52:41 INFO  [BotLogger] Clicked on: By.id: shopping_cart_container
20:52:41 INFO  [BotLogger] Clicked on: By.id: checkout
20:52:41 INFO  [BotLogger] Test CasetestCheckoutWithEmptyFirstName  started
20:52:41 INFO  [BotLogger] Typed text:  into element with locator: By.id: first-name
20:52:41 INFO  [BotLogger] Typed text: Project into element with locator: By.id: last-name
20:52:41 INFO  [BotLogger] Typed text: 201 into element with locator: By.id: postal-code
20:52:41 INFO  [BotLogger] Clicked on: By.id: continue
20:52:41 INFO  [BotLogger] Test CasetestCheckoutWithEmptyFirstName  passed
20:52:41 INFO  [BotLogger] Browser is opened
20:52:41 INFO  [BotLogger] Browser closed
20:52:42 INFO  [BotLogger] Browser is opened
20:52:46 INFO  [BotLogger] Browser is opened
20:52:46 INFO  [BotLogger] Typed text: standard_user into element with locator: By.id: user-name
20:52:46 INFO  [BotLogger] Typed text: secret_sauce into element with locator: By.id: password
20:52:46 INFO  [BotLogger] Clicked on: By.id: login-button
20:52:46 INFO  [BotLogger] Clicked on: By.id: add-to-cart-sauce-labs-backpack
20:52:46 INFO  [BotLogger] Clicked on: By.id: shopping_cart_container
20:52:46 INFO  [BotLogger] Clicked on: By.id: checkout
20:52:46 INFO  [BotLogger] Test CasetestCheckoutWithEmptyZip  started
20:52:46 INFO  [BotLogger] Typed text: Group into element with locator: By.id: first-name
20:52:46 INFO  [BotLogger] Typed text: Project into element with locator: By.id: last-name
20:52:46 INFO  [BotLogger] Typed text:  into element with locator: By.id: postal-code
20:52:47 INFO  [BotLogger] Clicked on: By.id: continue
20:52:47 INFO  [BotLogger] Test CasetestCheckoutWithEmptyZip  passed
20:52:47 INFO  [BotLogger] Browser is opened
20:52:47 INFO  [BotLogger] Browser closed
20:52:48 INFO  [BotLogger] Browser is opened
20:52:49 INFO  [BotLogger] Browser is opened
20:52:49 INFO  [BotLogger] Typed text: standard_user into element with locator: By.id: user-name
20:52:49 INFO  [BotLogger] Typed text: secret_sauce into element with locator: By.id: password
20:52:49 INFO  [BotLogger] Clicked on: By.id: login-button
20:52:49 INFO  [BotLogger] Clicked on: By.id: add-to-cart-sauce-labs-backpack
20:52:49 INFO  [BotLogger] Clicked on: By.id: shopping_cart_container
20:52:49 INFO  [BotLogger] Clicked on: By.id: checkout
20:52:49 INFO  [BotLogger] Test CasetestCheckoutWithValidData  started
20:52:49 INFO  [BotLogger] Typed text: Group into element with locator: By.id: first-name
20:52:49 INFO  [BotLogger] Typed text: Project into element with locator: By.id: last-name
20:52:49 INFO  [BotLogger] Typed text: 201 into element with locator: By.id: postal-code
20:52:49 INFO  [BotLogger] Clicked on: By.id: continue
20:52:49 INFO  [BotLogger] Test CasetestCheckoutWithValidData  passed
20:52:49 INFO  [BotLogger] Browser is opened
20:52:50 INFO  [BotLogger] Browser closed
