08:19:18 INFO  [BotLogger] Browser is opened
08:19:19 INFO  [BotLogger] Browser is opened
08:19:19 INFO  [BotLogger] Typed text: standard_user into element with locator: By.id: user-name
08:19:19 INFO  [BotLogger] Typed text: secret_sauce into element with locator: By.id: password
08:19:19 INFO  [BotLogger] Clicked on element: By.id: login-button
08:19:19 INFO  [BotLogger] Clicked on element: By.id: add-to-cart-sauce-labs-backpack
08:19:19 INFO  [BotLogger] Clicked on element: By.id: shopping_cart_container
08:19:19 INFO  [BotLogger] Clicked on element: By.id: checkout
08:19:19 INFO  [BotLogger] Test CasetestCheckoutWithEmptyFirstName  started
08:19:19 INFO  [BotLogger] Typed text:  into element with locator: By.id: first-name
08:19:19 INFO  [BotLogger] Typed text: Project into element with locator: By.id: last-name
08:19:19 INFO  [BotLogger] Typed text: 201 into element with locator: By.id: postal-code
08:19:20 INFO  [BotLogger] Clicked on element: By.id: continue
08:19:20 INFO  [BotLogger] Test CasetestCheckoutWithEmptyFirstName  passed
08:19:20 INFO  [BotLogger] Browser is opened
08:19:20 INFO  [BotLogger] Browser closed
08:19:20 INFO  [BotLogger] Browser is opened
08:19:21 INFO  [BotLogger] Browser is opened
08:19:21 INFO  [BotLogger] Typed text: standard_user into element with locator: By.id: user-name
08:19:21 INFO  [BotLogger] Typed text: secret_sauce into element with locator: By.id: password
08:19:21 INFO  [BotLogger] Clicked on element: By.id: login-button
08:19:22 INFO  [BotLogger] Clicked on element: By.id: add-to-cart-sauce-labs-backpack
08:19:22 INFO  [BotLogger] Clicked on element: By.id: shopping_cart_container
08:19:22 INFO  [BotLogger] Clicked on element: By.id: checkout
08:19:22 INFO  [BotLogger] Test CasetestCheckoutWithEmptyZip  started
08:19:22 INFO  [BotLogger] Typed text: Group into element with locator: By.id: first-name
08:19:22 INFO  [BotLogger] Typed text: Project into element with locator: By.id: last-name
08:19:22 INFO  [BotLogger] Typed text:  into element with locator: By.id: postal-code
08:19:22 INFO  [BotLogger] Clicked on element: By.id: continue
08:19:22 INFO  [BotLogger] Test CasetestCheckoutWithEmptyZip  passed
08:19:22 INFO  [BotLogger] Browser is opened
08:19:22 INFO  [BotLogger] Browser closed
08:19:23 INFO  [BotLogger] Browser is opened
08:19:23 INFO  [BotLogger] Browser is opened
08:19:24 INFO  [BotLogger] Typed text: standard_user into element with locator: By.id: user-name
08:19:24 INFO  [BotLogger] Typed text: secret_sauce into element with locator: By.id: password
08:19:24 INFO  [BotLogger] Clicked on element: By.id: login-button
08:19:24 INFO  [BotLogger] Clicked on element: By.id: add-to-cart-sauce-labs-backpack
08:19:24 INFO  [BotLogger] Clicked on element: By.id: shopping_cart_container
08:19:24 INFO  [BotLogger] Clicked on element: By.id: checkout
08:19:24 INFO  [BotLogger] Test CasetestCheckoutWithValidData  started
08:19:24 INFO  [BotLogger] Typed text: Group into element with locator: By.id: first-name
08:19:24 INFO  [BotLogger] Typed text: Project into element with locator: By.id: last-name
08:19:24 INFO  [BotLogger] Typed text: 201 into element with locator: By.id: postal-code
08:19:24 INFO  [BotLogger] Clicked on element: By.id: continue
08:19:24 INFO  [BotLogger] Test CasetestCheckoutWithValidData  passed
08:19:24 INFO  [BotLogger] Browser is opened
08:19:24 INFO  [BotLogger] Browser closed
