14:37:55 INFO  [BotLogger] Browser is opened
14:37:56 INFO  [BotLogger] Browser is opened
14:37:56 INFO  [BotLogger] Test CaseinvalidEndToEndPurchaseFlow1  started
14:37:56 INFO  [BotLogger] Typed text: standard_user into element with locator: By.id: user-name
14:37:56 INFO  [BotLogger] Typed text: secret_sauce into element with locator: By.id: password
14:37:56 INFO  [BotLogger] Clicked on element: By.id: login-button
14:37:57 INFO  [BotLogger] Clicked on element: By.id: add-to-cart-sauce-labs-backpack
14:37:57 INFO  [BotLogger] Clicked on element: By.id: add-to-cart-sauce-labs-bike-light
14:37:57 INFO  [BotLogger] Clicked on element: By.id: add-to-cart-sauce-labs-bolt-t-shirt
14:37:57 INFO  [BotLogger] Clicked on element: By.id: shopping_cart_container
14:37:58 INFO  [BotLogger] Clicked on element: By.id: checkout
14:37:58 INFO  [BotLogger] Typed text:  into element with locator: By.id: first-name
14:37:58 INFO  [BotLogger] Typed text: Testing into element with locator: By.id: last-name
14:37:58 INFO  [BotLogger] Typed text: 201 into element with locator: By.id: postal-code
14:37:58 INFO  [BotLogger] Clicked on element: By.id: continue
14:37:58 INFO  [BotLogger] Test CaseinvalidEndToEndPurchaseFlow1  passed
14:37:58 INFO  [BotLogger] Browser is opened
14:37:58 INFO  [BotLogger] Browser closed
14:37:59 INFO  [BotLogger] Browser is opened
14:38:00 INFO  [BotLogger] Browser is opened
14:38:00 INFO  [BotLogger] Test CaseinvalidEndToEndPurchaseFlow2  started
14:38:00 INFO  [BotLogger] Typed text: standard_user into element with locator: By.id: user-name
14:38:00 INFO  [BotLogger] Typed text: secret_sauce into element with locator: By.id: password
14:38:00 INFO  [BotLogger] Clicked on element: By.id: login-button
14:38:01 INFO  [BotLogger] Clicked on element: By.id: add-to-cart-sauce-labs-backpack
14:38:01 INFO  [BotLogger] Clicked on element: By.id: add-to-cart-sauce-labs-bike-light
14:38:01 INFO  [BotLogger] Clicked on element: By.id: add-to-cart-sauce-labs-bolt-t-shirt
14:38:01 INFO  [BotLogger] Clicked on element: By.id: shopping_cart_container
14:38:01 INFO  [BotLogger] Clicked on element: By.id: checkout
14:38:01 INFO  [BotLogger] Typed text: NHA into element with locator: By.id: first-name
14:38:01 INFO  [BotLogger] Typed text:  into element with locator: By.id: last-name
14:38:01 INFO  [BotLogger] Typed text: 201 into element with locator: By.id: postal-code
14:38:01 INFO  [BotLogger] Clicked on element: By.id: continue
14:38:01 INFO  [BotLogger] Test CaseinvalidEndToEndPurchaseFlow2  passed
14:38:01 INFO  [BotLogger] Browser is opened
14:38:01 INFO  [BotLogger] Browser closed
14:38:02 INFO  [BotLogger] Browser is opened
14:38:03 INFO  [BotLogger] Browser is opened
14:38:03 INFO  [BotLogger] Test CaseinvalidEndToEndPurchaseFlow3  started
14:38:03 INFO  [BotLogger] Typed text: standard_user into element with locator: By.id: user-name
14:38:04 INFO  [BotLogger] Typed text: secret_sauce into element with locator: By.id: password
14:38:04 INFO  [BotLogger] Clicked on element: By.id: login-button
14:38:04 INFO  [BotLogger] Clicked on element: By.id: add-to-cart-sauce-labs-backpack
14:38:04 INFO  [BotLogger] Clicked on element: By.id: add-to-cart-sauce-labs-bike-light
14:38:04 INFO  [BotLogger] Clicked on element: By.id: add-to-cart-sauce-labs-bolt-t-shirt
14:38:04 INFO  [BotLogger] Clicked on element: By.id: shopping_cart_container
14:38:04 INFO  [BotLogger] Clicked on element: By.id: checkout
14:38:04 INFO  [BotLogger] Typed text: NHA into element with locator: By.id: first-name
14:38:04 INFO  [BotLogger] Typed text: Testing into element with locator: By.id: last-name
14:38:04 INFO  [BotLogger] Typed text:  into element with locator: By.id: postal-code
14:38:04 INFO  [BotLogger] Clicked on element: By.id: continue
14:38:04 INFO  [BotLogger] Test CaseinvalidEndToEndPurchaseFlow3  passed
14:38:04 INFO  [BotLogger] Browser is opened
14:38:05 INFO  [BotLogger] Browser closed
14:38:05 INFO  [BotLogger] Browser is opened
14:38:07 INFO  [BotLogger] Browser is opened
14:38:07 INFO  [BotLogger] Test CaseinvalidEndToEndPurchaseFlow4  started
14:38:07 INFO  [BotLogger] Typed text: standard_user into element with locator: By.id: user-name
14:38:07 INFO  [BotLogger] Typed text: secret_sauce into element with locator: By.id: password
14:38:07 INFO  [BotLogger] Clicked on element: By.id: login-button
14:38:07 INFO  [BotLogger] Clicked on element: By.id: add-to-cart-sauce-labs-backpack
14:38:07 INFO  [BotLogger] Clicked on element: By.id: add-to-cart-sauce-labs-bike-light
14:38:07 INFO  [BotLogger] Clicked on element: By.id: add-to-cart-sauce-labs-bolt-t-shirt
14:38:07 INFO  [BotLogger] Clicked on element: By.id: shopping_cart_container
14:38:07 INFO  [BotLogger] Clicked on element: By.id: checkout
14:38:07 INFO  [BotLogger] Typed text:  into element with locator: By.id: first-name
14:38:07 INFO  [BotLogger] Typed text: Testing into element with locator: By.id: last-name
14:38:08 INFO  [BotLogger] Typed text:  into element with locator: By.id: postal-code
14:38:08 INFO  [BotLogger] Clicked on element: By.id: cancel
14:38:08 INFO  [BotLogger] Test CaseinvalidEndToEndPurchaseFlow4  passed
14:38:08 INFO  [BotLogger] Browser is opened
14:38:08 INFO  [BotLogger] Browser closed
14:38:09 INFO  [BotLogger] Browser is opened
14:38:10 INFO  [BotLogger] Browser is opened
14:38:10 INFO  [BotLogger] Test CaseinvalidEndToEndPurchaseFlow5  started
14:38:10 INFO  [BotLogger] Typed text: standard_user into element with locator: By.id: user-name
14:38:10 INFO  [BotLogger] Typed text: secret_sauce into element with locator: By.id: password
14:38:10 INFO  [BotLogger] Clicked on element: By.id: login-button
14:38:10 INFO  [BotLogger] Clicked on element: By.id: add-to-cart-sauce-labs-backpack
14:38:10 INFO  [BotLogger] Clicked on element: By.id: add-to-cart-sauce-labs-bike-light
14:38:10 INFO  [BotLogger] Clicked on element: By.id: add-to-cart-sauce-labs-bolt-t-shirt
14:38:10 INFO  [BotLogger] Clicked on element: By.id: shopping_cart_container
14:38:10 INFO  [BotLogger] Clicked on element: By.id: checkout
14:38:11 INFO  [BotLogger] Typed text:  into element with locator: By.id: first-name
14:38:11 INFO  [BotLogger] Typed text:  into element with locator: By.id: last-name
14:38:11 INFO  [BotLogger] Typed text: 201 into element with locator: By.id: postal-code
14:38:11 INFO  [BotLogger] Clicked on element: By.id: continue
14:38:11 INFO  [BotLogger] Test CaseinvalidEndToEndPurchaseFlow5  passed
14:38:11 INFO  [BotLogger] Browser is opened
14:38:11 INFO  [BotLogger] Browser closed
14:38:12 INFO  [BotLogger] Browser is opened
14:38:13 INFO  [BotLogger] Browser is opened
14:38:13 INFO  [BotLogger] Test CaseinvalidEndToEndPurchaseFlow6  started
14:38:13 INFO  [BotLogger] Typed text: standard_user into element with locator: By.id: user-name
14:38:13 INFO  [BotLogger] Typed text: secret_sauce into element with locator: By.id: password
14:38:13 INFO  [BotLogger] Clicked on element: By.id: login-button
14:38:13 INFO  [BotLogger] Clicked on element: By.id: add-to-cart-sauce-labs-backpack
14:38:13 INFO  [BotLogger] Clicked on element: By.id: add-to-cart-sauce-labs-bike-light
14:38:13 INFO  [BotLogger] Clicked on element: By.id: add-to-cart-sauce-labs-bolt-t-shirt
14:38:14 INFO  [BotLogger] Clicked on element: By.id: shopping_cart_container
14:38:14 INFO  [BotLogger] Clicked on element: By.id: checkout
14:38:14 INFO  [BotLogger] Typed text: NHA into element with locator: By.id: first-name
14:38:14 INFO  [BotLogger] Typed text:  into element with locator: By.id: last-name
14:38:14 INFO  [BotLogger] Typed text: 201 into element with locator: By.id: postal-code
14:38:14 INFO  [BotLogger] Clicked on element: By.id: continue
14:38:14 INFO  [BotLogger] Clicked on element: By.id: cancel
14:38:14 INFO  [BotLogger] Test CaseinvalidEndToEndPurchaseFlow6  passed
14:38:14 INFO  [BotLogger] Browser is opened
14:38:14 INFO  [BotLogger] Browser closed
14:38:15 INFO  [BotLogger] Browser is opened
14:38:16 INFO  [BotLogger] Browser is opened
14:38:16 INFO  [BotLogger] Test CasevalidEndToEndPurchaseFlow1  started
14:38:16 INFO  [BotLogger] Typed text: standard_user into element with locator: By.id: user-name
14:38:16 INFO  [BotLogger] Typed text: secret_sauce into element with locator: By.id: password
14:38:16 INFO  [BotLogger] Clicked on element: By.id: login-button
14:38:17 INFO  [BotLogger] Clicked on element: By.id: add-to-cart-sauce-labs-backpack
14:38:17 INFO  [BotLogger] Clicked on element: By.id: add-to-cart-sauce-labs-bike-light
14:38:17 INFO  [BotLogger] Clicked on element: By.id: add-to-cart-sauce-labs-bolt-t-shirt
14:38:17 INFO  [BotLogger] Clicked on element: By.id: shopping_cart_container
14:38:17 INFO  [BotLogger] Clicked on element: By.id: checkout
14:38:17 INFO  [BotLogger] Typed text: NHA into element with locator: By.id: first-name
14:38:17 INFO  [BotLogger] Typed text: Testing into element with locator: By.id: last-name
14:38:17 INFO  [BotLogger] Typed text: 201 into element with locator: By.id: postal-code
14:38:17 INFO  [BotLogger] Clicked on element: By.id: continue
14:38:17 INFO  [BotLogger] Clicked on element: By.id: finish
14:38:18 INFO  [BotLogger] Test CasevalidEndToEndPurchaseFlow1  passed
14:38:18 INFO  [BotLogger] Browser is opened
14:38:18 INFO  [BotLogger] Browser closed
14:38:19 INFO  [BotLogger] Browser is opened
14:38:21 INFO  [BotLogger] Browser is opened
14:38:21 INFO  [BotLogger] Test CasevalidEndToEndPurchaseFlow2  started
14:38:21 INFO  [BotLogger] Typed text: standard_user into element with locator: By.id: user-name
14:38:21 INFO  [BotLogger] Typed text: secret_sauce into element with locator: By.id: password
14:38:21 INFO  [BotLogger] Clicked on element: By.id: login-button
14:38:21 INFO  [BotLogger] Clicked on element: By.id: add-to-cart-sauce-labs-backpack
14:38:21 INFO  [BotLogger] Clicked on element: By.id: add-to-cart-sauce-labs-bike-light
14:38:21 INFO  [BotLogger] Clicked on element: By.id: add-to-cart-sauce-labs-bolt-t-shirt
14:38:21 INFO  [BotLogger] Clicked on element: By.id: shopping_cart_container
14:38:22 INFO  [BotLogger] Clicked on element: By.id: checkout
14:38:22 INFO  [BotLogger] Typed text: NHA into element with locator: By.id: first-name
14:38:22 INFO  [BotLogger] Typed text: Testing into element with locator: By.id: last-name
14:38:22 INFO  [BotLogger] Typed text: 201 into element with locator: By.id: postal-code
14:38:22 INFO  [BotLogger] Clicked on element: By.id: continue
14:38:22 INFO  [BotLogger] Clicked on element: By.id: finish
14:38:22 INFO  [BotLogger] Clicked on element: By.xpath: //button[text()='Back Home']
14:38:22 INFO  [BotLogger] Test CasevalidEndToEndPurchaseFlow2  passed
14:38:22 INFO  [BotLogger] Browser is opened
14:38:22 INFO  [BotLogger] Browser closed
