21:55:39 INFO  [BotLogger] Browser is opened
21:55:40 INFO  [BotLogger] Browser is opened
21:55:40 INFO  [BotLogger] Typed text: standard_user into element with locator: By.id: user-name
21:55:40 INFO  [BotLogger] Typed text: secret_sauce into element with locator: By.id: password
21:55:40 INFO  [BotLogger] Clicked on: By.id: login-button
21:55:40 INFO  [BotLogger] Test CaseConfirmation_TC1_finishOrderWithItems  started
21:55:40 INFO  [BotLogger] Clicked on: By.id: add-to-cart-sauce-labs-backpack
21:55:40 INFO  [BotLogger] Clicked on: By.id: shopping_cart_container
21:55:40 INFO  [BotLogger] Clicked on: By.id: checkout
21:55:40 INFO  [BotLogger] Typed text: Group into element with locator: By.id: first-name
21:55:41 INFO  [BotLogger] Typed text: Project into element with locator: By.id: last-name
21:55:41 INFO  [BotLogger] Typed text: 201 into element with locator: By.id: postal-code
21:55:41 INFO  [BotLogger] Clicked on: By.id: continue
21:55:41 INFO  [BotLogger] Clicked on: By.id: finish
21:55:41 INFO  [BotLogger] Test CaseConfirmation_TC1_finishOrderWithItems  passed
21:55:41 INFO  [BotLogger] Browser is opened
21:55:41 INFO  [BotLogger] Browser closed
21:55:42 INFO  [BotLogger] Browser is opened
21:55:43 INFO  [BotLogger] Browser is opened
21:55:43 INFO  [BotLogger] Typed text: standard_user into element with locator: By.id: user-name
21:55:43 INFO  [BotLogger] Typed text: secret_sauce into element with locator: By.id: password
21:55:43 INFO  [BotLogger] Clicked on: By.id: login-button
21:55:43 INFO  [BotLogger] Test CaseConfirmation_TC2_finishEmptyCartOrder  started
21:55:43 INFO  [BotLogger] Clicked on: By.id: shopping_cart_container
21:55:43 INFO  [BotLogger] Clicked on: By.id: checkout
21:55:43 INFO  [BotLogger] Typed text: Group into element with locator: By.id: first-name
21:55:43 INFO  [BotLogger] Typed text: Project into element with locator: By.id: last-name
21:55:43 INFO  [BotLogger] Typed text: 201 into element with locator: By.id: postal-code
21:55:43 INFO  [BotLogger] Clicked on: By.id: continue
21:55:43 INFO  [BotLogger] Clicked on: By.id: finish
21:55:43 INFO  [BotLogger] TestCase  Confirmation_TC2_finishEmptyCartOrder  failed
21:55:43 INFO  [BotLogger] Browser is opened
21:55:43 INFO  [BotLogger] Screenshot taken: Confirmation_TC2_finishEmptyCartOrder
21:55:43 INFO  [BotLogger] Test CaseConfirmation_TC2_finishEmptyCartOrder  failed
21:55:43 INFO  [BotLogger] Browser is opened
21:55:44 INFO  [BotLogger] Browser closed
21:55:44 INFO  [BotLogger] Browser is opened
21:55:45 INFO  [BotLogger] Browser is opened
21:55:45 INFO  [BotLogger] Typed text: standard_user into element with locator: By.id: user-name
21:55:45 INFO  [BotLogger] Typed text: secret_sauce into element with locator: By.id: password
21:55:45 INFO  [BotLogger] Clicked on: By.id: login-button
21:55:45 INFO  [BotLogger] Test CaseConfirmation_TC3_backToHomeAfterCompletion  started
21:55:45 INFO  [BotLogger] Clicked on: By.id: add-to-cart-sauce-labs-backpack
21:55:45 INFO  [BotLogger] Clicked on: By.id: shopping_cart_container
21:55:45 INFO  [BotLogger] Clicked on: By.id: checkout
21:55:45 INFO  [BotLogger] Typed text: Group into element with locator: By.id: first-name
21:55:46 INFO  [BotLogger] Typed text: Project into element with locator: By.id: last-name
21:55:46 INFO  [BotLogger] Typed text: 201 into element with locator: By.id: postal-code
21:55:46 INFO  [BotLogger] Clicked on: By.id: continue
21:55:46 INFO  [BotLogger] Clicked on: By.id: finish
21:55:46 INFO  [BotLogger] Clicked on: By.xpath: //button[text()='Back Home']
21:55:46 INFO  [BotLogger] Test CaseConfirmation_TC3_backToHomeAfterCompletion  passed
21:55:46 INFO  [BotLogger] Browser is opened
21:55:46 INFO  [BotLogger] Browser closed
