00:19:45 INFO  [BotLogger] Browser is opened
00:19:47 INFO  [BotLogger] Browser is opened
00:19:47 INFO  [BotLogger] Typed text: standard_user into element with locator: By.id: user-name
00:19:47 INFO  [BotLogger] Typed text: secret_sauce into element with locator: By.id: password
00:19:47 INFO  [BotLogger] Clicked on element: By.id: login-button
00:19:47 INFO  [BotLogger] Test CaseCart_Tc1_openCartAfterAddingItems  started
00:19:47 INFO  [BotLogger] Clicked on element: By.id: add-to-cart-sauce-labs-backpack
00:19:47 INFO  [BotLogger] Clicked on element: By.id: shopping_cart_container
00:19:48 INFO  [BotLogger] Test CaseCart_Tc1_openCartAfterAddingItems  passed
00:19:48 INFO  [BotLogger] Browser is opened
00:19:48 INFO  [BotLogger] Browser closed
00:19:49 INFO  [BotLogger] Browser is opened
00:19:50 INFO  [BotLogger] Browser is opened
00:19:50 INFO  [BotLogger] Typed text: standard_user into element with locator: By.id: user-name
00:19:50 INFO  [BotLogger] Typed text: secret_sauce into element with locator: By.id: password
00:19:50 INFO  [BotLogger] Clicked on element: By.id: login-button
00:19:50 INFO  [BotLogger] Test CaseCart_Tc2_removeItemFromCart  started
00:19:50 INFO  [BotLogger] Clicked on element: By.id: add-to-cart-sauce-labs-backpack
00:19:50 INFO  [BotLogger] Clicked on element: By.id: shopping_cart_container
00:19:50 INFO  [BotLogger] Clicked on element: By.xpath: (//button[@class='btn btn_secondary btn_small cart_button'])[1]
00:19:50 INFO  [BotLogger] Test CaseCart_Tc2_removeItemFromCart  passed
00:19:50 INFO  [BotLogger] Browser is opened
00:19:50 INFO  [BotLogger] Browser closed
00:19:51 INFO  [BotLogger] Browser is opened
00:19:52 INFO  [BotLogger] Browser is opened
00:19:52 INFO  [BotLogger] Typed text: standard_user into element with locator: By.id: user-name
00:19:52 INFO  [BotLogger] Typed text: secret_sauce into element with locator: By.id: password
00:19:52 INFO  [BotLogger] Clicked on element: By.id: login-button
00:19:52 INFO  [BotLogger] Test CaseCart_Tc3_checkoutWithOneItem  started
00:19:52 INFO  [BotLogger] Clicked on element: By.id: add-to-cart-sauce-labs-backpack
00:19:52 INFO  [BotLogger] Clicked on element: By.id: shopping_cart_container
00:19:53 INFO  [BotLogger] Clicked on element: By.id: checkout
00:19:53 INFO  [BotLogger] Test CaseCart_Tc3_checkoutWithOneItem  passed
00:19:53 INFO  [BotLogger] Browser is opened
00:19:53 INFO  [BotLogger] Browser closed
00:19:54 INFO  [BotLogger] Browser is opened
00:19:54 INFO  [BotLogger] Browser is opened
00:19:55 INFO  [BotLogger] Typed text: standard_user into element with locator: By.id: user-name
00:19:55 INFO  [BotLogger] Typed text: secret_sauce into element with locator: By.id: password
00:19:55 INFO  [BotLogger] Clicked on element: By.id: login-button
00:19:55 INFO  [BotLogger] Test CaseCart_Tc4_checkoutWithMultipleItems  started
00:19:55 INFO  [BotLogger] Clicked on element: By.id: add-to-cart-sauce-labs-backpack
00:19:55 INFO  [BotLogger] Clicked on element: By.id: add-to-cart-sauce-labs-bike-light
00:19:55 INFO  [BotLogger] Clicked on element: By.id: add-to-cart-sauce-labs-bolt-t-shirt
00:19:55 INFO  [BotLogger] Clicked on element: By.id: shopping_cart_container
00:19:55 INFO  [BotLogger] Clicked on element: By.id: checkout
00:19:55 INFO  [BotLogger] Test CaseCart_Tc4_checkoutWithMultipleItems  passed
00:19:55 INFO  [BotLogger] Browser is opened
00:19:56 INFO  [BotLogger] Browser closed
00:19:56 INFO  [BotLogger] Browser is opened
00:19:57 INFO  [BotLogger] Browser is opened
00:19:57 INFO  [BotLogger] Typed text: standard_user into element with locator: By.id: user-name
00:19:57 INFO  [BotLogger] Typed text: secret_sauce into element with locator: By.id: password
00:19:57 INFO  [BotLogger] Clicked on element: By.id: login-button
00:19:57 INFO  [BotLogger] Test CaseConfirmation_TC1_finishOrderWithItems  started
00:19:57 INFO  [BotLogger] Clicked on element: By.id: add-to-cart-sauce-labs-backpack
00:19:57 INFO  [BotLogger] Clicked on element: By.id: shopping_cart_container
00:19:58 INFO  [BotLogger] Clicked on element: By.id: checkout
00:19:58 INFO  [BotLogger] Typed text: Group into element with locator: By.id: first-name
00:19:58 INFO  [BotLogger] Typed text: Project into element with locator: By.id: last-name
00:19:58 INFO  [BotLogger] Typed text: 201 into element with locator: By.id: postal-code
00:19:58 INFO  [BotLogger] Clicked on element: By.id: continue
00:19:58 INFO  [BotLogger] Clicked on element: By.id: finish
00:19:58 INFO  [BotLogger] Test CaseConfirmation_TC1_finishOrderWithItems  passed
00:19:58 INFO  [BotLogger] Browser is opened
00:19:58 INFO  [BotLogger] Browser closed
00:19:59 INFO  [BotLogger] Browser is opened
00:20:00 INFO  [BotLogger] Browser is opened
00:20:00 INFO  [BotLogger] Typed text: standard_user into element with locator: By.id: user-name
00:20:00 INFO  [BotLogger] Typed text: secret_sauce into element with locator: By.id: password
00:20:00 INFO  [BotLogger] Clicked on element: By.id: login-button
00:20:00 INFO  [BotLogger] Test CaseConfirmation_TC2_finishEmptyCartOrder  started
00:20:00 INFO  [BotLogger] Clicked on element: By.id: shopping_cart_container
00:20:00 INFO  [BotLogger] Clicked on element: By.id: checkout
00:20:00 INFO  [BotLogger] Typed text: Group into element with locator: By.id: first-name
00:20:00 INFO  [BotLogger] Typed text: Project into element with locator: By.id: last-name
00:20:00 INFO  [BotLogger] Typed text: 201 into element with locator: By.id: postal-code
00:20:01 INFO  [BotLogger] Clicked on element: By.id: continue
00:20:01 INFO  [BotLogger] Clicked on element: By.id: finish
00:20:01 INFO  [BotLogger] TestCase  Confirmation_TC2_finishEmptyCartOrder  failed
00:20:01 INFO  [BotLogger] Browser is opened
00:20:01 INFO  [BotLogger] Screenshot taken: Confirmation_TC2_finishEmptyCartOrder
00:20:01 INFO  [BotLogger] Test CaseConfirmation_TC2_finishEmptyCartOrder  failed
00:20:01 INFO  [BotLogger] Browser is opened
00:20:01 INFO  [BotLogger] Browser closed
00:20:02 INFO  [BotLogger] Browser is opened
00:20:02 INFO  [BotLogger] Browser is opened
00:20:02 INFO  [BotLogger] Typed text: standard_user into element with locator: By.id: user-name
00:20:03 INFO  [BotLogger] Typed text: secret_sauce into element with locator: By.id: password
00:20:03 INFO  [BotLogger] Clicked on element: By.id: login-button
00:20:03 INFO  [BotLogger] Test CaseConfirmation_TC3_backToHomeAfterCompletion  started
00:20:03 INFO  [BotLogger] Clicked on element: By.id: add-to-cart-sauce-labs-backpack
00:20:03 INFO  [BotLogger] Clicked on element: By.id: shopping_cart_container
00:20:03 INFO  [BotLogger] Clicked on element: By.id: checkout
00:20:03 INFO  [BotLogger] Typed text: Group into element with locator: By.id: first-name
00:20:03 INFO  [BotLogger] Typed text: Project into element with locator: By.id: last-name
00:20:03 INFO  [BotLogger] Typed text: 201 into element with locator: By.id: postal-code
00:20:03 INFO  [BotLogger] Clicked on element: By.id: continue
00:20:03 INFO  [BotLogger] Clicked on element: By.id: finish
00:20:03 INFO  [BotLogger] Clicked on element: By.xpath: //button[text()='Back Home']
00:20:03 INFO  [BotLogger] Test CaseConfirmation_TC3_backToHomeAfterCompletion  passed
00:20:03 INFO  [BotLogger] Browser is opened
00:20:03 INFO  [BotLogger] Browser closed
00:20:04 INFO  [BotLogger] Browser is opened
00:20:05 INFO  [BotLogger] Browser is opened
00:20:05 INFO  [BotLogger] Typed text: standard_user into element with locator: By.id: user-name
00:20:05 INFO  [BotLogger] Typed text: secret_sauce into element with locator: By.id: password
00:20:05 INFO  [BotLogger] Clicked on element: By.id: login-button
00:20:05 INFO  [BotLogger] Clicked on element: By.id: add-to-cart-sauce-labs-backpack
00:20:05 INFO  [BotLogger] Clicked on element: By.id: shopping_cart_container
00:20:06 INFO  [BotLogger] Clicked on element: By.id: checkout
00:20:06 INFO  [BotLogger] Test CasetestCheckoutWithEmptyFirstName  started
00:20:06 INFO  [BotLogger] Typed text:  into element with locator: By.id: first-name
00:20:06 INFO  [BotLogger] Typed text: Project into element with locator: By.id: last-name
00:20:06 INFO  [BotLogger] Typed text: 201 into element with locator: By.id: postal-code
00:20:06 INFO  [BotLogger] Clicked on element: By.id: continue
00:20:06 INFO  [BotLogger] Test CasetestCheckoutWithEmptyFirstName  passed
00:20:06 INFO  [BotLogger] Browser is opened
00:20:06 INFO  [BotLogger] Browser closed
00:20:07 INFO  [BotLogger] Browser is opened
00:20:08 INFO  [BotLogger] Browser is opened
00:20:08 INFO  [BotLogger] Typed text: standard_user into element with locator: By.id: user-name
00:20:08 INFO  [BotLogger] Typed text: secret_sauce into element with locator: By.id: password
00:20:08 INFO  [BotLogger] Clicked on element: By.id: login-button
00:20:08 INFO  [BotLogger] Clicked on element: By.id: add-to-cart-sauce-labs-backpack
00:20:08 INFO  [BotLogger] Clicked on element: By.id: shopping_cart_container
00:20:08 INFO  [BotLogger] Clicked on element: By.id: checkout
00:20:08 INFO  [BotLogger] Test CasetestCheckoutWithEmptyZip  started
00:20:09 INFO  [BotLogger] Typed text: Group into element with locator: By.id: first-name
00:20:09 INFO  [BotLogger] Typed text: Project into element with locator: By.id: last-name
00:20:09 INFO  [BotLogger] Typed text:  into element with locator: By.id: postal-code
00:20:09 INFO  [BotLogger] Clicked on element: By.id: continue
00:20:09 INFO  [BotLogger] Test CasetestCheckoutWithEmptyZip  passed
00:20:09 INFO  [BotLogger] Browser is opened
00:20:09 INFO  [BotLogger] Browser closed
00:20:10 INFO  [BotLogger] Browser is opened
00:20:11 INFO  [BotLogger] Browser is opened
00:20:11 INFO  [BotLogger] Typed text: standard_user into element with locator: By.id: user-name
00:20:11 INFO  [BotLogger] Typed text: secret_sauce into element with locator: By.id: password
00:20:11 INFO  [BotLogger] Clicked on element: By.id: login-button
00:20:11 INFO  [BotLogger] Clicked on element: By.id: add-to-cart-sauce-labs-backpack
00:20:11 INFO  [BotLogger] Clicked on element: By.id: shopping_cart_container
00:20:11 INFO  [BotLogger] Clicked on element: By.id: checkout
00:20:11 INFO  [BotLogger] Test CasetestCheckoutWithValidData  started
00:20:11 INFO  [BotLogger] Typed text: Group into element with locator: By.id: first-name
00:20:11 INFO  [BotLogger] Typed text: Project into element with locator: By.id: last-name
00:20:11 INFO  [BotLogger] Typed text: 201 into element with locator: By.id: postal-code
00:20:12 INFO  [BotLogger] Clicked on element: By.id: continue
00:20:12 INFO  [BotLogger] Test CasetestCheckoutWithValidData  passed
00:20:12 INFO  [BotLogger] Browser is opened
00:20:12 INFO  [BotLogger] Browser closed
00:20:13 INFO  [BotLogger] Browser is opened
00:20:13 INFO  [BotLogger] Browser is opened
00:20:13 INFO  [BotLogger] Test CaseinvalidEndToEndPurchaseFlow1  started
00:20:13 INFO  [BotLogger] Typed text: standard_user into element with locator: By.id: user-name
00:20:13 INFO  [BotLogger] Typed text: secret_sauce into element with locator: By.id: password
00:20:14 INFO  [BotLogger] Clicked on element: By.id: login-button
00:20:14 INFO  [BotLogger] Clicked on element: By.id: add-to-cart-sauce-labs-backpack
00:20:14 INFO  [BotLogger] Clicked on element: By.id: add-to-cart-sauce-labs-bike-light
00:20:14 INFO  [BotLogger] Clicked on element: By.id: add-to-cart-sauce-labs-bolt-t-shirt
00:20:14 INFO  [BotLogger] Clicked on element: By.id: shopping_cart_container
00:20:14 INFO  [BotLogger] Clicked on element: By.id: checkout
00:20:14 INFO  [BotLogger] Typed text:  into element with locator: By.id: first-name
00:20:14 INFO  [BotLogger] Typed text: Testing into element with locator: By.id: last-name
00:20:14 INFO  [BotLogger] Typed text: 201 into element with locator: By.id: postal-code
00:20:14 INFO  [BotLogger] Clicked on element: By.id: continue
00:20:14 INFO  [BotLogger] Test CaseinvalidEndToEndPurchaseFlow1  passed
00:20:14 INFO  [BotLogger] Browser is opened
00:20:14 INFO  [BotLogger] Browser closed
00:20:15 INFO  [BotLogger] Browser is opened
00:20:16 INFO  [BotLogger] Browser is opened
00:20:16 INFO  [BotLogger] Test CaseinvalidEndToEndPurchaseFlow2  started
00:20:16 INFO  [BotLogger] Typed text: standard_user into element with locator: By.id: user-name
00:20:16 INFO  [BotLogger] Typed text: secret_sauce into element with locator: By.id: password
00:20:16 INFO  [BotLogger] Clicked on element: By.id: login-button
00:20:16 INFO  [BotLogger] Clicked on element: By.id: add-to-cart-sauce-labs-backpack
00:20:16 INFO  [BotLogger] Clicked on element: By.id: add-to-cart-sauce-labs-bike-light
00:20:16 INFO  [BotLogger] Clicked on element: By.id: add-to-cart-sauce-labs-bolt-t-shirt
00:20:16 INFO  [BotLogger] Clicked on element: By.id: shopping_cart_container
00:20:17 INFO  [BotLogger] Clicked on element: By.id: checkout
00:20:17 INFO  [BotLogger] Typed text: NHA into element with locator: By.id: first-name
00:20:17 INFO  [BotLogger] Typed text:  into element with locator: By.id: last-name
00:20:17 INFO  [BotLogger] Typed text: 201 into element with locator: By.id: postal-code
00:20:17 INFO  [BotLogger] Clicked on element: By.id: continue
00:20:17 INFO  [BotLogger] Test CaseinvalidEndToEndPurchaseFlow2  passed
00:20:17 INFO  [BotLogger] Browser is opened
00:20:17 INFO  [BotLogger] Browser closed
00:20:18 INFO  [BotLogger] Browser is opened
00:20:19 INFO  [BotLogger] Browser is opened
00:20:19 INFO  [BotLogger] Test CaseinvalidEndToEndPurchaseFlow3  started
00:20:19 INFO  [BotLogger] Typed text: standard_user into element with locator: By.id: user-name
00:20:19 INFO  [BotLogger] Typed text: secret_sauce into element with locator: By.id: password
00:20:19 INFO  [BotLogger] Clicked on element: By.id: login-button
00:20:19 INFO  [BotLogger] Clicked on element: By.id: add-to-cart-sauce-labs-backpack
00:20:19 INFO  [BotLogger] Clicked on element: By.id: add-to-cart-sauce-labs-bike-light
00:20:19 INFO  [BotLogger] Clicked on element: By.id: add-to-cart-sauce-labs-bolt-t-shirt
00:20:19 INFO  [BotLogger] Clicked on element: By.id: shopping_cart_container
00:20:19 INFO  [BotLogger] Clicked on element: By.id: checkout
00:20:19 INFO  [BotLogger] Typed text: NHA into element with locator: By.id: first-name
00:20:19 INFO  [BotLogger] Typed text: Testing into element with locator: By.id: last-name
00:20:19 INFO  [BotLogger] Typed text:  into element with locator: By.id: postal-code
00:20:19 INFO  [BotLogger] Clicked on element: By.id: continue
00:20:19 INFO  [BotLogger] Test CaseinvalidEndToEndPurchaseFlow3  passed
00:20:19 INFO  [BotLogger] Browser is opened
00:20:20 INFO  [BotLogger] Browser closed
00:20:20 INFO  [BotLogger] Browser is opened
00:20:21 INFO  [BotLogger] Browser is opened
00:20:21 INFO  [BotLogger] Test CaseinvalidEndToEndPurchaseFlow4  started
00:20:21 INFO  [BotLogger] Typed text: standard_user into element with locator: By.id: user-name
00:20:21 INFO  [BotLogger] Typed text: secret_sauce into element with locator: By.id: password
00:20:21 INFO  [BotLogger] Clicked on element: By.id: login-button
00:20:21 INFO  [BotLogger] Clicked on element: By.id: add-to-cart-sauce-labs-backpack
00:20:22 INFO  [BotLogger] Clicked on element: By.id: add-to-cart-sauce-labs-bike-light
00:20:22 INFO  [BotLogger] Clicked on element: By.id: add-to-cart-sauce-labs-bolt-t-shirt
00:20:22 INFO  [BotLogger] Clicked on element: By.id: shopping_cart_container
00:20:22 INFO  [BotLogger] Clicked on element: By.id: checkout
00:20:22 INFO  [BotLogger] Typed text:  into element with locator: By.id: first-name
00:20:22 INFO  [BotLogger] Typed text: Testing into element with locator: By.id: last-name
00:20:22 INFO  [BotLogger] Typed text:  into element with locator: By.id: postal-code
00:20:22 INFO  [BotLogger] Clicked on element: By.id: cancel
00:20:22 INFO  [BotLogger] Test CaseinvalidEndToEndPurchaseFlow4  passed
00:20:22 INFO  [BotLogger] Browser is opened
00:20:22 INFO  [BotLogger] Browser closed
00:20:23 INFO  [BotLogger] Browser is opened
00:20:24 INFO  [BotLogger] Browser is opened
00:20:24 INFO  [BotLogger] Test CaseinvalidEndToEndPurchaseFlow5  started
00:20:24 INFO  [BotLogger] Typed text: standard_user into element with locator: By.id: user-name
00:20:24 INFO  [BotLogger] Typed text: secret_sauce into element with locator: By.id: password
00:20:24 INFO  [BotLogger] Clicked on element: By.id: login-button
00:20:24 INFO  [BotLogger] Clicked on element: By.id: add-to-cart-sauce-labs-backpack
00:20:24 INFO  [BotLogger] Clicked on element: By.id: add-to-cart-sauce-labs-bike-light
00:20:24 INFO  [BotLogger] Clicked on element: By.id: add-to-cart-sauce-labs-bolt-t-shirt
00:20:24 INFO  [BotLogger] Clicked on element: By.id: shopping_cart_container
00:20:24 INFO  [BotLogger] Clicked on element: By.id: checkout
00:20:24 INFO  [BotLogger] Typed text:  into element with locator: By.id: first-name
00:20:25 INFO  [BotLogger] Typed text:  into element with locator: By.id: last-name
00:20:25 INFO  [BotLogger] Typed text: 201 into element with locator: By.id: postal-code
00:20:25 INFO  [BotLogger] Clicked on element: By.id: continue
00:20:25 INFO  [BotLogger] Test CaseinvalidEndToEndPurchaseFlow5  passed
00:20:25 INFO  [BotLogger] Browser is opened
00:20:25 INFO  [BotLogger] Browser closed
00:20:26 INFO  [BotLogger] Browser is opened
00:20:26 INFO  [BotLogger] Browser is opened
00:20:26 INFO  [BotLogger] Test CaseinvalidEndToEndPurchaseFlow6  started
00:20:26 INFO  [BotLogger] Typed text: standard_user into element with locator: By.id: user-name
00:20:26 INFO  [BotLogger] Typed text: secret_sauce into element with locator: By.id: password
00:20:27 INFO  [BotLogger] Clicked on element: By.id: login-button
00:20:27 INFO  [BotLogger] Clicked on element: By.id: add-to-cart-sauce-labs-backpack
00:20:27 INFO  [BotLogger] Clicked on element: By.id: add-to-cart-sauce-labs-bike-light
00:20:27 INFO  [BotLogger] Clicked on element: By.id: add-to-cart-sauce-labs-bolt-t-shirt
00:20:27 INFO  [BotLogger] Clicked on element: By.id: shopping_cart_container
00:20:27 INFO  [BotLogger] Clicked on element: By.id: checkout
00:20:27 INFO  [BotLogger] Typed text: NHA into element with locator: By.id: first-name
00:20:27 INFO  [BotLogger] Typed text:  into element with locator: By.id: last-name
00:20:27 INFO  [BotLogger] Typed text: 201 into element with locator: By.id: postal-code
00:20:27 INFO  [BotLogger] Clicked on element: By.id: continue
00:20:27 INFO  [BotLogger] Clicked on element: By.id: cancel
00:20:27 INFO  [BotLogger] Test CaseinvalidEndToEndPurchaseFlow6  passed
00:20:27 INFO  [BotLogger] Browser is opened
00:20:27 INFO  [BotLogger] Browser closed
00:20:28 INFO  [BotLogger] Browser is opened
00:20:29 INFO  [BotLogger] Browser is opened
00:20:29 INFO  [BotLogger] Test CasevalidEndToEndPurchaseFlow1  started
00:20:29 INFO  [BotLogger] Typed text: standard_user into element with locator: By.id: user-name
00:20:29 INFO  [BotLogger] Typed text: secret_sauce into element with locator: By.id: password
00:20:29 INFO  [BotLogger] Clicked on element: By.id: login-button
00:20:29 INFO  [BotLogger] Clicked on element: By.id: add-to-cart-sauce-labs-backpack
00:20:29 INFO  [BotLogger] Clicked on element: By.id: add-to-cart-sauce-labs-bike-light
00:20:29 INFO  [BotLogger] Clicked on element: By.id: add-to-cart-sauce-labs-bolt-t-shirt
00:20:29 INFO  [BotLogger] Clicked on element: By.id: shopping_cart_container
00:20:29 INFO  [BotLogger] Clicked on element: By.id: checkout
00:20:30 INFO  [BotLogger] Typed text: NHA into element with locator: By.id: first-name
00:20:30 INFO  [BotLogger] Typed text: Testing into element with locator: By.id: last-name
00:20:30 INFO  [BotLogger] Typed text: 201 into element with locator: By.id: postal-code
00:20:30 INFO  [BotLogger] Clicked on element: By.id: continue
00:20:30 INFO  [BotLogger] Clicked on element: By.id: finish
00:20:30 INFO  [BotLogger] Test CasevalidEndToEndPurchaseFlow1  passed
00:20:30 INFO  [BotLogger] Browser is opened
00:20:31 INFO  [BotLogger] Browser closed
00:20:31 INFO  [BotLogger] Browser is opened
00:20:32 INFO  [BotLogger] Browser is opened
00:20:32 INFO  [BotLogger] Test CasevalidEndToEndPurchaseFlow2  started
00:20:32 INFO  [BotLogger] Typed text: standard_user into element with locator: By.id: user-name
00:20:32 INFO  [BotLogger] Typed text: secret_sauce into element with locator: By.id: password
00:20:32 INFO  [BotLogger] Clicked on element: By.id: login-button
00:20:32 INFO  [BotLogger] Clicked on element: By.id: add-to-cart-sauce-labs-backpack
00:20:32 INFO  [BotLogger] Clicked on element: By.id: add-to-cart-sauce-labs-bike-light
00:20:33 INFO  [BotLogger] Clicked on element: By.id: add-to-cart-sauce-labs-bolt-t-shirt
00:20:33 INFO  [BotLogger] Clicked on element: By.id: shopping_cart_container
00:20:33 INFO  [BotLogger] Clicked on element: By.id: checkout
00:20:33 INFO  [BotLogger] Typed text: NHA into element with locator: By.id: first-name
00:20:33 INFO  [BotLogger] Typed text: Testing into element with locator: By.id: last-name
00:20:33 INFO  [BotLogger] Typed text: 201 into element with locator: By.id: postal-code
00:20:33 INFO  [BotLogger] Clicked on element: By.id: continue
00:20:33 INFO  [BotLogger] Clicked on element: By.id: finish
00:20:33 INFO  [BotLogger] Clicked on element: By.xpath: //button[text()='Back Home']
00:20:33 INFO  [BotLogger] Test CasevalidEndToEndPurchaseFlow2  passed
00:20:33 INFO  [BotLogger] Browser is opened
00:20:33 INFO  [BotLogger] Browser closed
00:20:34 INFO  [BotLogger] Browser is opened
00:20:35 INFO  [BotLogger] Browser is opened
00:20:35 INFO  [BotLogger] Typed text: standard_user into element with locator: By.id: user-name
00:20:35 INFO  [BotLogger] Typed text: secret_sauce into element with locator: By.id: password
00:20:35 INFO  [BotLogger] Clicked on element: By.id: login-button
00:20:35 INFO  [BotLogger] Test CaseHome_Tc1_scrollAndCheckBadge  started
00:20:35 INFO  [BotLogger] Scrolled to element: By.className: footer
00:20:36 INFO  [BotLogger] Scrolled to element: By.className: app_logo
00:20:36 INFO  [BotLogger] Test CaseHome_Tc1_scrollAndCheckBadge  passed
00:20:36 INFO  [BotLogger] Browser is opened
00:20:36 INFO  [BotLogger] Browser closed
00:20:37 INFO  [BotLogger] Browser is opened
00:20:38 INFO  [BotLogger] Browser is opened
00:20:38 INFO  [BotLogger] Typed text: standard_user into element with locator: By.id: user-name
00:20:38 INFO  [BotLogger] Typed text: secret_sauce into element with locator: By.id: password
00:20:38 INFO  [BotLogger] Clicked on element: By.id: login-button
00:20:38 INFO  [BotLogger] Test CaseHome_Tc2_testOpenMenu  started
00:20:38 INFO  [BotLogger] Clicked on element: By.xpath: //button[@id='react-burger-menu-btn']
00:20:38 INFO  [BotLogger] Element displayed status for locator By.id: menu_button_container: true
00:20:38 INFO  [BotLogger] Test CaseHome_Tc2_testOpenMenu  passed
00:20:38 INFO  [BotLogger] Browser is opened
00:20:38 INFO  [BotLogger] Browser closed
00:20:39 INFO  [BotLogger] Browser is opened
00:20:40 INFO  [BotLogger] Browser is opened
00:20:40 INFO  [BotLogger] Typed text: standard_user into element with locator: By.id: user-name
00:20:40 INFO  [BotLogger] Typed text: secret_sauce into element with locator: By.id: password
00:20:40 INFO  [BotLogger] Clicked on element: By.id: login-button
00:20:40 INFO  [BotLogger] Test CaseHome_Tc3_addMultipleProducts  started
00:20:40 INFO  [BotLogger] Clicked on element: By.id: add-to-cart-sauce-labs-backpack
00:20:40 INFO  [BotLogger] Clicked on element: By.id: add-to-cart-sauce-labs-bike-light
00:20:40 INFO  [BotLogger] Clicked on element: By.id: add-to-cart-sauce-labs-bolt-t-shirt
00:20:40 INFO  [BotLogger] Test CaseHome_Tc3_addMultipleProducts  passed
00:20:40 INFO  [BotLogger] Browser is opened
00:20:40 INFO  [BotLogger] Browser closed
00:20:41 INFO  [BotLogger] Browser is opened
00:20:42 INFO  [BotLogger] Browser is opened
00:20:42 INFO  [BotLogger] Typed text: standard_user into element with locator: By.id: user-name
00:20:42 INFO  [BotLogger] Typed text: secret_sauce into element with locator: By.id: password
00:20:42 INFO  [BotLogger] Clicked on element: By.id: login-button
00:20:42 INFO  [BotLogger] Test CaseHome_Tc4_removeProducts  started
00:20:42 INFO  [BotLogger] Clicked on element: By.id: add-to-cart-sauce-labs-backpack
00:20:42 INFO  [BotLogger] Clicked on element: By.id: add-to-cart-sauce-labs-bike-light
00:20:43 INFO  [BotLogger] Clicked on element: By.id: add-to-cart-sauce-labs-bolt-t-shirt
00:20:43 INFO  [BotLogger] Clicked on element: By.id: remove-sauce-labs-backpack
00:20:43 INFO  [BotLogger] Clicked on element: By.id: remove-sauce-labs-bike-light
00:20:43 INFO  [BotLogger] Clicked on element: By.id: remove-sauce-labs-bolt-t-shirt
00:20:43 INFO  [BotLogger] Test CaseHome_Tc4_removeProducts  passed
00:20:43 INFO  [BotLogger] Browser is opened
00:20:43 INFO  [BotLogger] Browser closed
00:20:44 INFO  [BotLogger] Browser is opened
00:20:45 INFO  [BotLogger] Browser is opened
00:20:45 INFO  [BotLogger] Test CasetestValidLogin  started
00:20:45 INFO  [BotLogger] Typed text: standard_user into element with locator: By.id: user-name
00:20:45 INFO  [BotLogger] Typed text: secret_sauce into element with locator: By.id: password
00:20:45 INFO  [BotLogger] Clicked on element: By.id: login-button
00:20:45 INFO  [BotLogger] Test CasetestValidLogin  passed
00:20:45 INFO  [BotLogger] Browser is opened
00:20:45 INFO  [BotLogger] Browser closed
00:20:46 INFO  [BotLogger] Browser is opened
00:20:46 INFO  [BotLogger] Browser is opened
00:20:46 INFO  [BotLogger] Test CasetestValidLogin  started
00:20:47 INFO  [BotLogger] Typed text: problem_user into element with locator: By.id: user-name
00:20:47 INFO  [BotLogger] Typed text: secret_sauce into element with locator: By.id: password
00:20:47 INFO  [BotLogger] Clicked on element: By.id: login-button
00:20:47 INFO  [BotLogger] Test CasetestValidLogin  passed
00:20:47 INFO  [BotLogger] Browser is opened
00:20:47 INFO  [BotLogger] Browser closed
00:20:48 INFO  [BotLogger] Browser is opened
00:20:48 INFO  [BotLogger] Browser is opened
00:20:48 INFO  [BotLogger] Test CasetestValidLogin  started
00:20:48 INFO  [BotLogger] Typed text: performance_glitch_user into element with locator: By.id: user-name
00:20:49 INFO  [BotLogger] Typed text: secret_sauce into element with locator: By.id: password
00:20:54 INFO  [BotLogger] Clicked on element: By.id: login-button
00:20:54 INFO  [BotLogger] Test CasetestValidLogin  passed
00:20:54 INFO  [BotLogger] Browser is opened
00:20:54 INFO  [BotLogger] Browser closed
00:20:55 INFO  [BotLogger] Browser is opened
00:20:55 INFO  [BotLogger] Browser is opened
00:20:55 INFO  [BotLogger] Test CasetestSuccessfulLoginVerifyProductsPage  started
00:20:55 INFO  [BotLogger] Typed text: standard_user into element with locator: By.id: user-name
00:20:56 INFO  [BotLogger] Typed text: secret_sauce into element with locator: By.id: password
00:20:56 INFO  [BotLogger] Clicked on element: By.id: login-button
00:20:56 INFO  [BotLogger] Element displayed status for locator By.className: title: true
00:20:56 INFO  [BotLogger] Test CasetestSuccessfulLoginVerifyProductsPage  passed
00:20:56 INFO  [BotLogger] Browser is opened
00:20:56 INFO  [BotLogger] Browser closed
00:20:57 INFO  [BotLogger] Browser is opened
00:20:57 INFO  [BotLogger] Browser is opened
00:20:57 INFO  [BotLogger] Test CasetestSuccessfulLoginVerifyProductsPage  started
00:20:57 INFO  [BotLogger] Typed text: problem_user into element with locator: By.id: user-name
00:20:57 INFO  [BotLogger] Typed text: secret_sauce into element with locator: By.id: password
00:20:58 INFO  [BotLogger] Clicked on element: By.id: login-button
00:20:58 INFO  [BotLogger] Element displayed status for locator By.className: title: true
00:20:58 INFO  [BotLogger] Test CasetestSuccessfulLoginVerifyProductsPage  passed
00:20:58 INFO  [BotLogger] Browser is opened
00:20:58 INFO  [BotLogger] Browser closed
00:20:59 INFO  [BotLogger] Browser is opened
00:20:59 INFO  [BotLogger] Browser is opened
00:20:59 INFO  [BotLogger] Test CasetestSuccessfulLoginVerifyProductsPage  started
00:20:59 INFO  [BotLogger] Typed text: performance_glitch_user into element with locator: By.id: user-name
00:21:00 INFO  [BotLogger] Typed text: secret_sauce into element with locator: By.id: password
00:21:05 INFO  [BotLogger] Clicked on element: By.id: login-button
00:21:05 INFO  [BotLogger] Element displayed status for locator By.className: title: true
00:21:05 INFO  [BotLogger] Test CasetestSuccessfulLoginVerifyProductsPage  passed
00:21:05 INFO  [BotLogger] Browser is opened
00:21:05 INFO  [BotLogger] Browser closed
00:21:06 INFO  [BotLogger] Browser is opened
00:21:06 INFO  [BotLogger] Browser is opened
00:21:06 INFO  [BotLogger] Test CasetestInvalidLogin  started
00:21:07 INFO  [BotLogger] Typed text: invalid_user into element with locator: By.id: user-name
00:21:07 INFO  [BotLogger] Typed text: secret_sauce into element with locator: By.id: password
00:21:07 INFO  [BotLogger] Clicked on element: By.id: login-button
00:21:07 INFO  [BotLogger] Test CasetestInvalidLogin  passed
00:21:07 INFO  [BotLogger] Browser is opened
00:21:07 INFO  [BotLogger] Browser closed
00:21:08 INFO  [BotLogger] Browser is opened
00:21:09 INFO  [BotLogger] Browser is opened
00:21:09 INFO  [BotLogger] Test CasetestInvalidLogin  started
00:21:09 INFO  [BotLogger] Typed text: wrong_user into element with locator: By.id: user-name
00:21:09 INFO  [BotLogger] Typed text: wrong_password into element with locator: By.id: password
00:21:09 INFO  [BotLogger] Clicked on element: By.id: login-button
00:21:09 INFO  [BotLogger] Test CasetestInvalidLogin  passed
00:21:09 INFO  [BotLogger] Browser is opened
00:21:10 INFO  [BotLogger] Browser closed
00:21:10 INFO  [BotLogger] Browser is opened
00:21:11 INFO  [BotLogger] Browser is opened
00:21:11 INFO  [BotLogger] Test CasetestInvalidLogin  started
00:21:11 INFO  [BotLogger] Typed text: fake_user into element with locator: By.id: user-name
00:21:11 INFO  [BotLogger] Typed text: fake_pass into element with locator: By.id: password
00:21:11 INFO  [BotLogger] Clicked on element: By.id: login-button
00:21:12 INFO  [BotLogger] Test CasetestInvalidLogin  passed
00:21:12 INFO  [BotLogger] Browser is opened
00:21:12 INFO  [BotLogger] Browser closed
00:21:13 INFO  [BotLogger] Browser is opened
00:21:13 INFO  [BotLogger] Browser is opened
00:21:13 INFO  [BotLogger] Test CasetestEmptyFields  started
00:21:13 INFO  [BotLogger] Typed text:  into element with locator: By.id: user-name
00:21:13 INFO  [BotLogger] Typed text: secret_sauce into element with locator: By.id: password
00:21:14 INFO  [BotLogger] Clicked on element: By.id: login-button
00:21:14 INFO  [BotLogger] Test CasetestEmptyFields  passed
00:21:14 INFO  [BotLogger] Browser is opened
00:21:14 INFO  [BotLogger] Browser closed
00:21:15 INFO  [BotLogger] Browser is opened
00:21:15 INFO  [BotLogger] Browser is opened
00:21:15 INFO  [BotLogger] Test CasetestEmptyFields  started
00:21:16 INFO  [BotLogger] Typed text: standard_user into element with locator: By.id: user-name
00:21:16 INFO  [BotLogger] Typed text:  into element with locator: By.id: password
00:21:16 INFO  [BotLogger] Clicked on element: By.id: login-button
00:21:16 INFO  [BotLogger] Test CasetestEmptyFields  passed
00:21:16 INFO  [BotLogger] Browser is opened
00:21:16 INFO  [BotLogger] Browser closed
00:21:17 INFO  [BotLogger] Browser is opened
00:21:18 INFO  [BotLogger] Browser is opened
00:21:18 INFO  [BotLogger] Test CasetestEmptyFields  started
00:21:18 INFO  [BotLogger] Typed text:  into element with locator: By.id: user-name
00:21:18 INFO  [BotLogger] Typed text:  into element with locator: By.id: password
00:21:18 INFO  [BotLogger] Clicked on element: By.id: login-button
00:21:18 INFO  [BotLogger] Test CasetestEmptyFields  passed
00:21:18 INFO  [BotLogger] Browser is opened
00:21:18 INFO  [BotLogger] Browser closed
00:21:19 INFO  [BotLogger] Browser is opened
00:21:20 INFO  [BotLogger] Browser is opened
00:21:20 INFO  [BotLogger] Test CasetestLockedOutUser  started
00:21:20 INFO  [BotLogger] Typed text: locked_out_user into element with locator: By.id: user-name
00:21:20 INFO  [BotLogger] Typed text: secret_sauce into element with locator: By.id: password
00:21:20 INFO  [BotLogger] Clicked on element: By.id: login-button
00:21:20 INFO  [BotLogger] Test CasetestLockedOutUser  passed
00:21:20 INFO  [BotLogger] Browser is opened
00:21:21 INFO  [BotLogger] Browser closed
00:21:21 INFO  [BotLogger] Browser is opened
00:21:22 INFO  [BotLogger] Browser is opened
00:21:22 INFO  [BotLogger] Test CasevalidLoginWithJasonData  started
00:21:22 INFO  [BotLogger] Typed text: standard_user into element with locator: By.id: user-name
00:21:22 INFO  [BotLogger] Typed text: secret_sauce into element with locator: By.id: password
00:21:22 INFO  [BotLogger] Clicked on element: By.id: login-button
00:21:22 INFO  [BotLogger] Test CasevalidLoginWithJasonData  passed
00:21:22 INFO  [BotLogger] Browser is opened
00:21:23 INFO  [BotLogger] Browser closed
00:21:24 INFO  [BotLogger] Browser is opened
00:21:24 INFO  [BotLogger] Browser is opened
00:21:24 INFO  [BotLogger] Typed text: standard_user into element with locator: By.id: user-name
00:21:24 INFO  [BotLogger] Typed text: secret_sauce into element with locator: By.id: password
00:21:25 INFO  [BotLogger] Clicked on element: By.id: login-button
00:21:25 INFO  [BotLogger] Test CasesortingTest  started
00:21:25 INFO  [BotLogger] Test CasesortingTest  passed
00:21:25 INFO  [BotLogger] Browser is opened
00:21:25 INFO  [BotLogger] Browser closed
00:21:26 INFO  [BotLogger] Browser is opened
00:21:26 INFO  [BotLogger] Browser is opened
00:21:27 INFO  [BotLogger] Typed text: standard_user into element with locator: By.id: user-name
00:21:27 INFO  [BotLogger] Typed text: secret_sauce into element with locator: By.id: password
00:21:27 INFO  [BotLogger] Clicked on element: By.id: login-button
00:21:27 INFO  [BotLogger] Test CasesortingTest  started
00:21:27 INFO  [BotLogger] Test CasesortingTest  passed
00:21:27 INFO  [BotLogger] Browser is opened
00:21:27 INFO  [BotLogger] Browser closed
00:21:28 INFO  [BotLogger] Browser is opened
00:21:29 INFO  [BotLogger] Browser is opened
00:21:29 INFO  [BotLogger] Typed text: standard_user into element with locator: By.id: user-name
00:21:29 INFO  [BotLogger] Typed text: secret_sauce into element with locator: By.id: password
00:21:29 INFO  [BotLogger] Clicked on element: By.id: login-button
00:21:29 INFO  [BotLogger] Test CasesortingTest  started
00:21:29 INFO  [BotLogger] Test CasesortingTest  passed
00:21:29 INFO  [BotLogger] Browser is opened
00:21:29 INFO  [BotLogger] Browser closed
00:21:30 INFO  [BotLogger] Browser is opened
00:21:31 INFO  [BotLogger] Browser is opened
00:21:31 INFO  [BotLogger] Typed text: standard_user into element with locator: By.id: user-name
00:21:31 INFO  [BotLogger] Typed text: secret_sauce into element with locator: By.id: password
00:21:31 INFO  [BotLogger] Clicked on element: By.id: login-button
00:21:31 INFO  [BotLogger] Test CasesortingTest  started
00:21:31 INFO  [BotLogger] Test CasesortingTest  passed
00:21:31 INFO  [BotLogger] Browser is opened
00:21:32 INFO  [BotLogger] Browser closed
