08:35:02 INFO  [BotLogger] Browser is opened
08:35:03 INFO  [BotLogger] Browser is opened
08:35:03 INFO  [BotLogger] Typed text: standard_user into element with locator: By.id: user-name
08:35:03 INFO  [BotLogger] Typed text: secret_sauce into element with locator: By.id: password
08:35:03 INFO  [BotLogger] Clicked on element: By.id: login-button
08:35:03 INFO  [BotLogger] Test CaseCart_Tc1_openCartAfterAddingItems  started
08:35:03 INFO  [BotLogger] Clicked on element: By.id: add-to-cart-sauce-labs-backpack
08:35:03 INFO  [BotLogger] Clicked on element: By.id: shopping_cart_container
08:35:04 INFO  [BotLogger] Test CaseCart_Tc1_openCartAfterAddingItems  passed
08:35:04 INFO  [BotLogger] Browser is opened
08:35:04 INFO  [BotLogger] Browser closed
08:35:05 INFO  [BotLogger] Browser is opened
08:35:05 INFO  [BotLogger] Browser is opened
08:35:05 INFO  [BotLogger] Typed text: standard_user into element with locator: By.id: user-name
08:35:05 INFO  [BotLogger] Typed text: secret_sauce into element with locator: By.id: password
08:35:06 INFO  [BotLogger] Clicked on element: By.id: login-button
08:35:06 INFO  [BotLogger] Test CaseCart_Tc2_removeItemFromCart  started
08:35:06 INFO  [BotLogger] Clicked on element: By.id: add-to-cart-sauce-labs-backpack
08:35:06 INFO  [BotLogger] Clicked on element: By.id: shopping_cart_container
08:35:06 INFO  [BotLogger] Clicked on element: By.xpath: (//button[@class='btn btn_secondary btn_small cart_button'])[1]
08:35:06 INFO  [BotLogger] Test CaseCart_Tc2_removeItemFromCart  passed
08:35:06 INFO  [BotLogger] Browser is opened
08:35:06 INFO  [BotLogger] Browser closed
08:35:07 INFO  [BotLogger] Browser is opened
08:35:07 INFO  [BotLogger] Browser is opened
08:35:07 INFO  [BotLogger] Typed text: standard_user into element with locator: By.id: user-name
08:35:07 INFO  [BotLogger] Typed text: secret_sauce into element with locator: By.id: password
08:35:07 INFO  [BotLogger] Clicked on element: By.id: login-button
08:35:07 INFO  [BotLogger] Test CaseCart_Tc3_checkoutWithOneItem  started
08:35:08 INFO  [BotLogger] Clicked on element: By.id: add-to-cart-sauce-labs-backpack
08:35:08 INFO  [BotLogger] Clicked on element: By.id: shopping_cart_container
08:35:08 INFO  [BotLogger] Clicked on element: By.id: checkout
08:35:08 INFO  [BotLogger] Test CaseCart_Tc3_checkoutWithOneItem  passed
08:35:08 INFO  [BotLogger] Browser is opened
08:35:08 INFO  [BotLogger] Browser closed
08:35:09 INFO  [BotLogger] Browser is opened
08:35:09 INFO  [BotLogger] Browser is opened
08:35:10 INFO  [BotLogger] Typed text: standard_user into element with locator: By.id: user-name
08:35:10 INFO  [BotLogger] Typed text: secret_sauce into element with locator: By.id: password
08:35:10 INFO  [BotLogger] Clicked on element: By.id: login-button
08:35:10 INFO  [BotLogger] Test CaseCart_Tc4_checkoutWithMultipleItems  started
08:35:10 INFO  [BotLogger] Clicked on element: By.id: add-to-cart-sauce-labs-backpack
08:35:10 INFO  [BotLogger] Clicked on element: By.id: add-to-cart-sauce-labs-bike-light
08:35:10 INFO  [BotLogger] Clicked on element: By.id: add-to-cart-sauce-labs-bolt-t-shirt
08:35:10 INFO  [BotLogger] Clicked on element: By.id: shopping_cart_container
08:35:10 INFO  [BotLogger] Clicked on element: By.id: checkout
08:35:10 INFO  [BotLogger] Test CaseCart_Tc4_checkoutWithMultipleItems  passed
08:35:10 INFO  [BotLogger] Browser is opened
08:35:10 INFO  [BotLogger] Browser closed
08:35:11 INFO  [BotLogger] Browser is opened
08:35:12 INFO  [BotLogger] Browser is opened
08:35:12 INFO  [BotLogger] Typed text: standard_user into element with locator: By.id: user-name
08:35:12 INFO  [BotLogger] Typed text: secret_sauce into element with locator: By.id: password
08:35:12 INFO  [BotLogger] Clicked on element: By.id: login-button
08:35:12 INFO  [BotLogger] Test CaseConfirmation_TC1_finishOrderWithItems  started
08:35:12 INFO  [BotLogger] Clicked on element: By.id: add-to-cart-sauce-labs-backpack
08:35:12 INFO  [BotLogger] Clicked on element: By.id: shopping_cart_container
08:35:12 INFO  [BotLogger] Clicked on element: By.id: checkout
08:35:12 INFO  [BotLogger] Typed text: First Name into element with locator: By.id: first-name
08:35:12 INFO  [BotLogger] Typed text: Last Name into element with locator: By.id: last-name
08:35:12 INFO  [BotLogger] Typed text: 10000 into element with locator: By.id: postal-code
08:35:12 INFO  [BotLogger] Clicked on element: By.id: continue
08:35:13 INFO  [BotLogger] Clicked on element: By.id: finish
08:35:13 INFO  [BotLogger] Test CaseConfirmation_TC1_finishOrderWithItems  passed
08:35:13 INFO  [BotLogger] Browser is opened
08:35:13 INFO  [BotLogger] Browser closed
08:35:14 INFO  [BotLogger] Browser is opened
08:35:14 INFO  [BotLogger] Browser is opened
08:35:14 INFO  [BotLogger] Typed text: standard_user into element with locator: By.id: user-name
08:35:15 INFO  [BotLogger] Typed text: secret_sauce into element with locator: By.id: password
08:35:15 INFO  [BotLogger] Clicked on element: By.id: login-button
08:35:15 INFO  [BotLogger] Test CaseConfirmation_TC3_backToHomeAfterCompletion  started
08:35:15 INFO  [BotLogger] Clicked on element: By.id: add-to-cart-sauce-labs-backpack
08:35:15 INFO  [BotLogger] Clicked on element: By.id: shopping_cart_container
08:35:15 INFO  [BotLogger] Clicked on element: By.id: checkout
08:35:15 INFO  [BotLogger] Typed text: First Name into element with locator: By.id: first-name
08:35:15 INFO  [BotLogger] Typed text: Last Name into element with locator: By.id: last-name
08:35:15 INFO  [BotLogger] Typed text: 10000 into element with locator: By.id: postal-code
08:35:15 INFO  [BotLogger] Clicked on element: By.id: continue
08:35:15 INFO  [BotLogger] Clicked on element: By.id: finish
08:35:15 INFO  [BotLogger] Clicked on element: By.xpath: //button[text()='Back Home']
08:35:15 INFO  [BotLogger] Test CaseConfirmation_TC3_backToHomeAfterCompletion  passed
08:35:15 INFO  [BotLogger] Browser is opened
08:35:15 INFO  [BotLogger] Browser closed
08:35:16 INFO  [BotLogger] Browser is opened
08:35:17 INFO  [BotLogger] Browser is opened
08:35:17 INFO  [BotLogger] Typed text: standard_user into element with locator: By.id: user-name
08:35:17 INFO  [BotLogger] Typed text: secret_sauce into element with locator: By.id: password
08:35:17 INFO  [BotLogger] Clicked on element: By.id: login-button
08:35:17 INFO  [BotLogger] Test CaseConfirmation_TC2_finishEmptyCartOrder  started
08:35:17 INFO  [BotLogger] Clicked on element: By.id: shopping_cart_container
08:35:17 INFO  [BotLogger] Clicked on element: By.id: checkout
08:35:17 INFO  [BotLogger] Typed text: First Name into element with locator: By.id: first-name
08:35:17 INFO  [BotLogger] Typed text: Last Name into element with locator: By.id: last-name
08:35:17 INFO  [BotLogger] Typed text: 10000 into element with locator: By.id: postal-code
08:35:17 INFO  [BotLogger] Clicked on element: By.id: continue
08:35:17 INFO  [BotLogger] Clicked on element: By.id: finish
08:35:17 INFO  [BotLogger] TestCase  Confirmation_TC2_finishEmptyCartOrder  failed
08:35:17 INFO  [BotLogger] Browser is opened
08:35:17 INFO  [BotLogger] Screenshot taken: Confirmation_TC2_finishEmptyCartOrder
08:35:17 INFO  [BotLogger] Test CaseConfirmation_TC2_finishEmptyCartOrder  failed
08:35:17 INFO  [BotLogger] Browser is opened
08:35:18 INFO  [BotLogger] Browser closed
08:35:18 INFO  [BotLogger] Browser is opened
08:35:19 INFO  [BotLogger] Browser is opened
08:35:19 INFO  [BotLogger] Typed text: standard_user into element with locator: By.id: user-name
08:35:19 INFO  [BotLogger] Typed text: secret_sauce into element with locator: By.id: password
08:35:19 INFO  [BotLogger] Clicked on element: By.id: login-button
08:35:19 INFO  [BotLogger] Clicked on element: By.id: add-to-cart-sauce-labs-backpack
08:35:19 INFO  [BotLogger] Clicked on element: By.id: shopping_cart_container
08:35:19 INFO  [BotLogger] Clicked on element: By.id: checkout
08:35:19 INFO  [BotLogger] Test CasetestCheckoutWithEmptyFirstName  started
08:35:19 INFO  [BotLogger] Typed text:  into element with locator: By.id: first-name
08:35:20 INFO  [BotLogger] Typed text: Project into element with locator: By.id: last-name
08:35:20 INFO  [BotLogger] Typed text: 201 into element with locator: By.id: postal-code
08:35:20 INFO  [BotLogger] Clicked on element: By.id: continue
08:35:20 INFO  [BotLogger] Test CasetestCheckoutWithEmptyFirstName  passed
08:35:20 INFO  [BotLogger] Browser is opened
08:35:20 INFO  [BotLogger] Browser closed
08:35:20 INFO  [BotLogger] Browser is opened
08:35:21 INFO  [BotLogger] Browser is opened
08:35:21 INFO  [BotLogger] Typed text: standard_user into element with locator: By.id: user-name
08:35:21 INFO  [BotLogger] Typed text: secret_sauce into element with locator: By.id: password
08:35:21 INFO  [BotLogger] Clicked on element: By.id: login-button
08:35:21 INFO  [BotLogger] Clicked on element: By.id: add-to-cart-sauce-labs-backpack
08:35:22 INFO  [BotLogger] Clicked on element: By.id: shopping_cart_container
08:35:22 INFO  [BotLogger] Clicked on element: By.id: checkout
08:35:22 INFO  [BotLogger] Test CasetestCheckoutWithEmptyZip  started
08:35:22 INFO  [BotLogger] Typed text: Group into element with locator: By.id: first-name
08:35:22 INFO  [BotLogger] Typed text: Project into element with locator: By.id: last-name
08:35:22 INFO  [BotLogger] Typed text:  into element with locator: By.id: postal-code
08:35:22 INFO  [BotLogger] Clicked on element: By.id: continue
08:35:22 INFO  [BotLogger] Test CasetestCheckoutWithEmptyZip  passed
08:35:22 INFO  [BotLogger] Browser is opened
08:35:22 INFO  [BotLogger] Browser closed
08:35:23 INFO  [BotLogger] Browser is opened
08:35:23 INFO  [BotLogger] Browser is opened
08:35:23 INFO  [BotLogger] Typed text: standard_user into element with locator: By.id: user-name
08:35:24 INFO  [BotLogger] Typed text: secret_sauce into element with locator: By.id: password
08:35:24 INFO  [BotLogger] Clicked on element: By.id: login-button
08:35:24 INFO  [BotLogger] Clicked on element: By.id: add-to-cart-sauce-labs-backpack
08:35:24 INFO  [BotLogger] Clicked on element: By.id: shopping_cart_container
08:35:24 INFO  [BotLogger] Clicked on element: By.id: checkout
08:35:24 INFO  [BotLogger] Test CasetestCheckoutWithValidData  started
08:35:24 INFO  [BotLogger] Typed text: Group into element with locator: By.id: first-name
08:35:24 INFO  [BotLogger] Typed text: Project into element with locator: By.id: last-name
08:35:24 INFO  [BotLogger] Typed text: 201 into element with locator: By.id: postal-code
08:35:24 INFO  [BotLogger] Clicked on element: By.id: continue
08:35:24 INFO  [BotLogger] Test CasetestCheckoutWithValidData  passed
08:35:24 INFO  [BotLogger] Browser is opened
08:35:24 INFO  [BotLogger] Browser closed
08:35:25 INFO  [BotLogger] Browser is opened
08:35:26 INFO  [BotLogger] Browser is opened
08:35:26 INFO  [BotLogger] Test CaseinvalidEndToEndPurchaseFlow1  started
08:35:26 INFO  [BotLogger] Typed text: standard_user into element with locator: By.id: user-name
08:35:26 INFO  [BotLogger] Typed text: secret_sauce into element with locator: By.id: password
08:35:26 INFO  [BotLogger] Clicked on element: By.id: login-button
08:35:26 INFO  [BotLogger] Clicked on element: By.id: add-to-cart-sauce-labs-backpack
08:35:26 INFO  [BotLogger] Clicked on element: By.id: add-to-cart-sauce-labs-bike-light
08:35:26 INFO  [BotLogger] Clicked on element: By.id: add-to-cart-sauce-labs-bolt-t-shirt
08:35:26 INFO  [BotLogger] Clicked on element: By.id: shopping_cart_container
08:35:26 INFO  [BotLogger] Clicked on element: By.id: checkout
08:35:26 INFO  [BotLogger] Typed text:  into element with locator: By.id: first-name
08:35:26 INFO  [BotLogger] Typed text: Testing into element with locator: By.id: last-name
08:35:26 INFO  [BotLogger] Typed text: 201 into element with locator: By.id: postal-code
08:35:26 INFO  [BotLogger] Clicked on element: By.id: continue
08:35:26 INFO  [BotLogger] Test CaseinvalidEndToEndPurchaseFlow1  passed
08:35:26 INFO  [BotLogger] Browser is opened
08:35:26 INFO  [BotLogger] Browser closed
08:35:27 INFO  [BotLogger] Browser is opened
08:35:28 INFO  [BotLogger] Browser is opened
08:35:28 INFO  [BotLogger] Test CaseinvalidEndToEndPurchaseFlow2  started
08:35:28 INFO  [BotLogger] Typed text: standard_user into element with locator: By.id: user-name
08:35:28 INFO  [BotLogger] Typed text: secret_sauce into element with locator: By.id: password
08:35:28 INFO  [BotLogger] Clicked on element: By.id: login-button
08:35:28 INFO  [BotLogger] Clicked on element: By.id: add-to-cart-sauce-labs-backpack
08:35:28 INFO  [BotLogger] Clicked on element: By.id: add-to-cart-sauce-labs-bike-light
08:35:28 INFO  [BotLogger] Clicked on element: By.id: add-to-cart-sauce-labs-bolt-t-shirt
08:35:28 INFO  [BotLogger] Clicked on element: By.id: shopping_cart_container
08:35:28 INFO  [BotLogger] Clicked on element: By.id: checkout
08:35:28 INFO  [BotLogger] Typed text: NHA into element with locator: By.id: first-name
08:35:28 INFO  [BotLogger] Typed text:  into element with locator: By.id: last-name
08:35:28 INFO  [BotLogger] Typed text: 201 into element with locator: By.id: postal-code
08:35:28 INFO  [BotLogger] Clicked on element: By.id: continue
08:35:28 INFO  [BotLogger] Test CaseinvalidEndToEndPurchaseFlow2  passed
08:35:28 INFO  [BotLogger] Browser is opened
08:35:29 INFO  [BotLogger] Browser closed
08:35:29 INFO  [BotLogger] Browser is opened
08:35:30 INFO  [BotLogger] Browser is opened
08:35:30 INFO  [BotLogger] Test CaseinvalidEndToEndPurchaseFlow3  started
08:35:30 INFO  [BotLogger] Typed text: standard_user into element with locator: By.id: user-name
08:35:30 INFO  [BotLogger] Typed text: secret_sauce into element with locator: By.id: password
08:35:30 INFO  [BotLogger] Clicked on element: By.id: login-button
08:35:30 INFO  [BotLogger] Clicked on element: By.id: add-to-cart-sauce-labs-backpack
08:35:30 INFO  [BotLogger] Clicked on element: By.id: add-to-cart-sauce-labs-bike-light
08:35:30 INFO  [BotLogger] Clicked on element: By.id: add-to-cart-sauce-labs-bolt-t-shirt
08:35:30 INFO  [BotLogger] Clicked on element: By.id: shopping_cart_container
08:35:30 INFO  [BotLogger] Clicked on element: By.id: checkout
08:35:30 INFO  [BotLogger] Typed text: NHA into element with locator: By.id: first-name
08:35:31 INFO  [BotLogger] Typed text: Testing into element with locator: By.id: last-name
08:35:31 INFO  [BotLogger] Typed text:  into element with locator: By.id: postal-code
08:35:31 INFO  [BotLogger] Clicked on element: By.id: continue
08:35:31 INFO  [BotLogger] Test CaseinvalidEndToEndPurchaseFlow3  passed
08:35:31 INFO  [BotLogger] Browser is opened
08:35:31 INFO  [BotLogger] Browser closed
08:35:31 INFO  [BotLogger] Browser is opened
08:35:32 INFO  [BotLogger] Browser is opened
08:35:32 INFO  [BotLogger] Test CaseinvalidEndToEndPurchaseFlow4  started
08:35:32 INFO  [BotLogger] Typed text: standard_user into element with locator: By.id: user-name
08:35:32 INFO  [BotLogger] Typed text: secret_sauce into element with locator: By.id: password
08:35:32 INFO  [BotLogger] Clicked on element: By.id: login-button
08:35:32 INFO  [BotLogger] Clicked on element: By.id: add-to-cart-sauce-labs-backpack
08:35:32 INFO  [BotLogger] Clicked on element: By.id: add-to-cart-sauce-labs-bike-light
08:35:33 INFO  [BotLogger] Clicked on element: By.id: add-to-cart-sauce-labs-bolt-t-shirt
08:35:33 INFO  [BotLogger] Clicked on element: By.id: shopping_cart_container
08:35:33 INFO  [BotLogger] Clicked on element: By.id: checkout
08:35:33 INFO  [BotLogger] Typed text:  into element with locator: By.id: first-name
08:35:33 INFO  [BotLogger] Typed text: Testing into element with locator: By.id: last-name
08:35:33 INFO  [BotLogger] Typed text:  into element with locator: By.id: postal-code
08:35:33 INFO  [BotLogger] Clicked on element: By.id: cancel
08:35:33 INFO  [BotLogger] Test CaseinvalidEndToEndPurchaseFlow4  passed
08:35:33 INFO  [BotLogger] Browser is opened
08:35:33 INFO  [BotLogger] Browser closed
08:35:34 INFO  [BotLogger] Browser is opened
08:35:34 INFO  [BotLogger] Browser is opened
08:35:34 INFO  [BotLogger] Test CaseinvalidEndToEndPurchaseFlow5  started
08:35:34 INFO  [BotLogger] Typed text: standard_user into element with locator: By.id: user-name
08:35:34 INFO  [BotLogger] Typed text: secret_sauce into element with locator: By.id: password
08:35:35 INFO  [BotLogger] Clicked on element: By.id: login-button
08:35:35 INFO  [BotLogger] Clicked on element: By.id: add-to-cart-sauce-labs-backpack
08:35:35 INFO  [BotLogger] Clicked on element: By.id: add-to-cart-sauce-labs-bike-light
08:35:35 INFO  [BotLogger] Clicked on element: By.id: add-to-cart-sauce-labs-bolt-t-shirt
08:35:35 INFO  [BotLogger] Clicked on element: By.id: shopping_cart_container
08:35:35 INFO  [BotLogger] Clicked on element: By.id: checkout
08:35:35 INFO  [BotLogger] Typed text:  into element with locator: By.id: first-name
08:35:35 INFO  [BotLogger] Typed text:  into element with locator: By.id: last-name
08:35:35 INFO  [BotLogger] Typed text: 201 into element with locator: By.id: postal-code
08:35:35 INFO  [BotLogger] Clicked on element: By.id: continue
08:35:35 INFO  [BotLogger] Test CaseinvalidEndToEndPurchaseFlow5  passed
08:35:35 INFO  [BotLogger] Browser is opened
08:35:35 INFO  [BotLogger] Browser closed
08:35:36 INFO  [BotLogger] Browser is opened
08:35:36 INFO  [BotLogger] Browser is opened
08:35:36 INFO  [BotLogger] Test CaseinvalidEndToEndPurchaseFlow6  started
08:35:37 INFO  [BotLogger] Typed text: standard_user into element with locator: By.id: user-name
08:35:37 INFO  [BotLogger] Typed text: secret_sauce into element with locator: By.id: password
08:35:37 INFO  [BotLogger] Clicked on element: By.id: login-button
08:35:37 INFO  [BotLogger] Clicked on element: By.id: add-to-cart-sauce-labs-backpack
08:35:37 INFO  [BotLogger] Clicked on element: By.id: add-to-cart-sauce-labs-bike-light
08:35:37 INFO  [BotLogger] Clicked on element: By.id: add-to-cart-sauce-labs-bolt-t-shirt
08:35:37 INFO  [BotLogger] Clicked on element: By.id: shopping_cart_container
08:35:37 INFO  [BotLogger] Clicked on element: By.id: checkout
08:35:37 INFO  [BotLogger] Typed text: NHA into element with locator: By.id: first-name
08:35:37 INFO  [BotLogger] Typed text:  into element with locator: By.id: last-name
08:35:37 INFO  [BotLogger] Typed text: 201 into element with locator: By.id: postal-code
08:35:37 INFO  [BotLogger] Clicked on element: By.id: continue
08:35:37 INFO  [BotLogger] Clicked on element: By.id: cancel
08:35:37 INFO  [BotLogger] Test CaseinvalidEndToEndPurchaseFlow6  passed
08:35:37 INFO  [BotLogger] Browser is opened
08:35:37 INFO  [BotLogger] Browser closed
08:35:38 INFO  [BotLogger] Browser is opened
08:35:39 INFO  [BotLogger] Browser is opened
08:35:39 INFO  [BotLogger] Test CasevalidEndToEndPurchaseFlow1  started
08:35:39 INFO  [BotLogger] Typed text: standard_user into element with locator: By.id: user-name
08:35:39 INFO  [BotLogger] Typed text: secret_sauce into element with locator: By.id: password
08:35:39 INFO  [BotLogger] Clicked on element: By.id: login-button
08:35:39 INFO  [BotLogger] Clicked on element: By.id: add-to-cart-sauce-labs-backpack
08:35:39 INFO  [BotLogger] Clicked on element: By.id: add-to-cart-sauce-labs-bike-light
08:35:39 INFO  [BotLogger] Clicked on element: By.id: add-to-cart-sauce-labs-bolt-t-shirt
08:35:39 INFO  [BotLogger] Clicked on element: By.id: shopping_cart_container
08:35:39 INFO  [BotLogger] Clicked on element: By.id: checkout
08:35:39 INFO  [BotLogger] Typed text: NHA into element with locator: By.id: first-name
08:35:39 INFO  [BotLogger] Typed text: Testing into element with locator: By.id: last-name
08:35:39 INFO  [BotLogger] Typed text: 201 into element with locator: By.id: postal-code
08:35:39 INFO  [BotLogger] Clicked on element: By.id: continue
08:35:39 INFO  [BotLogger] Clicked on element: By.id: finish
08:35:40 INFO  [BotLogger] Test CasevalidEndToEndPurchaseFlow1  passed
08:35:40 INFO  [BotLogger] Browser is opened
08:35:40 INFO  [BotLogger] Browser closed
08:35:41 INFO  [BotLogger] Browser is opened
08:35:42 INFO  [BotLogger] Browser is opened
08:35:42 INFO  [BotLogger] Test CasevalidEndToEndPurchaseFlow2  started
08:35:42 INFO  [BotLogger] Typed text: standard_user into element with locator: By.id: user-name
08:35:42 INFO  [BotLogger] Typed text: secret_sauce into element with locator: By.id: password
08:35:42 INFO  [BotLogger] Clicked on element: By.id: login-button
08:35:42 INFO  [BotLogger] Clicked on element: By.id: add-to-cart-sauce-labs-backpack
08:35:42 INFO  [BotLogger] Clicked on element: By.id: add-to-cart-sauce-labs-bike-light
08:35:42 INFO  [BotLogger] Clicked on element: By.id: add-to-cart-sauce-labs-bolt-t-shirt
08:35:42 INFO  [BotLogger] Clicked on element: By.id: shopping_cart_container
08:35:42 INFO  [BotLogger] Clicked on element: By.id: checkout
08:35:42 INFO  [BotLogger] Typed text: NHA into element with locator: By.id: first-name
08:35:42 INFO  [BotLogger] Typed text: Testing into element with locator: By.id: last-name
08:35:42 INFO  [BotLogger] Typed text: 201 into element with locator: By.id: postal-code
08:35:42 INFO  [BotLogger] Clicked on element: By.id: continue
08:35:42 INFO  [BotLogger] Clicked on element: By.id: finish
08:35:42 INFO  [BotLogger] Clicked on element: By.xpath: //button[text()='Back Home']
08:35:42 INFO  [BotLogger] Test CasevalidEndToEndPurchaseFlow2  passed
08:35:42 INFO  [BotLogger] Browser is opened
08:35:42 INFO  [BotLogger] Browser closed
08:35:43 INFO  [BotLogger] Browser is opened
08:35:44 INFO  [BotLogger] Browser is opened
08:35:44 INFO  [BotLogger] Typed text: standard_user into element with locator: By.id: user-name
08:35:44 INFO  [BotLogger] Typed text: secret_sauce into element with locator: By.id: password
08:35:44 INFO  [BotLogger] Clicked on element: By.id: login-button
08:35:44 INFO  [BotLogger] Test CaseHome_Tc1_scrollAndCheckBadge  started
08:35:44 INFO  [BotLogger] Scrolled to element: By.className: footer
08:35:45 INFO  [BotLogger] Scrolled to element: By.className: app_logo
08:35:45 INFO  [BotLogger] Test CaseHome_Tc1_scrollAndCheckBadge  passed
08:35:45 INFO  [BotLogger] Browser is opened
08:35:45 INFO  [BotLogger] Browser closed
08:35:45 INFO  [BotLogger] Browser is opened
08:35:53 INFO  [BotLogger] Browser is opened
08:35:53 INFO  [BotLogger] Typed text: standard_user into element with locator: By.id: user-name
08:35:53 INFO  [BotLogger] Typed text: secret_sauce into element with locator: By.id: password
08:35:53 INFO  [BotLogger] Clicked on element: By.id: login-button
08:35:53 INFO  [BotLogger] Test CaseHome_Tc2_testOpenMenu  started
08:35:53 INFO  [BotLogger] Clicked on element: By.xpath: //button[@id='react-burger-menu-btn']
08:35:53 INFO  [BotLogger] Element displayed status for locator By.id: menu_button_container: true
08:35:53 INFO  [BotLogger] Test CaseHome_Tc2_testOpenMenu  passed
08:35:53 INFO  [BotLogger] Browser is opened
08:35:53 INFO  [BotLogger] Browser closed
08:35:54 INFO  [BotLogger] Browser is opened
08:35:55 INFO  [BotLogger] Browser is opened
08:35:55 INFO  [BotLogger] Typed text: standard_user into element with locator: By.id: user-name
08:35:55 INFO  [BotLogger] Typed text: secret_sauce into element with locator: By.id: password
08:35:55 INFO  [BotLogger] Clicked on element: By.id: login-button
08:35:55 INFO  [BotLogger] Test CaseHome_Tc3_addMultipleProducts  started
08:35:55 INFO  [BotLogger] Clicked on element: By.id: add-to-cart-sauce-labs-backpack
08:35:55 INFO  [BotLogger] Clicked on element: By.id: add-to-cart-sauce-labs-bike-light
08:35:55 INFO  [BotLogger] Clicked on element: By.id: add-to-cart-sauce-labs-bolt-t-shirt
08:35:55 INFO  [BotLogger] Test CaseHome_Tc3_addMultipleProducts  passed
08:35:55 INFO  [BotLogger] Browser is opened
08:35:55 INFO  [BotLogger] Browser closed
08:35:56 INFO  [BotLogger] Browser is opened
08:35:57 INFO  [BotLogger] Browser is opened
08:35:57 INFO  [BotLogger] Typed text: standard_user into element with locator: By.id: user-name
08:35:57 INFO  [BotLogger] Typed text: secret_sauce into element with locator: By.id: password
08:35:57 INFO  [BotLogger] Clicked on element: By.id: login-button
08:35:57 INFO  [BotLogger] Test CaseHome_Tc4_removeProducts  started
08:35:57 INFO  [BotLogger] Clicked on element: By.id: add-to-cart-sauce-labs-backpack
08:35:57 INFO  [BotLogger] Clicked on element: By.id: add-to-cart-sauce-labs-bike-light
08:35:57 INFO  [BotLogger] Clicked on element: By.id: add-to-cart-sauce-labs-bolt-t-shirt
08:35:57 INFO  [BotLogger] Clicked on element: By.id: remove-sauce-labs-backpack
08:35:57 INFO  [BotLogger] Clicked on element: By.id: remove-sauce-labs-bike-light
08:35:57 INFO  [BotLogger] Clicked on element: By.id: remove-sauce-labs-bolt-t-shirt
08:35:57 INFO  [BotLogger] Test CaseHome_Tc4_removeProducts  passed
08:35:57 INFO  [BotLogger] Browser is opened
08:35:57 INFO  [BotLogger] Browser closed
08:35:58 INFO  [BotLogger] Browser is opened
08:35:59 INFO  [BotLogger] Browser is opened
08:35:59 INFO  [BotLogger] Test CasetestValidLogin  started
08:35:59 INFO  [BotLogger] Typed text: standard_user into element with locator: By.id: user-name
08:35:59 INFO  [BotLogger] Typed text: secret_sauce into element with locator: By.id: password
08:35:59 INFO  [BotLogger] Clicked on element: By.id: login-button
08:35:59 INFO  [BotLogger] Test CasetestValidLogin  passed
08:35:59 INFO  [BotLogger] Browser is opened
08:35:59 INFO  [BotLogger] Browser closed
08:36:00 INFO  [BotLogger] Browser is opened
08:36:01 INFO  [BotLogger] Browser is opened
08:36:01 INFO  [BotLogger] Test CasetestValidLogin  started
08:36:01 INFO  [BotLogger] Typed text: problem_user into element with locator: By.id: user-name
08:36:01 INFO  [BotLogger] Typed text: secret_sauce into element with locator: By.id: password
08:36:01 INFO  [BotLogger] Clicked on element: By.id: login-button
08:36:01 INFO  [BotLogger] Test CasetestValidLogin  passed
08:36:01 INFO  [BotLogger] Browser is opened
08:36:01 INFO  [BotLogger] Browser closed
08:36:02 INFO  [BotLogger] Browser is opened
08:36:02 INFO  [BotLogger] Browser is opened
08:36:02 INFO  [BotLogger] Test CasetestValidLogin  started
08:36:03 INFO  [BotLogger] Typed text: performance_glitch_user into element with locator: By.id: user-name
08:36:03 INFO  [BotLogger] Typed text: secret_sauce into element with locator: By.id: password
08:36:08 INFO  [BotLogger] Clicked on element: By.id: login-button
08:36:08 INFO  [BotLogger] Test CasetestValidLogin  passed
08:36:08 INFO  [BotLogger] Browser is opened
08:36:08 INFO  [BotLogger] Browser closed
08:36:09 INFO  [BotLogger] Browser is opened
08:36:09 INFO  [BotLogger] Browser is opened
08:36:09 INFO  [BotLogger] Test CasetestSuccessfulLoginVerifyProductsPage  started
08:36:09 INFO  [BotLogger] Typed text: standard_user into element with locator: By.id: user-name
08:36:09 INFO  [BotLogger] Typed text: secret_sauce into element with locator: By.id: password
08:36:10 INFO  [BotLogger] Clicked on element: By.id: login-button
08:36:10 INFO  [BotLogger] Element displayed status for locator By.className: title: true
08:36:10 INFO  [BotLogger] Test CasetestSuccessfulLoginVerifyProductsPage  passed
08:36:10 INFO  [BotLogger] Browser is opened
08:36:10 INFO  [BotLogger] Browser closed
08:36:10 INFO  [BotLogger] Browser is opened
08:36:11 INFO  [BotLogger] Browser is opened
08:36:11 INFO  [BotLogger] Test CasetestSuccessfulLoginVerifyProductsPage  started
08:36:11 INFO  [BotLogger] Typed text: problem_user into element with locator: By.id: user-name
08:36:11 INFO  [BotLogger] Typed text: secret_sauce into element with locator: By.id: password
08:36:11 INFO  [BotLogger] Clicked on element: By.id: login-button
08:36:11 INFO  [BotLogger] Element displayed status for locator By.className: title: true
08:36:11 INFO  [BotLogger] Test CasetestSuccessfulLoginVerifyProductsPage  passed
08:36:11 INFO  [BotLogger] Browser is opened
08:36:11 INFO  [BotLogger] Browser closed
08:36:12 INFO  [BotLogger] Browser is opened
08:36:13 INFO  [BotLogger] Browser is opened
08:36:13 INFO  [BotLogger] Test CasetestSuccessfulLoginVerifyProductsPage  started
08:36:13 INFO  [BotLogger] Typed text: performance_glitch_user into element with locator: By.id: user-name
08:36:13 INFO  [BotLogger] Typed text: secret_sauce into element with locator: By.id: password
08:36:18 INFO  [BotLogger] Clicked on element: By.id: login-button
08:36:18 INFO  [BotLogger] Element displayed status for locator By.className: title: true
08:36:18 INFO  [BotLogger] Test CasetestSuccessfulLoginVerifyProductsPage  passed
08:36:18 INFO  [BotLogger] Browser is opened
08:36:18 INFO  [BotLogger] Browser closed
08:36:19 INFO  [BotLogger] Browser is opened
08:36:20 INFO  [BotLogger] Browser is opened
08:36:20 INFO  [BotLogger] Test CasetestInvalidLogin  started
08:36:20 INFO  [BotLogger] Typed text: invalid_user into element with locator: By.id: user-name
08:36:20 INFO  [BotLogger] Typed text: secret_sauce into element with locator: By.id: password
08:36:20 INFO  [BotLogger] Clicked on element: By.id: login-button
08:36:20 INFO  [BotLogger] Test CasetestInvalidLogin  passed
08:36:20 INFO  [BotLogger] Browser is opened
08:36:20 INFO  [BotLogger] Browser closed
08:36:21 INFO  [BotLogger] Browser is opened
08:36:22 INFO  [BotLogger] Browser is opened
08:36:22 INFO  [BotLogger] Test CasetestInvalidLogin  started
08:36:22 INFO  [BotLogger] Typed text: wrong_user into element with locator: By.id: user-name
08:36:22 INFO  [BotLogger] Typed text: wrong_password into element with locator: By.id: password
08:36:22 INFO  [BotLogger] Clicked on element: By.id: login-button
08:36:22 INFO  [BotLogger] Test CasetestInvalidLogin  passed
08:36:22 INFO  [BotLogger] Browser is opened
08:36:22 INFO  [BotLogger] Browser closed
08:36:23 INFO  [BotLogger] Browser is opened
08:36:24 INFO  [BotLogger] Browser is opened
08:36:24 INFO  [BotLogger] Test CasetestInvalidLogin  started
08:36:24 INFO  [BotLogger] Typed text: fake_user into element with locator: By.id: user-name
08:36:24 INFO  [BotLogger] Typed text: fake_pass into element with locator: By.id: password
08:36:24 INFO  [BotLogger] Clicked on element: By.id: login-button
08:36:24 INFO  [BotLogger] Test CasetestInvalidLogin  passed
08:36:24 INFO  [BotLogger] Browser is opened
08:36:24 INFO  [BotLogger] Browser closed
08:36:25 INFO  [BotLogger] Browser is opened
08:36:26 INFO  [BotLogger] Browser is opened
08:36:26 INFO  [BotLogger] Test CasetestEmptyFields  started
08:36:26 INFO  [BotLogger] Typed text:  into element with locator: By.id: user-name
08:36:26 INFO  [BotLogger] Typed text: secret_sauce into element with locator: By.id: password
08:36:26 INFO  [BotLogger] Clicked on element: By.id: login-button
08:36:26 INFO  [BotLogger] Test CasetestEmptyFields  passed
08:36:26 INFO  [BotLogger] Browser is opened
08:36:26 INFO  [BotLogger] Browser closed
08:36:27 INFO  [BotLogger] Browser is opened
08:36:28 INFO  [BotLogger] Browser is opened
08:36:28 INFO  [BotLogger] Test CasetestEmptyFields  started
08:36:28 INFO  [BotLogger] Typed text: standard_user into element with locator: By.id: user-name
08:36:28 INFO  [BotLogger] Typed text:  into element with locator: By.id: password
08:36:28 INFO  [BotLogger] Clicked on element: By.id: login-button
08:36:28 INFO  [BotLogger] Test CasetestEmptyFields  passed
08:36:28 INFO  [BotLogger] Browser is opened
08:36:28 INFO  [BotLogger] Browser closed
08:36:29 INFO  [BotLogger] Browser is opened
08:36:30 INFO  [BotLogger] Browser is opened
08:36:30 INFO  [BotLogger] Test CasetestEmptyFields  started
08:36:30 INFO  [BotLogger] Typed text:  into element with locator: By.id: user-name
08:36:30 INFO  [BotLogger] Typed text:  into element with locator: By.id: password
08:36:30 INFO  [BotLogger] Clicked on element: By.id: login-button
08:36:30 INFO  [BotLogger] Test CasetestEmptyFields  passed
08:36:30 INFO  [BotLogger] Browser is opened
08:36:30 INFO  [BotLogger] Browser closed
08:36:31 INFO  [BotLogger] Browser is opened
08:36:32 INFO  [BotLogger] Browser is opened
08:36:32 INFO  [BotLogger] Test CasetestLockedOutUser  started
08:36:32 INFO  [BotLogger] Typed text: locked_out_user into element with locator: By.id: user-name
08:36:32 INFO  [BotLogger] Typed text: secret_sauce into element with locator: By.id: password
08:36:32 INFO  [BotLogger] Clicked on element: By.id: login-button
08:36:32 INFO  [BotLogger] Test CasetestLockedOutUser  passed
08:36:32 INFO  [BotLogger] Browser is opened
08:36:32 INFO  [BotLogger] Browser closed
08:36:33 INFO  [BotLogger] Browser is opened
08:36:34 INFO  [BotLogger] Browser is opened
08:36:34 INFO  [BotLogger] Test CasevalidLoginWithJasonData  started
08:36:34 INFO  [BotLogger] Typed text: standard_user into element with locator: By.id: user-name
08:36:34 INFO  [BotLogger] Typed text: secret_sauce into element with locator: By.id: password
08:36:34 INFO  [BotLogger] Clicked on element: By.id: login-button
08:36:34 INFO  [BotLogger] Test CasevalidLoginWithJasonData  passed
08:36:34 INFO  [BotLogger] Browser is opened
08:36:34 INFO  [BotLogger] Browser closed
08:36:35 INFO  [BotLogger] Browser is opened
08:36:36 INFO  [BotLogger] Browser is opened
08:36:36 INFO  [BotLogger] Typed text: standard_user into element with locator: By.id: user-name
08:36:36 INFO  [BotLogger] Typed text: secret_sauce into element with locator: By.id: password
08:36:36 INFO  [BotLogger] Clicked on element: By.id: login-button
08:36:36 INFO  [BotLogger] Test CasesortingTest  started
08:36:36 INFO  [BotLogger] Test CasesortingTest  passed
08:36:36 INFO  [BotLogger] Browser is opened
08:36:36 INFO  [BotLogger] Browser closed
08:36:37 INFO  [BotLogger] Browser is opened
08:36:38 INFO  [BotLogger] Browser is opened
08:36:38 INFO  [BotLogger] Typed text: standard_user into element with locator: By.id: user-name
08:36:38 INFO  [BotLogger] Typed text: secret_sauce into element with locator: By.id: password
08:36:38 INFO  [BotLogger] Clicked on element: By.id: login-button
08:36:38 INFO  [BotLogger] Test CasesortingTest  started
08:36:38 INFO  [BotLogger] Test CasesortingTest  passed
08:36:38 INFO  [BotLogger] Browser is opened
08:36:38 INFO  [BotLogger] Browser closed
08:36:39 INFO  [BotLogger] Browser is opened
08:36:40 INFO  [BotLogger] Browser is opened
08:36:40 INFO  [BotLogger] Typed text: standard_user into element with locator: By.id: user-name
08:36:40 INFO  [BotLogger] Typed text: secret_sauce into element with locator: By.id: password
08:36:40 INFO  [BotLogger] Clicked on element: By.id: login-button
08:36:40 INFO  [BotLogger] Test CasesortingTest  started
08:36:40 INFO  [BotLogger] Test CasesortingTest  passed
08:36:40 INFO  [BotLogger] Browser is opened
08:36:40 INFO  [BotLogger] Browser closed
08:36:41 INFO  [BotLogger] Browser is opened
08:36:42 INFO  [BotLogger] Browser is opened
08:36:42 INFO  [BotLogger] Typed text: standard_user into element with locator: By.id: user-name
08:36:42 INFO  [BotLogger] Typed text: secret_sauce into element with locator: By.id: password
08:36:42 INFO  [BotLogger] Clicked on element: By.id: login-button
08:36:42 INFO  [BotLogger] Test CasesortingTest  started
08:36:42 INFO  [BotLogger] Test CasesortingTest  passed
08:36:42 INFO  [BotLogger] Browser is opened
08:36:42 INFO  [BotLogger] Browser closed
