17:37:44 INFO  [BotLogger] Browser is opened
17:37:45 INFO  [BotLogger] Browser is opened
17:37:45 INFO  [BotLogger] Typed text: standard_user into element with locator: By.id: user-name
17:37:45 INFO  [BotLogger] Typed text: secret_sauce into element with locator: By.id: password
17:37:45 INFO  [BotLogger] Clicked on: By.id: login-button
17:37:45 INFO  [BotLogger] Test CasesortingTest  started
17:37:45 INFO  [BotLogger] Test CasesortingTest  passed
17:37:45 INFO  [BotLogger] Browser is opened
17:37:45 INFO  [BotLogger] Browser closed
17:37:46 INFO  [BotLogger] Browser is opened
17:37:47 INFO  [BotLogger] Browser is opened
17:37:47 INFO  [BotLogger] Typed text: standard_user into element with locator: By.id: user-name
17:37:47 INFO  [BotLogger] Typed text: secret_sauce into element with locator: By.id: password
17:37:47 INFO  [BotLogger] Clicked on: By.id: login-button
17:37:47 INFO  [BotLogger] Test CasesortingTest  started
17:37:47 INFO  [BotLogger] Test CasesortingTest  passed
17:37:47 INFO  [BotLogger] Browser is opened
17:37:47 INFO  [BotLogger] Browser closed
17:37:48 INFO  [BotLogger] Browser is opened
17:37:49 INFO  [BotLogger] Browser is opened
17:37:49 INFO  [BotLogger] Typed text: standard_user into element with locator: By.id: user-name
17:37:49 INFO  [BotLogger] Typed text: secret_sauce into element with locator: By.id: password
17:37:49 INFO  [BotLogger] Clicked on: By.id: login-button
17:37:49 INFO  [BotLogger] Test CasesortingTest  started
17:37:49 INFO  [BotLogger] Test CasesortingTest  passed
17:37:49 INFO  [BotLogger] Browser is opened
17:37:49 INFO  [BotLogger] Browser closed
17:37:50 INFO  [BotLogger] Browser is opened
17:37:51 INFO  [BotLogger] Browser is opened
17:37:51 INFO  [BotLogger] Typed text: standard_user into element with locator: By.id: user-name
17:37:51 INFO  [BotLogger] Typed text: secret_sauce into element with locator: By.id: password
17:37:51 INFO  [BotLogger] Clicked on: By.id: login-button
17:37:51 INFO  [BotLogger] Test CasesortingTest  started
17:37:51 INFO  [BotLogger] Test CasesortingTest  passed
17:37:51 INFO  [BotLogger] Browser is opened
17:37:52 INFO  [BotLogger] Browser closed
