07:19:27 INFO  [BotLogger] Chrome driver is opened
07:19:30 INFO  [BotLogger] Bot is initialized
07:19:30 INFO  [BotLogger] Navigating to Login Page...
07:19:31 INFO  [BotLogger] Navigated to: https://www.saucedemo.com/
07:19:32 INFO  [BotLogger] Typed text: standard_user into element with locator: By.id: user-name
07:19:32 INFO  [BotLogger] Typed text: secret_sauce into element with locator: By.id: password
07:19:32 INFO  [BotLogger] Clicked on element: By.id: login-button
07:19:32 INFO  [BotLogger] Test CaseCart_Tc1_openCartAfterAddingItems  started
07:19:32 INFO  [BotLogger] Clicked on element: By.id: add-to-cart-sauce-labs-backpack
07:19:32 INFO  [BotLogger] Clicked on element: By.id: shopping_cart_container
07:19:33 INFO  [BotLogger] Test CaseCart_Tc1_openCartAfterAddingItems  passed
07:19:33 INFO  [BotLogger] Closing browser...
07:19:34 INFO  [BotLogger] Browser closed
07:19:34 INFO  [BotLogger] Chrome driver is opened
07:19:35 INFO  [BotLogger] Bot is initialized
07:19:35 INFO  [BotLogger] Navigating to Login Page...
07:19:35 INFO  [BotLogger] Navigated to: https://www.saucedemo.com/
07:19:36 INFO  [BotLogger] Typed text: standard_user into element with locator: By.id: user-name
07:19:36 INFO  [BotLogger] Typed text: secret_sauce into element with locator: By.id: password
07:19:37 INFO  [BotLogger] Clicked on element: By.id: login-button
07:19:37 INFO  [BotLogger] Test CaseCart_Tc2_removeItemFromCart  started
07:19:37 INFO  [BotLogger] Clicked on element: By.id: add-to-cart-sauce-labs-backpack
07:19:37 INFO  [BotLogger] Clicked on element: By.id: shopping_cart_container
07:19:37 INFO  [BotLogger] Clicked on element: By.xpath: (//button[@class='btn btn_secondary btn_small cart_button'])[1]
07:19:37 INFO  [BotLogger] Test CaseCart_Tc2_removeItemFromCart  passed
07:19:37 INFO  [BotLogger] Closing browser...
07:19:38 INFO  [BotLogger] Browser closed
07:19:38 INFO  [BotLogger] Chrome driver is opened
07:19:39 INFO  [BotLogger] Bot is initialized
07:19:39 INFO  [BotLogger] Navigating to Login Page...
07:19:39 INFO  [BotLogger] Navigated to: https://www.saucedemo.com/
07:19:40 INFO  [BotLogger] Typed text: standard_user into element with locator: By.id: user-name
07:19:41 INFO  [BotLogger] Typed text: secret_sauce into element with locator: By.id: password
07:19:41 INFO  [BotLogger] Clicked on element: By.id: login-button
07:19:41 INFO  [BotLogger] Test CaseCart_Tc3_checkoutWithOneItem  started
07:19:41 INFO  [BotLogger] Clicked on element: By.id: add-to-cart-sauce-labs-backpack
07:19:41 INFO  [BotLogger] Clicked on element: By.id: shopping_cart_container
07:19:42 INFO  [BotLogger] Clicked on element: By.id: checkout
07:19:42 INFO  [BotLogger] Test CaseCart_Tc3_checkoutWithOneItem  passed
07:19:42 INFO  [BotLogger] Closing browser...
07:19:42 INFO  [BotLogger] Browser closed
07:19:42 INFO  [BotLogger] Chrome driver is opened
07:19:43 INFO  [BotLogger] Bot is initialized
07:19:43 INFO  [BotLogger] Navigating to Login Page...
07:19:44 INFO  [BotLogger] Navigated to: https://www.saucedemo.com/
07:19:45 INFO  [BotLogger] Typed text: standard_user into element with locator: By.id: user-name
07:19:45 INFO  [BotLogger] Typed text: secret_sauce into element with locator: By.id: password
07:19:45 INFO  [BotLogger] Clicked on element: By.id: login-button
07:19:45 INFO  [BotLogger] Test CaseCart_Tc4_checkoutWithMultipleItems  started
07:19:45 INFO  [BotLogger] Clicked on element: By.id: add-to-cart-sauce-labs-backpack
07:19:45 INFO  [BotLogger] Clicked on element: By.id: add-to-cart-sauce-labs-bike-light
07:19:45 INFO  [BotLogger] Clicked on element: By.id: add-to-cart-sauce-labs-bolt-t-shirt
07:19:46 INFO  [BotLogger] Clicked on element: By.id: shopping_cart_container
07:19:46 INFO  [BotLogger] Clicked on element: By.id: checkout
07:19:46 INFO  [BotLogger] Test CaseCart_Tc4_checkoutWithMultipleItems  passed
07:19:46 INFO  [BotLogger] Closing browser...
07:19:47 INFO  [BotLogger] Browser closed
