08:11:21 INFO  [BotLogger] Browser is opened
08:11:22 INFO  [BotLogger] Browser is opened
08:11:22 INFO  [BotLogger] Test CasevalidEndToEndPurchaseFlow2  started
08:11:22 INFO  [BotLogger] Typed text: standard_user into element with locator: By.id: user-name
08:11:22 INFO  [BotLogger] Typed text: secret_sauce into element with locator: By.id: password
08:11:22 INFO  [BotLogger] Clicked on element: By.id: login-button
08:11:22 INFO  [BotLogger] Clicked on element: By.id: add-to-cart-sauce-labs-backpack
08:11:23 INFO  [BotLogger] Clicked on element: By.id: add-to-cart-sauce-labs-bike-light
08:11:23 INFO  [BotLogger] Clicked on element: By.id: add-to-cart-sauce-labs-bolt-t-shirt
08:11:23 INFO  [BotLogger] Clicked on element: By.id: shopping_cart_container
08:11:23 INFO  [BotLogger] Clicked on element: By.id: checkout
08:11:23 INFO  [BotLogger] Typed text: NHA into element with locator: By.id: first-name
08:11:23 INFO  [BotLogger] Typed text: Testing into element with locator: By.id: last-name
08:11:23 INFO  [BotLogger] Typed text: 201 into element with locator: By.id: postal-code
08:11:23 INFO  [BotLogger] Clicked on element: By.id: continue
08:11:23 INFO  [BotLogger] Clicked on element: By.id: finish
08:11:23 INFO  [BotLogger] Clicked on element: By.xpath: //button[text()='Back Home']
08:11:23 INFO  [BotLogger] Test CasevalidEndToEndPurchaseFlow2  passed
08:11:23 INFO  [BotLogger] Browser is opened
08:11:23 INFO  [BotLogger] Browser closed
