03:59:38 INFO  [BotLogger] Browser is opened
03:59:38 INFO  [BotLogger] Test CasetestValidLogin  started
03:59:39 INFO  [BotLogger] Navigated to: https://www.saucedemo.com/
03:59:39 INFO  [BotLogger] Typed text: standard_user into element with locator: By.id: user-name
03:59:39 INFO  [BotLogger] Typed text: secret_sauce into element with locator: By.id: password
03:59:40 INFO  [BotLogger] Clicked on element: By.id: login-button
03:59:40 INFO  [BotLogger] Test CasetestValidLogin  passed
03:59:40 INFO  [BotLogger] Browser is opened
03:59:40 INFO  [BotLogger] Browser closed
03:59:41 INFO  [BotLogger] Browser is opened
03:59:41 INFO  [BotLogger] Test CasetestValidLogin  started
03:59:42 INFO  [BotLogger] Navigated to: https://www.saucedemo.com/
03:59:42 INFO  [BotLogger] Typed text: problem_user into element with locator: By.id: user-name
03:59:42 INFO  [BotLogger] Typed text: secret_sauce into element with locator: By.id: password
03:59:42 INFO  [BotLogger] Clicked on element: By.id: login-button
03:59:42 INFO  [BotLogger] Test CasetestValidLogin  passed
03:59:42 INFO  [BotLogger] Browser is opened
03:59:42 INFO  [BotLogger] Browser closed
03:59:43 INFO  [BotLogger] Browser is opened
03:59:43 INFO  [BotLogger] Test CasetestValidLogin  started
03:59:44 INFO  [BotLogger] Navigated to: https://www.saucedemo.com/
03:59:44 INFO  [BotLogger] Typed text: performance_glitch_user into element with locator: By.id: user-name
03:59:44 INFO  [BotLogger] Typed text: secret_sauce into element with locator: By.id: password
03:59:50 INFO  [BotLogger] Clicked on element: By.id: login-button
03:59:50 INFO  [BotLogger] Test CasetestValidLogin  passed
03:59:50 INFO  [BotLogger] Browser is opened
03:59:50 INFO  [BotLogger] Browser closed
