20:51:59 INFO  [BotLogger] Browser is opened
20:52:00 INFO  [BotLogger] Browser is opened
20:52:00 INFO  [BotLogger] Typed text: standard_user into element with locator: By.id: user-name
20:52:00 INFO  [BotLogger] Typed text: secret_sauce into element with locator: By.id: password
20:52:00 INFO  [BotLogger] Clicked on: By.id: login-button
20:52:00 INFO  [BotLogger] Test CaseCart_Tc1_openCartAfterAddingItems  started
20:52:00 INFO  [BotLogger] Clicked on: By.id: add-to-cart-sauce-labs-backpack
20:52:00 INFO  [BotLogger] Clicked on: By.id: shopping_cart_container
20:52:01 INFO  [BotLogger] Test CaseCart_Tc1_openCartAfterAddingItems  passed
20:52:01 INFO  [BotLogger] Browser is opened
20:52:01 INFO  [BotLogger] Browser closed
20:52:02 INFO  [BotLogger] Browser is opened
20:52:02 INFO  [BotLogger] Browser is opened
20:52:03 INFO  [BotLogger] Typed text: standard_user into element with locator: By.id: user-name
20:52:03 INFO  [BotLogger] Typed text: secret_sauce into element with locator: By.id: password
20:52:03 INFO  [BotLogger] Clicked on: By.id: login-button
20:52:03 INFO  [BotLogger] Test CaseCart_Tc2_removeItemFromCart  started
20:52:03 INFO  [BotLogger] Clicked on: By.id: add-to-cart-sauce-labs-backpack
20:52:03 INFO  [BotLogger] Clicked on: By.id: shopping_cart_container
20:52:03 INFO  [BotLogger] Clicked on: By.xpath: (//button[@class='btn btn_secondary btn_small cart_button'])[1]
20:52:03 INFO  [BotLogger] Test CaseCart_Tc2_removeItemFromCart  passed
20:52:03 INFO  [BotLogger] Browser is opened
20:52:03 INFO  [BotLogger] Browser closed
20:52:04 INFO  [BotLogger] Browser is opened
20:52:05 INFO  [BotLogger] Browser is opened
20:52:05 INFO  [BotLogger] Typed text: standard_user into element with locator: By.id: user-name
20:52:05 INFO  [BotLogger] Typed text: secret_sauce into element with locator: By.id: password
20:52:05 INFO  [BotLogger] Clicked on: By.id: login-button
20:52:05 INFO  [BotLogger] Test CaseCart_Tc3_checkoutWithOneItem  started
20:52:05 INFO  [BotLogger] Clicked on: By.id: add-to-cart-sauce-labs-backpack
20:52:05 INFO  [BotLogger] Clicked on: By.id: shopping_cart_container
20:52:05 INFO  [BotLogger] Clicked on: By.id: checkout
20:52:05 INFO  [BotLogger] Test CaseCart_Tc3_checkoutWithOneItem  passed
20:52:05 INFO  [BotLogger] Browser is opened
20:52:06 INFO  [BotLogger] Browser closed
20:52:06 INFO  [BotLogger] Browser is opened
20:52:07 INFO  [BotLogger] Browser is opened
20:52:07 INFO  [BotLogger] Typed text: standard_user into element with locator: By.id: user-name
20:52:07 INFO  [BotLogger] Typed text: secret_sauce into element with locator: By.id: password
20:52:08 INFO  [BotLogger] Clicked on: By.id: login-button
20:52:08 INFO  [BotLogger] Test CaseCart_Tc4_checkoutWithMultipleItems  started
20:52:08 INFO  [BotLogger] Clicked on: By.id: add-to-cart-sauce-labs-backpack
20:52:08 INFO  [BotLogger] Clicked on: By.id: add-to-cart-sauce-labs-bike-light
20:52:08 INFO  [BotLogger] Clicked on: By.id: add-to-cart-sauce-labs-bolt-t-shirt
20:52:08 INFO  [BotLogger] Clicked on: By.id: shopping_cart_container
20:52:08 INFO  [BotLogger] Clicked on: By.id: checkout
20:52:08 INFO  [BotLogger] Test CaseCart_Tc4_checkoutWithMultipleItems  passed
20:52:08 INFO  [BotLogger] Browser is opened
20:52:08 INFO  [BotLogger] Browser closed
