04:49:23 INFO  [BotLogger] Browser is opened
04:49:23 INFO  [BotLogger] Test CasetestValidLogin  started
04:49:24 INFO  [BotLogger] Navigated to: https://www.saucedemo.com/
04:49:24 INFO  [BotLogger] Typed text: standard_user into element with locator: By.id: user-name
04:49:24 INFO  [BotLogger] Typed text: secret_sauce into element with locator: By.id: password
04:49:24 INFO  [BotLogger] Clicked on element: By.id: login-button
04:49:24 INFO  [BotLogger] Test CasetestValidLogin  passed
04:49:24 INFO  [BotLogger] Browser is opened
04:49:25 INFO  [BotLogger] Browser closed
04:49:26 INFO  [BotLogger] Browser is opened
04:49:26 INFO  [BotLogger] Test CasetestValidLogin  started
04:49:27 INFO  [BotLogger] Navigated to: https://www.saucedemo.com/
04:49:27 INFO  [BotLogger] Typed text: problem_user into element with locator: By.id: user-name
04:49:27 INFO  [BotLogger] Typed text: secret_sauce into element with locator: By.id: password
04:49:27 INFO  [BotLogger] Clicked on element: By.id: login-button
04:49:27 INFO  [BotLogger] Test CasetestValidLogin  passed
04:49:27 INFO  [BotLogger] Browser is opened
04:49:27 INFO  [BotLogger] Browser closed
04:49:28 INFO  [BotLogger] Browser is opened
04:49:28 INFO  [BotLogger] Test CasetestValidLogin  started
04:49:29 INFO  [BotLogger] Navigated to: https://www.saucedemo.com/
04:49:30 INFO  [BotLogger] Typed text: performance_glitch_user into element with locator: By.id: user-name
04:49:30 INFO  [BotLogger] Typed text: secret_sauce into element with locator: By.id: password
04:49:35 INFO  [BotLogger] Clicked on element: By.id: login-button
04:49:35 INFO  [BotLogger] Test CasetestValidLogin  passed
04:49:35 INFO  [BotLogger] Browser is opened
04:49:35 INFO  [BotLogger] Browser closed
04:49:36 INFO  [BotLogger] Browser is opened
04:49:36 INFO  [BotLogger] Test CasetestSuccessfulLoginVerifyProductsPage  started
04:49:37 INFO  [BotLogger] Navigated to: https://www.saucedemo.com/
04:49:37 INFO  [BotLogger] Typed text: standard_user into element with locator: By.id: user-name
04:49:37 INFO  [BotLogger] Typed text: secret_sauce into element with locator: By.id: password
04:49:37 INFO  [BotLogger] Clicked on element: By.id: login-button
04:49:37 INFO  [BotLogger] Element displayed status for locator By.className: title: true
04:49:37 INFO  [BotLogger] Test CasetestSuccessfulLoginVerifyProductsPage  passed
04:49:37 INFO  [BotLogger] Browser is opened
04:49:38 INFO  [BotLogger] Browser closed
04:49:39 INFO  [BotLogger] Browser is opened
04:49:39 INFO  [BotLogger] Test CasetestSuccessfulLoginVerifyProductsPage  started
04:49:40 INFO  [BotLogger] Navigated to: https://www.saucedemo.com/
04:49:40 INFO  [BotLogger] Typed text: problem_user into element with locator: By.id: user-name
04:49:40 INFO  [BotLogger] Typed text: secret_sauce into element with locator: By.id: password
04:49:40 INFO  [BotLogger] Clicked on element: By.id: login-button
04:49:40 INFO  [BotLogger] Element displayed status for locator By.className: title: true
04:49:40 INFO  [BotLogger] Test CasetestSuccessfulLoginVerifyProductsPage  passed
04:49:40 INFO  [BotLogger] Browser is opened
04:49:40 INFO  [BotLogger] Browser closed
04:49:41 INFO  [BotLogger] Browser is opened
04:49:41 INFO  [BotLogger] Test CasetestSuccessfulLoginVerifyProductsPage  started
04:49:42 INFO  [BotLogger] Navigated to: https://www.saucedemo.com/
04:49:42 INFO  [BotLogger] Typed text: performance_glitch_user into element with locator: By.id: user-name
04:49:43 INFO  [BotLogger] Typed text: secret_sauce into element with locator: By.id: password
04:49:48 INFO  [BotLogger] Clicked on element: By.id: login-button
04:49:48 INFO  [BotLogger] Element displayed status for locator By.className: title: true
04:49:48 INFO  [BotLogger] Test CasetestSuccessfulLoginVerifyProductsPage  passed
04:49:48 INFO  [BotLogger] Browser is opened
04:49:48 INFO  [BotLogger] Browser closed
04:49:49 INFO  [BotLogger] Browser is opened
04:49:49 INFO  [BotLogger] Test CasetestInvalidLogin  started
04:49:50 INFO  [BotLogger] Navigated to: https://www.saucedemo.com/
04:49:50 INFO  [BotLogger] Typed text: invalid_user into element with locator: By.id: user-name
04:49:50 INFO  [BotLogger] Typed text: secret_sauce into element with locator: By.id: password
04:49:50 INFO  [BotLogger] Clicked on element: By.id: login-button
04:49:51 INFO  [BotLogger] Test CasetestInvalidLogin  passed
04:49:51 INFO  [BotLogger] Browser is opened
04:49:51 INFO  [BotLogger] Browser closed
04:49:52 INFO  [BotLogger] Browser is opened
04:49:52 INFO  [BotLogger] Test CasetestInvalidLogin  started
04:49:53 INFO  [BotLogger] Navigated to: https://www.saucedemo.com/
04:49:53 INFO  [BotLogger] Typed text: wrong_user into element with locator: By.id: user-name
04:49:53 INFO  [BotLogger] Typed text: wrong_password into element with locator: By.id: password
04:49:53 INFO  [BotLogger] Clicked on element: By.id: login-button
04:49:54 INFO  [BotLogger] Test CasetestInvalidLogin  passed
04:49:54 INFO  [BotLogger] Browser is opened
04:49:54 INFO  [BotLogger] Browser closed
04:49:55 INFO  [BotLogger] Browser is opened
04:49:55 INFO  [BotLogger] Test CasetestInvalidLogin  started
04:49:56 INFO  [BotLogger] Navigated to: https://www.saucedemo.com/
04:49:56 INFO  [BotLogger] Typed text: fake_user into element with locator: By.id: user-name
04:49:56 INFO  [BotLogger] Typed text: fake_pass into element with locator: By.id: password
04:49:56 INFO  [BotLogger] Clicked on element: By.id: login-button
04:49:56 INFO  [BotLogger] Test CasetestInvalidLogin  passed
04:49:56 INFO  [BotLogger] Browser is opened
04:49:57 INFO  [BotLogger] Browser closed
04:49:58 INFO  [BotLogger] Browser is opened
04:49:58 INFO  [BotLogger] Test CasetestEmptyFields  started
04:49:59 INFO  [BotLogger] Navigated to: https://www.saucedemo.com/
04:49:59 INFO  [BotLogger] Typed text:  into element with locator: By.id: user-name
04:49:59 INFO  [BotLogger] Typed text: secret_sauce into element with locator: By.id: password
04:49:59 INFO  [BotLogger] Clicked on element: By.id: login-button
04:49:59 INFO  [BotLogger] Test CasetestEmptyFields  passed
04:49:59 INFO  [BotLogger] Browser is opened
04:49:59 INFO  [BotLogger] Browser closed
04:50:00 INFO  [BotLogger] Browser is opened
04:50:00 INFO  [BotLogger] Test CasetestEmptyFields  started
04:50:01 INFO  [BotLogger] Navigated to: https://www.saucedemo.com/
04:50:01 INFO  [BotLogger] Typed text: standard_user into element with locator: By.id: user-name
04:50:02 INFO  [BotLogger] Typed text:  into element with locator: By.id: password
04:50:02 INFO  [BotLogger] Clicked on element: By.id: login-button
04:50:02 INFO  [BotLogger] Test CasetestEmptyFields  passed
04:50:02 INFO  [BotLogger] Browser is opened
04:50:02 INFO  [BotLogger] Browser closed
04:50:03 INFO  [BotLogger] Browser is opened
04:50:03 INFO  [BotLogger] Test CasetestEmptyFields  started
04:50:04 INFO  [BotLogger] Navigated to: https://www.saucedemo.com/
04:50:04 INFO  [BotLogger] Typed text:  into element with locator: By.id: user-name
04:50:04 INFO  [BotLogger] Typed text:  into element with locator: By.id: password
04:50:05 INFO  [BotLogger] Clicked on element: By.id: login-button
04:50:05 INFO  [BotLogger] Test CasetestEmptyFields  passed
04:50:05 INFO  [BotLogger] Browser is opened
04:50:05 INFO  [BotLogger] Browser closed
04:50:06 INFO  [BotLogger] Browser is opened
04:50:06 INFO  [BotLogger] Test CasetestLockedOutUser  started
04:50:07 INFO  [BotLogger] Navigated to: https://www.saucedemo.com/
04:50:07 INFO  [BotLogger] Typed text: locked_out_user into element with locator: By.id: user-name
04:50:07 INFO  [BotLogger] Typed text: secret_sauce into element with locator: By.id: password
04:50:07 INFO  [BotLogger] Clicked on element: By.id: login-button
04:50:08 INFO  [BotLogger] Test CasetestLockedOutUser  passed
04:50:08 INFO  [BotLogger] Browser is opened
04:50:08 INFO  [BotLogger] Browser closed
04:50:09 INFO  [BotLogger] Browser is opened
04:50:09 INFO  [BotLogger] Test CasevalidLoginWithJasonData  started
04:50:10 INFO  [BotLogger] Navigated to: https://www.saucedemo.com/
04:50:10 INFO  [BotLogger] Typed text: standard_user into element with locator: By.id: user-name
04:50:10 INFO  [BotLogger] Typed text: secret_sauce into element with locator: By.id: password
04:50:10 INFO  [BotLogger] Clicked on element: By.id: login-button
04:50:10 INFO  [BotLogger] Test CasevalidLoginWithJasonData  passed
04:50:10 INFO  [BotLogger] Browser is opened
04:50:11 INFO  [BotLogger] Browser closed
