08:02:02 INFO  [BotLogger] Browser is opened
08:02:03 INFO  [BotLogger] Browser is opened
08:02:03 INFO  [BotLogger] Test CasevalidEndToEndPurchaseFlow1  started
08:02:03 INFO  [BotLogger] Typed text: standard_user into element with locator: By.id: user-name
08:02:04 INFO  [BotLogger] Typed text: secret_sauce into element with locator: By.id: password
08:02:04 INFO  [BotLogger] Clicked on element: By.id: login-button
08:02:04 INFO  [BotLogger] Clicked on element: By.id: add-to-cart-sauce-labs-backpack
08:02:04 INFO  [BotLogger] Clicked on element: By.id: add-to-cart-sauce-labs-bike-light
08:02:04 INFO  [BotLogger] Clicked on element: By.id: add-to-cart-sauce-labs-bolt-t-shirt
08:02:05 INFO  [BotLogger] Clicked on element: By.id: shopping_cart_container
08:02:05 INFO  [BotLogger] Clicked on element: By.id: checkout
08:02:05 INFO  [BotLogger] Typed text: NHA into element with locator: By.id: first-name
08:02:05 INFO  [BotLogger] Typed text: Testing into element with locator: By.id: last-name
08:02:05 INFO  [BotLogger] Typed text: 201 into element with locator: By.id: postal-code
08:02:06 INFO  [BotLogger] Clicked on element: By.id: continue
08:02:06 INFO  [BotLogger] Clicked on element: By.id: finish
08:02:06 INFO  [BotLogger] TestCase  validEndToEndPurchaseFlow1  failed
08:02:06 INFO  [BotLogger] Browser is opened
08:02:06 INFO  [BotLogger] Screenshot taken: validEndToEndPurchaseFlow1
08:02:06 INFO  [BotLogger] Test CasevalidEndToEndPurchaseFlow1  failed
08:02:06 INFO  [BotLogger] Browser is opened
08:02:06 INFO  [BotLogger] Browser closed
