06:29:25 INFO  [BotLogger] Chrome driver is opened
06:29:26 INFO  [BotLogger] Bot is initialized
06:29:26 INFO  [BotLogger] Navigating to Login Page...
06:29:27 INFO  [BotLogger] Navigated to: https://www.saucedemo.com/
06:29:27 INFO  [BotLogger] Typed text: standard_user into element with locator: By.id: user-name
06:29:27 INFO  [BotLogger] Typed text: secret_sauce into element with locator: By.id: password
06:29:27 INFO  [BotLogger] Clicked on element: By.id: login-button
06:29:27 INFO  [BotLogger] Test CaseCart_Tc1_openCartAfterAddingItems  started
06:29:28 INFO  [BotLogger] Clicked on element: By.id: add-to-cart-sauce-labs-backpack
06:29:28 INFO  [BotLogger] Clicked on element: By.id: shopping_cart_container
06:29:28 INFO  [BotLogger] Test CaseCart_Tc1_openCartAfterAddingItems  passed
06:29:28 INFO  [BotLogger] Closing browser...
06:29:28 INFO  [BotLogger] Browser closed
06:29:28 INFO  [BotLogger] Chrome driver is opened
06:29:29 INFO  [BotLogger] Bot is initialized
06:29:29 INFO  [BotLogger] Navigating to Login Page...
06:29:30 INFO  [BotLogger] Navigated to: https://www.saucedemo.com/
06:29:30 INFO  [BotLogger] Typed text: standard_user into element with locator: By.id: user-name
06:29:30 INFO  [BotLogger] Typed text: secret_sauce into element with locator: By.id: password
06:29:30 INFO  [BotLogger] Clicked on element: By.id: login-button
06:29:30 INFO  [BotLogger] Test CaseCart_Tc2_removeItemFromCart  started
06:29:30 INFO  [BotLogger] Clicked on element: By.id: add-to-cart-sauce-labs-backpack
06:29:30 INFO  [BotLogger] Clicked on element: By.id: shopping_cart_container
06:29:30 INFO  [BotLogger] Clicked on element: By.xpath: (//button[@class='btn btn_secondary btn_small cart_button'])[1]
06:29:30 INFO  [BotLogger] Test CaseCart_Tc2_removeItemFromCart  passed
06:29:30 INFO  [BotLogger] Closing browser...
06:29:30 INFO  [BotLogger] Browser closed
06:29:30 INFO  [BotLogger] Chrome driver is opened
06:29:31 INFO  [BotLogger] Bot is initialized
06:29:31 INFO  [BotLogger] Navigating to Login Page...
06:29:32 INFO  [BotLogger] Navigated to: https://www.saucedemo.com/
06:29:32 INFO  [BotLogger] Typed text: standard_user into element with locator: By.id: user-name
06:29:32 INFO  [BotLogger] Typed text: secret_sauce into element with locator: By.id: password
06:29:32 INFO  [BotLogger] Clicked on element: By.id: login-button
06:29:32 INFO  [BotLogger] Test CaseCart_Tc3_checkoutWithOneItem  started
06:29:32 INFO  [BotLogger] Clicked on element: By.id: add-to-cart-sauce-labs-backpack
06:29:32 INFO  [BotLogger] Clicked on element: By.id: shopping_cart_container
06:29:33 INFO  [BotLogger] Clicked on element: By.id: checkout
06:29:33 INFO  [BotLogger] Test CaseCart_Tc3_checkoutWithOneItem  passed
06:29:33 INFO  [BotLogger] Closing browser...
06:29:33 INFO  [BotLogger] Browser closed
06:29:33 INFO  [BotLogger] Chrome driver is opened
06:29:33 INFO  [BotLogger] Bot is initialized
06:29:33 INFO  [BotLogger] Navigating to Login Page...
06:29:34 INFO  [BotLogger] Navigated to: https://www.saucedemo.com/
06:29:34 INFO  [BotLogger] Typed text: standard_user into element with locator: By.id: user-name
06:29:34 INFO  [BotLogger] Typed text: secret_sauce into element with locator: By.id: password
06:29:34 INFO  [BotLogger] Clicked on element: By.id: login-button
06:29:34 INFO  [BotLogger] Test CaseCart_Tc4_checkoutWithMultipleItems  started
06:29:34 INFO  [BotLogger] Clicked on element: By.id: add-to-cart-sauce-labs-backpack
06:29:35 INFO  [BotLogger] Clicked on element: By.id: add-to-cart-sauce-labs-bike-light
06:29:35 INFO  [BotLogger] Clicked on element: By.id: add-to-cart-sauce-labs-bolt-t-shirt
06:29:35 INFO  [BotLogger] Clicked on element: By.id: shopping_cart_container
06:29:35 INFO  [BotLogger] Clicked on element: By.id: checkout
06:29:35 INFO  [BotLogger] Test CaseCart_Tc4_checkoutWithMultipleItems  passed
06:29:35 INFO  [BotLogger] Closing browser...
06:29:35 INFO  [BotLogger] Browser closed
06:29:35 INFO  [BotLogger] Chrome driver is opened
06:29:36 INFO  [BotLogger] Bot is initialized
06:29:36 INFO  [BotLogger] Navigating to Login Page...
06:29:37 INFO  [BotLogger] Navigated to: https://www.saucedemo.com/
06:29:37 INFO  [BotLogger] Typed text: standard_user into element with locator: By.id: user-name
06:29:37 INFO  [BotLogger] Typed text: secret_sauce into element with locator: By.id: password
06:29:37 INFO  [BotLogger] Clicked on element: By.id: login-button
06:29:37 INFO  [BotLogger] Test CaseConfirmation_TC1_finishOrderWithItems  started
06:29:37 INFO  [BotLogger] Clicked on element: By.id: add-to-cart-sauce-labs-backpack
06:29:37 INFO  [BotLogger] Clicked on element: By.id: shopping_cart_container
06:29:37 INFO  [BotLogger] Clicked on element: By.id: checkout
06:29:37 INFO  [BotLogger] Typed text: First Name into element with locator: By.id: first-name
06:29:37 INFO  [BotLogger] Typed text: Last Name into element with locator: By.id: last-name
06:29:37 INFO  [BotLogger] Typed text: 10000 into element with locator: By.id: postal-code
06:29:37 INFO  [BotLogger] Clicked on element: By.id: continue
06:29:37 INFO  [BotLogger] Clicked on element: By.id: finish
06:29:38 INFO  [BotLogger] Test CaseConfirmation_TC1_finishOrderWithItems  passed
06:29:38 INFO  [BotLogger] Closing browser...
06:29:38 INFO  [BotLogger] Browser closed
06:29:38 INFO  [BotLogger] Chrome driver is opened
06:29:38 INFO  [BotLogger] Bot is initialized
06:29:38 INFO  [BotLogger] Navigating to Login Page...
06:29:39 INFO  [BotLogger] Navigated to: https://www.saucedemo.com/
06:29:39 INFO  [BotLogger] Typed text: standard_user into element with locator: By.id: user-name
06:29:39 INFO  [BotLogger] Typed text: secret_sauce into element with locator: By.id: password
06:29:40 INFO  [BotLogger] Clicked on element: By.id: login-button
06:29:40 INFO  [BotLogger] Test CaseConfirmation_TC3_backToHomeAfterCompletion  started
06:29:40 INFO  [BotLogger] Clicked on element: By.id: add-to-cart-sauce-labs-backpack
06:29:40 INFO  [BotLogger] Clicked on element: By.id: shopping_cart_container
06:29:40 INFO  [BotLogger] Clicked on element: By.id: checkout
06:29:40 INFO  [BotLogger] Typed text: First Name into element with locator: By.id: first-name
06:29:40 INFO  [BotLogger] Typed text: Last Name into element with locator: By.id: last-name
06:29:40 INFO  [BotLogger] Typed text: 10000 into element with locator: By.id: postal-code
06:29:40 INFO  [BotLogger] Clicked on element: By.id: continue
06:29:40 INFO  [BotLogger] Clicked on element: By.id: finish
06:29:40 INFO  [BotLogger] Clicked on element: By.xpath: //button[text()='Back Home']
06:29:40 INFO  [BotLogger] Test CaseConfirmation_TC3_backToHomeAfterCompletion  passed
06:29:40 INFO  [BotLogger] Closing browser...
06:29:40 INFO  [BotLogger] Browser closed
06:29:40 INFO  [BotLogger] Chrome driver is opened
06:29:41 INFO  [BotLogger] Bot is initialized
06:29:41 INFO  [BotLogger] Navigating to Login Page...
06:29:42 INFO  [BotLogger] Navigated to: https://www.saucedemo.com/
06:29:42 INFO  [BotLogger] Typed text: standard_user into element with locator: By.id: user-name
06:29:42 INFO  [BotLogger] Typed text: secret_sauce into element with locator: By.id: password
06:29:42 INFO  [BotLogger] Clicked on element: By.id: login-button
06:29:42 INFO  [BotLogger] Test CaseConfirmation_TC2_finishEmptyCartOrder  started
06:29:42 INFO  [BotLogger] Clicked on element: By.id: shopping_cart_container
06:29:42 INFO  [BotLogger] Clicked on element: By.id: checkout
06:29:42 INFO  [BotLogger] Typed text: First Name into element with locator: By.id: first-name
06:29:42 INFO  [BotLogger] Typed text: Last Name into element with locator: By.id: last-name
06:29:42 INFO  [BotLogger] Typed text: 10000 into element with locator: By.id: postal-code
06:29:42 INFO  [BotLogger] Clicked on element: By.id: continue
06:29:42 INFO  [BotLogger] Clicked on element: By.id: finish
06:29:42 INFO  [BotLogger] TestCase  Confirmation_TC2_finishEmptyCartOrder  failed
06:29:42 INFO  [BotLogger] Screenshot taken: Confirmation_TC2_finishEmptyCartOrder
06:29:42 INFO  [BotLogger] Test CaseConfirmation_TC2_finishEmptyCartOrder  failed
06:29:42 INFO  [BotLogger] Closing browser...
06:29:43 INFO  [BotLogger] Browser closed
06:29:43 INFO  [BotLogger] Chrome driver is opened
06:29:43 INFO  [BotLogger] Bot is initialized
06:29:43 INFO  [BotLogger] Navigating to Login Page...
06:29:44 INFO  [BotLogger] Navigated to: https://www.saucedemo.com/
06:29:44 INFO  [BotLogger] Typed text: standard_user into element with locator: By.id: user-name
06:29:44 INFO  [BotLogger] Typed text: secret_sauce into element with locator: By.id: password
06:29:44 INFO  [BotLogger] Clicked on element: By.id: login-button
06:29:44 INFO  [BotLogger] Clicked on element: By.id: add-to-cart-sauce-labs-backpack
06:29:44 INFO  [BotLogger] Clicked on element: By.id: shopping_cart_container
06:29:44 INFO  [BotLogger] Clicked on element: By.id: checkout
06:29:44 INFO  [BotLogger] Test CasetestCheckoutWithEmptyFirstName  started
06:29:45 INFO  [BotLogger] Typed text:  into element with locator: By.id: first-name
06:29:45 INFO  [BotLogger] Typed text: Project into element with locator: By.id: last-name
06:29:45 INFO  [BotLogger] Typed text: 201 into element with locator: By.id: postal-code
06:29:45 INFO  [BotLogger] Clicked on element: By.id: continue
06:29:45 INFO  [BotLogger] Test CasetestCheckoutWithEmptyFirstName  passed
06:29:45 INFO  [BotLogger] Closing browser...
06:29:45 INFO  [BotLogger] Browser closed
06:29:45 INFO  [BotLogger] Chrome driver is opened
06:29:46 INFO  [BotLogger] Bot is initialized
06:29:46 INFO  [BotLogger] Navigating to Login Page...
06:29:46 INFO  [BotLogger] Navigated to: https://www.saucedemo.com/
06:29:46 INFO  [BotLogger] Typed text: standard_user into element with locator: By.id: user-name
06:29:46 INFO  [BotLogger] Typed text: secret_sauce into element with locator: By.id: password
06:29:47 INFO  [BotLogger] Clicked on element: By.id: login-button
06:29:47 INFO  [BotLogger] Clicked on element: By.id: add-to-cart-sauce-labs-backpack
06:29:47 INFO  [BotLogger] Clicked on element: By.id: shopping_cart_container
06:29:47 INFO  [BotLogger] Clicked on element: By.id: checkout
06:29:47 INFO  [BotLogger] Test CasetestCheckoutWithEmptyZip  started
06:29:47 INFO  [BotLogger] Typed text: Group into element with locator: By.id: first-name
06:29:47 INFO  [BotLogger] Typed text: Project into element with locator: By.id: last-name
06:29:47 INFO  [BotLogger] Typed text:  into element with locator: By.id: postal-code
06:29:47 INFO  [BotLogger] Clicked on element: By.id: continue
06:29:47 INFO  [BotLogger] Test CasetestCheckoutWithEmptyZip  passed
06:29:47 INFO  [BotLogger] Closing browser...
06:29:47 INFO  [BotLogger] Browser closed
06:29:47 INFO  [BotLogger] Chrome driver is opened
06:29:48 INFO  [BotLogger] Bot is initialized
06:29:48 INFO  [BotLogger] Navigating to Login Page...
06:29:49 INFO  [BotLogger] Navigated to: https://www.saucedemo.com/
06:29:49 INFO  [BotLogger] Typed text: standard_user into element with locator: By.id: user-name
06:29:49 INFO  [BotLogger] Typed text: secret_sauce into element with locator: By.id: password
06:29:49 INFO  [BotLogger] Clicked on element: By.id: login-button
06:29:49 INFO  [BotLogger] Clicked on element: By.id: add-to-cart-sauce-labs-backpack
06:29:49 INFO  [BotLogger] Clicked on element: By.id: shopping_cart_container
06:29:49 INFO  [BotLogger] Clicked on element: By.id: checkout
06:29:49 INFO  [BotLogger] Test CasetestCheckoutWithValidData  started
06:29:50 INFO  [BotLogger] Typed text: Group into element with locator: By.id: first-name
06:29:50 INFO  [BotLogger] Typed text: Project into element with locator: By.id: last-name
06:29:50 INFO  [BotLogger] Typed text: 201 into element with locator: By.id: postal-code
06:29:50 INFO  [BotLogger] Clicked on element: By.id: continue
06:29:50 INFO  [BotLogger] Test CasetestCheckoutWithValidData  passed
06:29:50 INFO  [BotLogger] Closing browser...
06:29:50 INFO  [BotLogger] Browser closed
06:29:50 INFO  [BotLogger] Chrome driver is opened
06:29:50 INFO  [BotLogger] Bot is initialized
06:29:50 INFO  [BotLogger] Navigating to Login Page...
06:29:50 INFO  [BotLogger] Test CaseinvalidEndToEndPurchaseFlow1  started
06:29:51 INFO  [BotLogger] Navigated to: https://www.saucedemo.com/
06:29:51 INFO  [BotLogger] Typed text: standard_user into element with locator: By.id: user-name
06:29:51 INFO  [BotLogger] Typed text: secret_sauce into element with locator: By.id: password
06:29:51 INFO  [BotLogger] Clicked on element: By.id: login-button
06:29:52 INFO  [BotLogger] Clicked on element: By.id: add-to-cart-sauce-labs-backpack
06:29:52 INFO  [BotLogger] Clicked on element: By.id: add-to-cart-sauce-labs-bike-light
06:29:52 INFO  [BotLogger] Clicked on element: By.id: add-to-cart-sauce-labs-bolt-t-shirt
06:29:52 INFO  [BotLogger] Clicked on element: By.id: shopping_cart_container
06:29:52 INFO  [BotLogger] Clicked on element: By.id: checkout
06:29:52 INFO  [BotLogger] Typed text:  into element with locator: By.id: first-name
06:29:52 INFO  [BotLogger] Typed text: Testing into element with locator: By.id: last-name
06:29:52 INFO  [BotLogger] Typed text: 201 into element with locator: By.id: postal-code
06:29:52 INFO  [BotLogger] Clicked on element: By.id: continue
06:29:52 INFO  [BotLogger] Test CaseinvalidEndToEndPurchaseFlow1  passed
06:29:52 INFO  [BotLogger] Closing browser...
06:29:52 INFO  [BotLogger] Browser closed
06:29:52 INFO  [BotLogger] Chrome driver is opened
06:29:53 INFO  [BotLogger] Bot is initialized
06:29:53 INFO  [BotLogger] Navigating to Login Page...
06:29:53 INFO  [BotLogger] Test CaseinvalidEndToEndPurchaseFlow2  started
06:29:54 INFO  [BotLogger] Navigated to: https://www.saucedemo.com/
06:29:54 INFO  [BotLogger] Typed text: standard_user into element with locator: By.id: user-name
06:29:54 INFO  [BotLogger] Typed text: secret_sauce into element with locator: By.id: password
06:29:54 INFO  [BotLogger] Clicked on element: By.id: login-button
06:29:54 INFO  [BotLogger] Clicked on element: By.id: add-to-cart-sauce-labs-backpack
06:29:54 INFO  [BotLogger] Clicked on element: By.id: add-to-cart-sauce-labs-bike-light
06:29:54 INFO  [BotLogger] Clicked on element: By.id: add-to-cart-sauce-labs-bolt-t-shirt
06:29:54 INFO  [BotLogger] Clicked on element: By.id: shopping_cart_container
06:29:54 INFO  [BotLogger] Clicked on element: By.id: checkout
06:29:54 INFO  [BotLogger] Typed text: NHA into element with locator: By.id: first-name
06:29:54 INFO  [BotLogger] Typed text:  into element with locator: By.id: last-name
06:29:54 INFO  [BotLogger] Typed text: 201 into element with locator: By.id: postal-code
06:29:54 INFO  [BotLogger] Clicked on element: By.id: continue
06:29:54 INFO  [BotLogger] Test CaseinvalidEndToEndPurchaseFlow2  passed
06:29:54 INFO  [BotLogger] Closing browser...
06:29:54 INFO  [BotLogger] Browser closed
06:29:54 INFO  [BotLogger] Chrome driver is opened
06:29:55 INFO  [BotLogger] Bot is initialized
06:29:55 INFO  [BotLogger] Navigating to Login Page...
06:29:55 INFO  [BotLogger] Test CaseinvalidEndToEndPurchaseFlow3  started
06:29:56 INFO  [BotLogger] Navigated to: https://www.saucedemo.com/
06:29:56 INFO  [BotLogger] Typed text: standard_user into element with locator: By.id: user-name
06:29:56 INFO  [BotLogger] Typed text: secret_sauce into element with locator: By.id: password
06:29:56 INFO  [BotLogger] Clicked on element: By.id: login-button
06:29:56 INFO  [BotLogger] Clicked on element: By.id: add-to-cart-sauce-labs-backpack
06:29:56 INFO  [BotLogger] Clicked on element: By.id: add-to-cart-sauce-labs-bike-light
06:29:56 INFO  [BotLogger] Clicked on element: By.id: add-to-cart-sauce-labs-bolt-t-shirt
06:29:56 INFO  [BotLogger] Clicked on element: By.id: shopping_cart_container
06:29:56 INFO  [BotLogger] Clicked on element: By.id: checkout
06:29:57 INFO  [BotLogger] Typed text: NHA into element with locator: By.id: first-name
06:29:57 INFO  [BotLogger] Typed text: Testing into element with locator: By.id: last-name
06:29:57 INFO  [BotLogger] Typed text:  into element with locator: By.id: postal-code
06:29:57 INFO  [BotLogger] Clicked on element: By.id: continue
06:29:57 INFO  [BotLogger] Test CaseinvalidEndToEndPurchaseFlow3  passed
06:29:57 INFO  [BotLogger] Closing browser...
06:29:57 INFO  [BotLogger] Browser closed
06:29:57 INFO  [BotLogger] Chrome driver is opened
06:29:58 INFO  [BotLogger] Bot is initialized
06:29:58 INFO  [BotLogger] Navigating to Login Page...
06:29:58 INFO  [BotLogger] Test CaseinvalidEndToEndPurchaseFlow4  started
06:29:58 INFO  [BotLogger] Navigated to: https://www.saucedemo.com/
06:29:58 INFO  [BotLogger] Typed text: standard_user into element with locator: By.id: user-name
06:29:58 INFO  [BotLogger] Typed text: secret_sauce into element with locator: By.id: password
06:29:58 INFO  [BotLogger] Clicked on element: By.id: login-button
06:29:59 INFO  [BotLogger] Clicked on element: By.id: add-to-cart-sauce-labs-backpack
06:29:59 INFO  [BotLogger] Clicked on element: By.id: add-to-cart-sauce-labs-bike-light
06:29:59 INFO  [BotLogger] Clicked on element: By.id: add-to-cart-sauce-labs-bolt-t-shirt
06:29:59 INFO  [BotLogger] Clicked on element: By.id: shopping_cart_container
06:29:59 INFO  [BotLogger] Clicked on element: By.id: checkout
06:29:59 INFO  [BotLogger] Typed text:  into element with locator: By.id: first-name
06:29:59 INFO  [BotLogger] Typed text: Testing into element with locator: By.id: last-name
06:29:59 INFO  [BotLogger] Typed text: 201 into element with locator: By.id: postal-code
06:29:59 INFO  [BotLogger] Clicked on element: By.id: cancel
06:29:59 INFO  [BotLogger] Test CaseinvalidEndToEndPurchaseFlow4  passed
06:29:59 INFO  [BotLogger] Closing browser...
06:29:59 INFO  [BotLogger] Browser closed
06:29:59 INFO  [BotLogger] Chrome driver is opened
06:30:00 INFO  [BotLogger] Bot is initialized
06:30:00 INFO  [BotLogger] Navigating to Login Page...
06:30:00 INFO  [BotLogger] Test CaseinvalidEndToEndPurchaseFlow5  started
06:30:00 INFO  [BotLogger] Navigated to: https://www.saucedemo.com/
06:30:01 INFO  [BotLogger] Typed text: standard_user into element with locator: By.id: user-name
06:30:01 INFO  [BotLogger] Typed text: secret_sauce into element with locator: By.id: password
06:30:01 INFO  [BotLogger] Clicked on element: By.id: login-button
06:30:01 INFO  [BotLogger] Clicked on element: By.id: add-to-cart-sauce-labs-backpack
06:30:01 INFO  [BotLogger] Clicked on element: By.id: add-to-cart-sauce-labs-bike-light
06:30:01 INFO  [BotLogger] Clicked on element: By.id: add-to-cart-sauce-labs-bolt-t-shirt
06:30:01 INFO  [BotLogger] Clicked on element: By.id: shopping_cart_container
06:30:01 INFO  [BotLogger] Clicked on element: By.id: checkout
06:30:01 INFO  [BotLogger] Typed text:  into element with locator: By.id: first-name
06:30:01 INFO  [BotLogger] Typed text:  into element with locator: By.id: last-name
06:30:01 INFO  [BotLogger] Typed text: 201 into element with locator: By.id: postal-code
06:30:01 INFO  [BotLogger] Clicked on element: By.id: continue
06:30:01 INFO  [BotLogger] Test CaseinvalidEndToEndPurchaseFlow5  passed
06:30:01 INFO  [BotLogger] Closing browser...
06:30:01 INFO  [BotLogger] Browser closed
06:30:01 INFO  [BotLogger] Chrome driver is opened
06:30:02 INFO  [BotLogger] Bot is initialized
06:30:02 INFO  [BotLogger] Navigating to Login Page...
06:30:02 INFO  [BotLogger] Test CaseinvalidEndToEndPurchaseFlow6  started
06:30:02 INFO  [BotLogger] Navigated to: https://www.saucedemo.com/
06:30:03 INFO  [BotLogger] Typed text: standard_user into element with locator: By.id: user-name
06:30:03 INFO  [BotLogger] Typed text: secret_sauce into element with locator: By.id: password
06:30:03 INFO  [BotLogger] Clicked on element: By.id: login-button
06:30:03 INFO  [BotLogger] Clicked on element: By.id: add-to-cart-sauce-labs-backpack
06:30:03 INFO  [BotLogger] Clicked on element: By.id: add-to-cart-sauce-labs-bike-light
06:30:03 INFO  [BotLogger] Clicked on element: By.id: add-to-cart-sauce-labs-bolt-t-shirt
06:30:03 INFO  [BotLogger] Clicked on element: By.id: shopping_cart_container
06:30:03 INFO  [BotLogger] Clicked on element: By.id: checkout
06:30:03 INFO  [BotLogger] Typed text: NHA into element with locator: By.id: first-name
06:30:03 INFO  [BotLogger] Typed text:  into element with locator: By.id: last-name
06:30:04 INFO  [BotLogger] Typed text: 201 into element with locator: By.id: postal-code
06:30:04 INFO  [BotLogger] Clicked on element: By.id: continue
06:30:04 INFO  [BotLogger] Clicked on element: By.id: cancel
06:30:04 INFO  [BotLogger] Test CaseinvalidEndToEndPurchaseFlow6  passed
06:30:04 INFO  [BotLogger] Closing browser...
06:30:04 INFO  [BotLogger] Browser closed
06:30:04 INFO  [BotLogger] Chrome driver is opened
06:30:05 INFO  [BotLogger] Bot is initialized
06:30:05 INFO  [BotLogger] Navigating to Login Page...
06:30:05 INFO  [BotLogger] Test CasevalidEndToEndPurchaseFlow1  started
06:30:05 INFO  [BotLogger] Navigated to: https://www.saucedemo.com/
06:30:05 INFO  [BotLogger] Typed text: standard_user into element with locator: By.id: user-name
06:30:06 INFO  [BotLogger] Typed text: secret_sauce into element with locator: By.id: password
06:30:06 INFO  [BotLogger] Clicked on element: By.id: login-button
06:30:06 INFO  [BotLogger] Clicked on element: By.id: add-to-cart-sauce-labs-backpack
06:30:06 INFO  [BotLogger] Clicked on element: By.id: add-to-cart-sauce-labs-bike-light
06:30:06 INFO  [BotLogger] Clicked on element: By.id: add-to-cart-sauce-labs-bolt-t-shirt
06:30:06 INFO  [BotLogger] Clicked on element: By.id: shopping_cart_container
06:30:06 INFO  [BotLogger] Clicked on element: By.id: checkout
06:30:06 INFO  [BotLogger] Typed text: NHA into element with locator: By.id: first-name
06:30:06 INFO  [BotLogger] Typed text: Testing into element with locator: By.id: last-name
06:30:06 INFO  [BotLogger] Typed text: 201 into element with locator: By.id: postal-code
06:30:06 INFO  [BotLogger] Clicked on element: By.id: continue
06:30:06 INFO  [BotLogger] Clicked on element: By.id: finish
06:30:07 INFO  [BotLogger] Test CasevalidEndToEndPurchaseFlow1  passed
06:30:07 INFO  [BotLogger] Closing browser...
06:30:07 INFO  [BotLogger] Browser closed
06:30:07 INFO  [BotLogger] Chrome driver is opened
06:30:07 INFO  [BotLogger] Bot is initialized
06:30:07 INFO  [BotLogger] Navigating to Login Page...
06:30:07 INFO  [BotLogger] Test CasevalidEndToEndPurchaseFlow2  started
06:30:08 INFO  [BotLogger] Navigated to: https://www.saucedemo.com/
06:30:08 INFO  [BotLogger] Typed text: standard_user into element with locator: By.id: user-name
06:30:08 INFO  [BotLogger] Typed text: secret_sauce into element with locator: By.id: password
06:30:09 INFO  [BotLogger] Clicked on element: By.id: login-button
06:30:09 INFO  [BotLogger] Clicked on element: By.id: add-to-cart-sauce-labs-backpack
06:30:09 INFO  [BotLogger] Clicked on element: By.id: add-to-cart-sauce-labs-bike-light
06:30:09 INFO  [BotLogger] Clicked on element: By.id: add-to-cart-sauce-labs-bolt-t-shirt
06:30:09 INFO  [BotLogger] Clicked on element: By.id: shopping_cart_container
06:30:09 INFO  [BotLogger] Clicked on element: By.id: checkout
06:30:09 INFO  [BotLogger] Typed text: NHA into element with locator: By.id: first-name
06:30:09 INFO  [BotLogger] Typed text: Testing into element with locator: By.id: last-name
06:30:09 INFO  [BotLogger] Typed text: 201 into element with locator: By.id: postal-code
06:30:09 INFO  [BotLogger] Clicked on element: By.id: continue
06:30:10 INFO  [BotLogger] Clicked on element: By.id: finish
06:30:10 INFO  [BotLogger] Clicked on element: By.xpath: //button[text()='Back Home']
06:30:10 INFO  [BotLogger] Test CasevalidEndToEndPurchaseFlow2  passed
06:30:10 INFO  [BotLogger] Closing browser...
06:30:10 INFO  [BotLogger] Browser closed
06:30:10 INFO  [BotLogger] Chrome driver is opened
06:30:11 INFO  [BotLogger] Bot is initialized
06:30:11 INFO  [BotLogger] Navigating to Login Page...
06:30:12 INFO  [BotLogger] Navigated to: https://www.saucedemo.com/
06:30:12 INFO  [BotLogger] Typed text: standard_user into element with locator: By.id: user-name
06:30:12 INFO  [BotLogger] Typed text: secret_sauce into element with locator: By.id: password
06:30:12 INFO  [BotLogger] Clicked on element: By.id: login-button
06:30:12 INFO  [BotLogger] Test CaseHome_Tc1_scrollAndCheckBadge  started
06:30:12 INFO  [BotLogger] Scrolled to element: By.className: footer
06:30:13 INFO  [BotLogger] Scrolled to element: By.className: app_logo
06:30:13 INFO  [BotLogger] Test CaseHome_Tc1_scrollAndCheckBadge  passed
06:30:13 INFO  [BotLogger] Closing browser...
06:30:13 INFO  [BotLogger] Browser closed
06:30:13 INFO  [BotLogger] Chrome driver is opened
06:30:14 INFO  [BotLogger] Bot is initialized
06:30:14 INFO  [BotLogger] Navigating to Login Page...
06:30:15 INFO  [BotLogger] Navigated to: https://www.saucedemo.com/
06:30:15 INFO  [BotLogger] Typed text: standard_user into element with locator: By.id: user-name
06:30:15 INFO  [BotLogger] Typed text: secret_sauce into element with locator: By.id: password
06:30:15 INFO  [BotLogger] Clicked on element: By.id: login-button
06:30:15 INFO  [BotLogger] Test CaseHome_Tc2_testOpenMenu  started
06:30:15 INFO  [BotLogger] Clicked on element: By.xpath: //button[@id='react-burger-menu-btn']
06:30:15 INFO  [BotLogger] Element displayed status for locator By.id: menu_button_container: true
06:30:15 INFO  [BotLogger] Test CaseHome_Tc2_testOpenMenu  passed
06:30:15 INFO  [BotLogger] Closing browser...
06:30:15 INFO  [BotLogger] Browser closed
06:30:15 INFO  [BotLogger] Chrome driver is opened
06:30:16 INFO  [BotLogger] Bot is initialized
06:30:16 INFO  [BotLogger] Navigating to Login Page...
06:30:17 INFO  [BotLogger] Navigated to: https://www.saucedemo.com/
06:30:17 INFO  [BotLogger] Typed text: standard_user into element with locator: By.id: user-name
06:30:17 INFO  [BotLogger] Typed text: secret_sauce into element with locator: By.id: password
06:30:17 INFO  [BotLogger] Clicked on element: By.id: login-button
06:30:17 INFO  [BotLogger] Test CaseHome_Tc3_addMultipleProducts  started
06:30:17 INFO  [BotLogger] Clicked on element: By.id: add-to-cart-sauce-labs-backpack
06:30:17 INFO  [BotLogger] Clicked on element: By.id: add-to-cart-sauce-labs-bike-light
06:30:17 INFO  [BotLogger] Clicked on element: By.id: add-to-cart-sauce-labs-bolt-t-shirt
06:30:18 INFO  [BotLogger] Test CaseHome_Tc3_addMultipleProducts  passed
06:30:18 INFO  [BotLogger] Closing browser...
06:30:18 INFO  [BotLogger] Browser closed
06:30:18 INFO  [BotLogger] Chrome driver is opened
06:30:18 INFO  [BotLogger] Bot is initialized
06:30:18 INFO  [BotLogger] Navigating to Login Page...
06:30:19 INFO  [BotLogger] Navigated to: https://www.saucedemo.com/
06:30:19 INFO  [BotLogger] Typed text: standard_user into element with locator: By.id: user-name
06:30:19 INFO  [BotLogger] Typed text: secret_sauce into element with locator: By.id: password
06:30:20 INFO  [BotLogger] Clicked on element: By.id: login-button
06:30:20 INFO  [BotLogger] Test CaseHome_Tc4_removeProducts  started
06:30:20 INFO  [BotLogger] Clicked on element: By.id: add-to-cart-sauce-labs-backpack
06:30:20 INFO  [BotLogger] Clicked on element: By.id: add-to-cart-sauce-labs-bike-light
06:30:20 INFO  [BotLogger] Clicked on element: By.id: add-to-cart-sauce-labs-bolt-t-shirt
06:30:20 INFO  [BotLogger] Clicked on element: By.id: remove-sauce-labs-backpack
06:30:20 INFO  [BotLogger] Clicked on element: By.id: remove-sauce-labs-bike-light
06:30:20 INFO  [BotLogger] Clicked on element: By.id: remove-sauce-labs-bolt-t-shirt
06:30:20 INFO  [BotLogger] Test CaseHome_Tc4_removeProducts  passed
06:30:20 INFO  [BotLogger] Closing browser...
06:30:20 INFO  [BotLogger] Browser closed
06:30:20 INFO  [BotLogger] Chrome driver is opened
06:30:21 INFO  [BotLogger] Bot is initialized
06:30:21 INFO  [BotLogger] Navigating to Login Page...
06:30:21 INFO  [BotLogger] Test CasetestValidLogin  started
06:30:21 INFO  [BotLogger] Test Started: loginTest
06:30:21 INFO  [BotLogger] Navigated to: https://www.saucedemo.com/
06:30:22 INFO  [BotLogger] Typed text: standard_user into element with locator: By.id: user-name
06:30:22 INFO  [BotLogger] Typed text: secret_sauce into element with locator: By.id: password
06:30:22 INFO  [BotLogger] Clicked on element: By.id: login-button
06:30:22 INFO  [BotLogger] Test Finished: loginTest
06:30:22 INFO  [BotLogger] Test CasetestValidLogin  passed
06:30:22 INFO  [BotLogger] Closing browser...
06:30:22 INFO  [BotLogger] Browser closed
06:30:22 INFO  [BotLogger] Chrome driver is opened
06:30:23 INFO  [BotLogger] Bot is initialized
06:30:23 INFO  [BotLogger] Navigating to Login Page...
06:30:23 INFO  [BotLogger] Test CasetestValidLogin  started
06:30:23 INFO  [BotLogger] Test Started: loginTest
06:30:23 INFO  [BotLogger] Navigated to: https://www.saucedemo.com/
06:30:23 INFO  [BotLogger] Typed text: problem_user into element with locator: By.id: user-name
06:30:24 INFO  [BotLogger] Typed text: secret_sauce into element with locator: By.id: password
06:30:24 INFO  [BotLogger] Clicked on element: By.id: login-button
06:30:24 INFO  [BotLogger] Test Finished: loginTest
06:30:24 INFO  [BotLogger] Test CasetestValidLogin  passed
06:30:24 INFO  [BotLogger] Closing browser...
06:30:24 INFO  [BotLogger] Browser closed
06:30:24 INFO  [BotLogger] Chrome driver is opened
06:30:24 INFO  [BotLogger] Bot is initialized
06:30:24 INFO  [BotLogger] Navigating to Login Page...
06:30:24 INFO  [BotLogger] Test CasetestValidLogin  started
06:30:24 INFO  [BotLogger] Test Started: loginTest
06:30:25 INFO  [BotLogger] Navigated to: https://www.saucedemo.com/
06:30:25 INFO  [BotLogger] Typed text: performance_glitch_user into element with locator: By.id: user-name
06:30:25 INFO  [BotLogger] Typed text: secret_sauce into element with locator: By.id: password
06:30:31 INFO  [BotLogger] Clicked on element: By.id: login-button
06:30:31 INFO  [BotLogger] Test Finished: loginTest
06:30:31 INFO  [BotLogger] Test CasetestValidLogin  passed
06:30:31 INFO  [BotLogger] Closing browser...
06:30:31 INFO  [BotLogger] Browser closed
06:30:31 INFO  [BotLogger] Chrome driver is opened
06:30:31 INFO  [BotLogger] Bot is initialized
06:30:31 INFO  [BotLogger] Navigating to Login Page...
06:30:31 INFO  [BotLogger] Test CasetestSuccessfulLoginVerifyProductsPage  started
06:30:31 INFO  [BotLogger] Test Started: loginTest
06:30:32 INFO  [BotLogger] Navigated to: https://www.saucedemo.com/
06:30:32 INFO  [BotLogger] Typed text: standard_user into element with locator: By.id: user-name
06:30:33 INFO  [BotLogger] Typed text: secret_sauce into element with locator: By.id: password
06:30:33 INFO  [BotLogger] Clicked on element: By.id: login-button
06:30:33 INFO  [BotLogger] Element displayed status for locator By.className: title: true
06:30:33 INFO  [BotLogger] Test Finished: loginTest
06:30:33 INFO  [BotLogger] Test CasetestSuccessfulLoginVerifyProductsPage  passed
06:30:33 INFO  [BotLogger] Closing browser...
06:30:33 INFO  [BotLogger] Browser closed
06:30:33 INFO  [BotLogger] Chrome driver is opened
06:30:33 INFO  [BotLogger] Bot is initialized
06:30:33 INFO  [BotLogger] Navigating to Login Page...
06:30:33 INFO  [BotLogger] Test CasetestSuccessfulLoginVerifyProductsPage  started
06:30:33 INFO  [BotLogger] Test Started: loginTest
06:30:34 INFO  [BotLogger] Navigated to: https://www.saucedemo.com/
06:30:35 INFO  [BotLogger] Typed text: problem_user into element with locator: By.id: user-name
06:30:35 INFO  [BotLogger] Typed text: secret_sauce into element with locator: By.id: password
06:30:35 INFO  [BotLogger] Clicked on element: By.id: login-button
06:30:35 INFO  [BotLogger] Element displayed status for locator By.className: title: true
06:30:35 INFO  [BotLogger] Test Finished: loginTest
06:30:35 INFO  [BotLogger] Test CasetestSuccessfulLoginVerifyProductsPage  passed
06:30:35 INFO  [BotLogger] Closing browser...
06:30:35 INFO  [BotLogger] Browser closed
06:30:35 INFO  [BotLogger] Chrome driver is opened
06:30:36 INFO  [BotLogger] Bot is initialized
06:30:36 INFO  [BotLogger] Navigating to Login Page...
06:30:36 INFO  [BotLogger] Test CasetestSuccessfulLoginVerifyProductsPage  started
06:30:36 INFO  [BotLogger] Test Started: loginTest
06:30:36 INFO  [BotLogger] Navigated to: https://www.saucedemo.com/
06:30:37 INFO  [BotLogger] Typed text: performance_glitch_user into element with locator: By.id: user-name
06:30:37 INFO  [BotLogger] Typed text: secret_sauce into element with locator: By.id: password
06:30:42 INFO  [BotLogger] Clicked on element: By.id: login-button
06:30:42 INFO  [BotLogger] Element displayed status for locator By.className: title: true
06:30:42 INFO  [BotLogger] Test Finished: loginTest
06:30:42 INFO  [BotLogger] Test CasetestSuccessfulLoginVerifyProductsPage  passed
06:30:42 INFO  [BotLogger] Closing browser...
06:30:42 INFO  [BotLogger] Browser closed
06:30:42 INFO  [BotLogger] Chrome driver is opened
06:30:43 INFO  [BotLogger] Bot is initialized
06:30:43 INFO  [BotLogger] Navigating to Login Page...
06:30:43 INFO  [BotLogger] Test CasetestInvalidLogin  started
06:30:43 INFO  [BotLogger] Navigated to: https://www.saucedemo.com/
06:30:43 INFO  [BotLogger] Typed text: invalid_user into element with locator: By.id: user-name
06:30:43 INFO  [BotLogger] Typed text: secret_sauce into element with locator: By.id: password
06:30:43 INFO  [BotLogger] Clicked on element: By.id: login-button
06:30:44 INFO  [BotLogger] Test CasetestInvalidLogin  passed
06:30:44 INFO  [BotLogger] Closing browser...
06:30:44 INFO  [BotLogger] Browser closed
06:30:44 INFO  [BotLogger] Chrome driver is opened
06:30:45 INFO  [BotLogger] Bot is initialized
06:30:45 INFO  [BotLogger] Navigating to Login Page...
06:30:45 INFO  [BotLogger] Test CasetestInvalidLogin  started
06:30:46 INFO  [BotLogger] Navigated to: https://www.saucedemo.com/
06:30:46 INFO  [BotLogger] Typed text: wrong_user into element with locator: By.id: user-name
06:30:46 INFO  [BotLogger] Typed text: wrong_password into element with locator: By.id: password
06:30:46 INFO  [BotLogger] Clicked on element: By.id: login-button
06:30:46 INFO  [BotLogger] Test CasetestInvalidLogin  passed
06:30:46 INFO  [BotLogger] Closing browser...
06:30:46 INFO  [BotLogger] Browser closed
06:30:46 INFO  [BotLogger] Chrome driver is opened
06:30:47 INFO  [BotLogger] Bot is initialized
06:30:47 INFO  [BotLogger] Navigating to Login Page...
06:30:47 INFO  [BotLogger] Test CasetestInvalidLogin  started
06:30:48 INFO  [BotLogger] Navigated to: https://www.saucedemo.com/
06:30:48 INFO  [BotLogger] Typed text: fake_user into element with locator: By.id: user-name
06:30:48 INFO  [BotLogger] Typed text: fake_pass into element with locator: By.id: password
06:30:48 INFO  [BotLogger] Clicked on element: By.id: login-button
06:30:48 INFO  [BotLogger] Test CasetestInvalidLogin  passed
06:30:48 INFO  [BotLogger] Closing browser...
06:30:48 INFO  [BotLogger] Browser closed
06:30:48 INFO  [BotLogger] Chrome driver is opened
06:30:49 INFO  [BotLogger] Bot is initialized
06:30:49 INFO  [BotLogger] Navigating to Login Page...
06:30:49 INFO  [BotLogger] Test CasetestEmptyFields  started
06:30:50 INFO  [BotLogger] Navigated to: https://www.saucedemo.com/
06:30:50 INFO  [BotLogger] Typed text:  into element with locator: By.id: user-name
06:30:50 INFO  [BotLogger] Typed text: secret_sauce into element with locator: By.id: password
06:30:50 INFO  [BotLogger] Clicked on element: By.id: login-button
06:30:50 INFO  [BotLogger] Test CasetestEmptyFields  passed
06:30:50 INFO  [BotLogger] Closing browser...
06:30:51 INFO  [BotLogger] Browser closed
06:30:51 INFO  [BotLogger] Chrome driver is opened
06:30:51 INFO  [BotLogger] Bot is initialized
06:30:51 INFO  [BotLogger] Navigating to Login Page...
06:30:51 INFO  [BotLogger] Test CasetestEmptyFields  started
06:30:52 INFO  [BotLogger] Navigated to: https://www.saucedemo.com/
06:30:52 INFO  [BotLogger] Typed text: standard_user into element with locator: By.id: user-name
06:30:52 INFO  [BotLogger] Typed text:  into element with locator: By.id: password
06:30:52 INFO  [BotLogger] Clicked on element: By.id: login-button
06:30:53 INFO  [BotLogger] Test CasetestEmptyFields  passed
06:30:53 INFO  [BotLogger] Closing browser...
06:30:53 INFO  [BotLogger] Browser closed
06:30:53 INFO  [BotLogger] Chrome driver is opened
06:30:53 INFO  [BotLogger] Bot is initialized
06:30:53 INFO  [BotLogger] Navigating to Login Page...
06:30:53 INFO  [BotLogger] Test CasetestEmptyFields  started
06:30:54 INFO  [BotLogger] Navigated to: https://www.saucedemo.com/
06:30:54 INFO  [BotLogger] Typed text:  into element with locator: By.id: user-name
06:30:54 INFO  [BotLogger] Typed text:  into element with locator: By.id: password
06:30:54 INFO  [BotLogger] Clicked on element: By.id: login-button
06:30:55 INFO  [BotLogger] Test CasetestEmptyFields  passed
06:30:55 INFO  [BotLogger] Closing browser...
06:30:55 INFO  [BotLogger] Browser closed
06:30:55 INFO  [BotLogger] Chrome driver is opened
06:30:56 INFO  [BotLogger] Bot is initialized
06:30:56 INFO  [BotLogger] Navigating to Login Page...
06:30:56 INFO  [BotLogger] Test CasetestLockedOutUser  started
06:30:56 INFO  [BotLogger] Navigated to: https://www.saucedemo.com/
06:30:56 INFO  [BotLogger] Typed text: locked_out_user into element with locator: By.id: user-name
06:30:57 INFO  [BotLogger] Typed text: secret_sauce into element with locator: By.id: password
06:30:57 INFO  [BotLogger] Clicked on element: By.id: login-button
06:30:57 INFO  [BotLogger] Test CasetestLockedOutUser  passed
06:30:57 INFO  [BotLogger] Closing browser...
06:30:57 INFO  [BotLogger] Browser closed
06:30:57 INFO  [BotLogger] Chrome driver is opened
06:30:58 INFO  [BotLogger] Bot is initialized
06:30:58 INFO  [BotLogger] Navigating to Login Page...
06:30:58 INFO  [BotLogger] Test CasevalidLoginWithJasonData  started
06:30:58 INFO  [BotLogger] Test Started: loginTest
06:30:59 INFO  [BotLogger] Navigated to: https://www.saucedemo.com/
06:30:59 INFO  [BotLogger] Typed text: standard_user into element with locator: By.id: user-name
06:30:59 INFO  [BotLogger] Typed text: secret_sauce into element with locator: By.id: password
06:30:59 INFO  [BotLogger] Clicked on element: By.id: login-button
06:30:59 INFO  [BotLogger] Test Finished: loginTest
06:30:59 INFO  [BotLogger] Test CasevalidLoginWithJasonData  passed
06:30:59 INFO  [BotLogger] Closing browser...
06:30:59 INFO  [BotLogger] Browser closed
06:30:59 INFO  [BotLogger] Chrome driver is opened
06:31:00 INFO  [BotLogger] Bot is initialized
06:31:00 INFO  [BotLogger] Navigating to Login Page...
06:31:01 INFO  [BotLogger] Navigated to: https://www.saucedemo.com/
06:31:01 INFO  [BotLogger] Typed text: standard_user into element with locator: By.id: user-name
06:31:01 INFO  [BotLogger] Typed text: secret_sauce into element with locator: By.id: password
06:31:01 INFO  [BotLogger] Clicked on element: By.id: login-button
06:31:01 INFO  [BotLogger] Test CasesortingTest  started
06:31:01 INFO  [BotLogger] Test CasesortingTest  passed
06:31:01 INFO  [BotLogger] Closing browser...
06:31:01 INFO  [BotLogger] Browser closed
06:31:01 INFO  [BotLogger] Chrome driver is opened
06:31:02 INFO  [BotLogger] Bot is initialized
06:31:02 INFO  [BotLogger] Navigating to Login Page...
06:31:03 INFO  [BotLogger] Navigated to: https://www.saucedemo.com/
06:31:03 INFO  [BotLogger] Typed text: standard_user into element with locator: By.id: user-name
06:31:03 INFO  [BotLogger] Typed text: secret_sauce into element with locator: By.id: password
06:31:03 INFO  [BotLogger] Clicked on element: By.id: login-button
06:31:03 INFO  [BotLogger] Test CasesortingTest  started
06:31:04 INFO  [BotLogger] Test CasesortingTest  passed
06:31:04 INFO  [BotLogger] Closing browser...
06:31:04 INFO  [BotLogger] Browser closed
06:31:04 INFO  [BotLogger] Chrome driver is opened
06:31:04 INFO  [BotLogger] Bot is initialized
06:31:04 INFO  [BotLogger] Navigating to Login Page...
06:31:05 INFO  [BotLogger] Navigated to: https://www.saucedemo.com/
06:31:06 INFO  [BotLogger] Typed text: standard_user into element with locator: By.id: user-name
06:31:06 INFO  [BotLogger] Typed text: secret_sauce into element with locator: By.id: password
06:31:06 INFO  [BotLogger] Clicked on element: By.id: login-button
06:31:06 INFO  [BotLogger] Test CasesortingTest  started
06:31:06 INFO  [BotLogger] Test CasesortingTest  passed
06:31:06 INFO  [BotLogger] Closing browser...
06:31:06 INFO  [BotLogger] Browser closed
06:31:06 INFO  [BotLogger] Chrome driver is opened
06:31:07 INFO  [BotLogger] Bot is initialized
06:31:07 INFO  [BotLogger] Navigating to Login Page...
06:31:08 INFO  [BotLogger] Navigated to: https://www.saucedemo.com/
06:31:08 INFO  [BotLogger] Typed text: standard_user into element with locator: By.id: user-name
06:31:08 INFO  [BotLogger] Typed text: secret_sauce into element with locator: By.id: password
06:31:08 INFO  [BotLogger] Clicked on element: By.id: login-button
06:31:08 INFO  [BotLogger] Test CasesortingTest  started
06:31:09 INFO  [BotLogger] Test CasesortingTest  passed
06:31:09 INFO  [BotLogger] Closing browser...
06:31:09 INFO  [BotLogger] Browser closed
