03:33:43 INFO  [BotLogger] Chrome driver is opened
03:33:45 INFO  [BotLogger] Bot is initialized
03:33:45 INFO  [BotLogger] Navigating to Login Page...
03:33:46 INFO  [BotLogger] Navigated to: https://www.saucedemo.com/
03:33:46 INFO  [BotLogger] Typed text: standard_user into element with locator: By.id: user-name
03:33:46 INFO  [BotLogger] Typed text: secret_sauce into element with locator: By.id: password
03:33:46 INFO  [BotLogger] Clicked on element: By.id: login-button
03:33:46 INFO  [BotLogger] Test CaseCart_Tc1_openCartAfterAddingItems  started
03:33:46 INFO  [BotLogger] Clicked on element: By.id: add-to-cart-sauce-labs-backpack
03:33:46 INFO  [BotLogger] Clicked on element: By.id: shopping_cart_container
03:33:47 INFO  [BotLogger] Test CaseCart_Tc1_openCartAfterAddingItems  passed
03:33:47 INFO  [BotLogger] Closing browser...
03:33:47 INFO  [BotLogger] Browser closed
03:33:47 INFO  [BotLogger] Chrome driver is opened
03:33:48 INFO  [BotLogger] Bot is initialized
03:33:48 INFO  [BotLogger] Navigating to Login Page...
03:33:49 INFO  [BotLogger] Navigated to: https://www.saucedemo.com/
03:33:49 INFO  [BotLogger] Typed text: standard_user into element with locator: By.id: user-name
03:33:49 INFO  [BotLogger] Typed text: secret_sauce into element with locator: By.id: password
03:33:49 INFO  [BotLogger] Clicked on element: By.id: login-button
03:33:49 INFO  [BotLogger] Test CaseCart_Tc2_removeItemFromCart  started
03:33:49 INFO  [BotLogger] Clicked on element: By.id: add-to-cart-sauce-labs-backpack
03:33:49 INFO  [BotLogger] Clicked on element: By.id: shopping_cart_container
03:33:49 INFO  [BotLogger] Clicked on element: By.xpath: (//button[@class='btn btn_secondary btn_small cart_button'])[1]
03:33:49 INFO  [BotLogger] Test CaseCart_Tc2_removeItemFromCart  passed
03:33:49 INFO  [BotLogger] Closing browser...
03:33:49 INFO  [BotLogger] Browser closed
03:33:49 INFO  [BotLogger] Chrome driver is opened
03:33:50 INFO  [BotLogger] Bot is initialized
03:33:50 INFO  [BotLogger] Navigating to Login Page...
03:33:51 INFO  [BotLogger] Navigated to: https://www.saucedemo.com/
03:33:51 INFO  [BotLogger] Typed text: standard_user into element with locator: By.id: user-name
03:33:51 INFO  [BotLogger] Typed text: secret_sauce into element with locator: By.id: password
03:33:51 INFO  [BotLogger] Clicked on element: By.id: login-button
03:33:51 INFO  [BotLogger] Test CaseCart_Tc3_checkoutWithOneItem  started
03:33:51 INFO  [BotLogger] Clicked on element: By.id: add-to-cart-sauce-labs-backpack
03:33:51 INFO  [BotLogger] Clicked on element: By.id: shopping_cart_container
03:33:51 INFO  [BotLogger] Clicked on element: By.id: checkout
03:33:51 INFO  [BotLogger] Test CaseCart_Tc3_checkoutWithOneItem  passed
03:33:51 INFO  [BotLogger] Closing browser...
03:33:52 INFO  [BotLogger] Browser closed
03:33:52 INFO  [BotLogger] Chrome driver is opened
03:33:52 INFO  [BotLogger] Bot is initialized
03:33:52 INFO  [BotLogger] Navigating to Login Page...
03:33:53 INFO  [BotLogger] Navigated to: https://www.saucedemo.com/
03:33:53 INFO  [BotLogger] Typed text: standard_user into element with locator: By.id: user-name
03:33:53 INFO  [BotLogger] Typed text: secret_sauce into element with locator: By.id: password
03:33:53 INFO  [BotLogger] Clicked on element: By.id: login-button
03:33:53 INFO  [BotLogger] Test CaseCart_Tc4_checkoutWithMultipleItems  started
03:33:53 INFO  [BotLogger] Clicked on element: By.id: add-to-cart-sauce-labs-backpack
03:33:53 INFO  [BotLogger] Clicked on element: By.id: add-to-cart-sauce-labs-bike-light
03:33:53 INFO  [BotLogger] Clicked on element: By.id: add-to-cart-sauce-labs-bolt-t-shirt
03:33:53 INFO  [BotLogger] Clicked on element: By.id: shopping_cart_container
03:33:54 INFO  [BotLogger] Clicked on element: By.id: checkout
03:33:54 INFO  [BotLogger] Test CaseCart_Tc4_checkoutWithMultipleItems  passed
03:33:54 INFO  [BotLogger] Closing browser...
03:33:54 INFO  [BotLogger] Browser closed
03:33:54 INFO  [BotLogger] Chrome driver is opened
03:33:55 INFO  [BotLogger] Bot is initialized
03:33:55 INFO  [BotLogger] Navigating to Login Page...
03:33:55 INFO  [BotLogger] Navigated to: https://www.saucedemo.com/
03:33:55 INFO  [BotLogger] Typed text: standard_user into element with locator: By.id: user-name
03:33:56 INFO  [BotLogger] Typed text: secret_sauce into element with locator: By.id: password
03:33:56 INFO  [BotLogger] Clicked on element: By.id: login-button
03:33:56 INFO  [BotLogger] Test CaseConfirmation_TC1_finishOrderWithItems  started
03:33:56 INFO  [BotLogger] Clicked on element: By.id: add-to-cart-sauce-labs-backpack
03:33:56 INFO  [BotLogger] Clicked on element: By.id: shopping_cart_container
03:33:56 INFO  [BotLogger] Clicked on element: By.id: checkout
03:33:56 INFO  [BotLogger] Typed text: First Name into element with locator: By.id: first-name
03:33:56 INFO  [BotLogger] Typed text: Last Name into element with locator: By.id: last-name
03:33:56 INFO  [BotLogger] Typed text: 10000 into element with locator: By.id: postal-code
03:33:56 INFO  [BotLogger] Clicked on element: By.id: continue
03:33:56 INFO  [BotLogger] Clicked on element: By.id: finish
03:33:56 INFO  [BotLogger] Test CaseConfirmation_TC1_finishOrderWithItems  passed
03:33:56 INFO  [BotLogger] Closing browser...
03:33:57 INFO  [BotLogger] Browser closed
03:33:57 INFO  [BotLogger] Chrome driver is opened
03:33:57 INFO  [BotLogger] Bot is initialized
03:33:57 INFO  [BotLogger] Navigating to Login Page...
03:33:59 INFO  [BotLogger] Navigated to: https://www.saucedemo.com/
03:33:59 INFO  [BotLogger] Typed text: standard_user into element with locator: By.id: user-name
03:33:59 INFO  [BotLogger] Typed text: secret_sauce into element with locator: By.id: password
03:33:59 INFO  [BotLogger] Clicked on element: By.id: login-button
03:33:59 INFO  [BotLogger] Test CaseConfirmation_TC3_backToHomeAfterCompletion  started
03:34:00 INFO  [BotLogger] Clicked on element: By.id: add-to-cart-sauce-labs-backpack
03:34:00 INFO  [BotLogger] Clicked on element: By.id: shopping_cart_container
03:34:00 INFO  [BotLogger] Clicked on element: By.id: checkout
03:34:00 INFO  [BotLogger] Typed text: First Name into element with locator: By.id: first-name
03:34:00 INFO  [BotLogger] Typed text: Last Name into element with locator: By.id: last-name
03:34:00 INFO  [BotLogger] Typed text: 10000 into element with locator: By.id: postal-code
03:34:00 INFO  [BotLogger] Clicked on element: By.id: continue
03:34:00 INFO  [BotLogger] Clicked on element: By.id: finish
03:34:00 INFO  [BotLogger] Clicked on element: By.xpath: //button[text()='Back Home']
03:34:00 INFO  [BotLogger] Test CaseConfirmation_TC3_backToHomeAfterCompletion  passed
03:34:00 INFO  [BotLogger] Closing browser...
03:34:00 INFO  [BotLogger] Browser closed
03:34:00 INFO  [BotLogger] Chrome driver is opened
03:34:01 INFO  [BotLogger] Bot is initialized
03:34:01 INFO  [BotLogger] Navigating to Login Page...
03:34:01 INFO  [BotLogger] Navigated to: https://www.saucedemo.com/
03:34:02 INFO  [BotLogger] Typed text: standard_user into element with locator: By.id: user-name
03:34:02 INFO  [BotLogger] Typed text: secret_sauce into element with locator: By.id: password
03:34:02 INFO  [BotLogger] Clicked on element: By.id: login-button
03:34:02 INFO  [BotLogger] Test CaseConfirmation_TC2_finishEmptyCartOrder  started
03:34:02 INFO  [BotLogger] Clicked on element: By.id: shopping_cart_container
03:34:02 INFO  [BotLogger] Clicked on element: By.id: checkout
03:34:02 INFO  [BotLogger] Typed text: First Name into element with locator: By.id: first-name
03:34:02 INFO  [BotLogger] Typed text: Last Name into element with locator: By.id: last-name
03:34:02 INFO  [BotLogger] Typed text: 10000 into element with locator: By.id: postal-code
03:34:02 INFO  [BotLogger] Clicked on element: By.id: continue
03:34:02 INFO  [BotLogger] Clicked on element: By.id: finish
03:34:02 INFO  [BotLogger] Test CaseConfirmation_TC2_finishEmptyCartOrderfailed
03:34:02 INFO  [BotLogger] Screenshot taken: Confirmation_TC2_finishEmptyCartOrder
03:34:02 INFO  [BotLogger] Test CaseConfirmation_TC2_finishEmptyCartOrder  failed
03:34:02 INFO  [BotLogger] Closing browser...
03:34:02 INFO  [BotLogger] Browser closed
03:34:02 INFO  [BotLogger] Chrome driver is opened
03:34:03 INFO  [BotLogger] Bot is initialized
03:34:03 INFO  [BotLogger] Navigating to Login Page...
03:34:14 INFO  [BotLogger] Navigated to: https://www.saucedemo.com/
03:34:14 INFO  [BotLogger] Typed text: standard_user into element with locator: By.id: user-name
03:34:14 INFO  [BotLogger] Typed text: secret_sauce into element with locator: By.id: password
03:34:15 INFO  [BotLogger] Clicked on element: By.id: login-button
03:34:15 INFO  [BotLogger] Clicked on element: By.id: add-to-cart-sauce-labs-backpack
03:34:15 INFO  [BotLogger] Clicked on element: By.id: shopping_cart_container
03:34:15 INFO  [BotLogger] Clicked on element: By.id: checkout
03:34:15 INFO  [BotLogger] Test CasetestCheckoutWithEmptyFirstName  started
03:34:15 INFO  [BotLogger] Typed text:  into element with locator: By.id: first-name
03:34:15 INFO  [BotLogger] Typed text: Project into element with locator: By.id: last-name
03:34:15 INFO  [BotLogger] Typed text: 201 into element with locator: By.id: postal-code
03:34:15 INFO  [BotLogger] Clicked on element: By.id: continue
03:34:15 INFO  [BotLogger] Test CasetestCheckoutWithEmptyFirstName  passed
03:34:15 INFO  [BotLogger] Closing browser...
03:34:15 INFO  [BotLogger] Browser closed
03:34:15 INFO  [BotLogger] Chrome driver is opened
03:34:16 INFO  [BotLogger] Bot is initialized
03:34:16 INFO  [BotLogger] Navigating to Login Page...
03:34:17 INFO  [BotLogger] Navigated to: https://www.saucedemo.com/
03:34:17 INFO  [BotLogger] Typed text: standard_user into element with locator: By.id: user-name
03:34:17 INFO  [BotLogger] Typed text: secret_sauce into element with locator: By.id: password
03:34:17 INFO  [BotLogger] Clicked on element: By.id: login-button
03:34:17 INFO  [BotLogger] Clicked on element: By.id: add-to-cart-sauce-labs-backpack
03:34:17 INFO  [BotLogger] Clicked on element: By.id: shopping_cart_container
03:34:17 INFO  [BotLogger] Clicked on element: By.id: checkout
03:34:17 INFO  [BotLogger] Test CasetestCheckoutWithEmptyZip  started
03:34:17 INFO  [BotLogger] Typed text: Group into element with locator: By.id: first-name
03:34:17 INFO  [BotLogger] Typed text: Project into element with locator: By.id: last-name
03:34:17 INFO  [BotLogger] Typed text:  into element with locator: By.id: postal-code
03:34:17 INFO  [BotLogger] Clicked on element: By.id: continue
03:34:17 INFO  [BotLogger] Test CasetestCheckoutWithEmptyZip  passed
03:34:17 INFO  [BotLogger] Closing browser...
03:34:17 INFO  [BotLogger] Browser closed
03:34:17 INFO  [BotLogger] Chrome driver is opened
03:34:18 INFO  [BotLogger] Bot is initialized
03:34:18 INFO  [BotLogger] Navigating to Login Page...
03:34:19 INFO  [BotLogger] Navigated to: https://www.saucedemo.com/
03:34:19 INFO  [BotLogger] Typed text: standard_user into element with locator: By.id: user-name
03:34:19 INFO  [BotLogger] Typed text: secret_sauce into element with locator: By.id: password
03:34:19 INFO  [BotLogger] Clicked on element: By.id: login-button
03:34:19 INFO  [BotLogger] Clicked on element: By.id: add-to-cart-sauce-labs-backpack
03:34:19 INFO  [BotLogger] Clicked on element: By.id: shopping_cart_container
03:34:19 INFO  [BotLogger] Clicked on element: By.id: checkout
03:34:19 INFO  [BotLogger] Test CasetestCheckoutWithValidData  started
03:34:19 INFO  [BotLogger] Typed text: Group into element with locator: By.id: first-name
03:34:19 INFO  [BotLogger] Typed text: Project into element with locator: By.id: last-name
03:34:20 INFO  [BotLogger] Typed text: 201 into element with locator: By.id: postal-code
03:34:20 INFO  [BotLogger] Clicked on element: By.id: continue
03:34:20 INFO  [BotLogger] Test CasetestCheckoutWithValidData  passed
03:34:20 INFO  [BotLogger] Closing browser...
03:34:20 INFO  [BotLogger] Browser closed
03:34:20 INFO  [BotLogger] Chrome driver is opened
03:34:20 INFO  [BotLogger] Bot is initialized
03:34:20 INFO  [BotLogger] Navigating to Login Page...
03:34:20 INFO  [BotLogger] Test CaseinvalidEndToEndPurchaseFlow1  started
03:34:21 INFO  [BotLogger] Navigated to: https://www.saucedemo.com/
03:34:21 INFO  [BotLogger] Typed text: standard_user into element with locator: By.id: user-name
03:34:22 INFO  [BotLogger] Typed text: secret_sauce into element with locator: By.id: password
03:34:22 INFO  [BotLogger] Clicked on element: By.id: login-button
03:34:22 INFO  [BotLogger] Clicked on element: By.id: add-to-cart-sauce-labs-backpack
03:34:22 INFO  [BotLogger] Clicked on element: By.id: add-to-cart-sauce-labs-bike-light
03:34:22 INFO  [BotLogger] Clicked on element: By.id: add-to-cart-sauce-labs-bolt-t-shirt
03:34:22 INFO  [BotLogger] Clicked on element: By.id: shopping_cart_container
03:34:22 INFO  [BotLogger] Clicked on element: By.id: checkout
03:34:22 INFO  [BotLogger] Typed text:  into element with locator: By.id: first-name
03:34:22 INFO  [BotLogger] Typed text: Testing into element with locator: By.id: last-name
03:34:22 INFO  [BotLogger] Typed text: 201 into element with locator: By.id: postal-code
03:34:22 INFO  [BotLogger] Clicked on element: By.id: continue
03:34:22 INFO  [BotLogger] Test CaseinvalidEndToEndPurchaseFlow1  passed
03:34:22 INFO  [BotLogger] Closing browser...
03:34:23 INFO  [BotLogger] Browser closed
03:34:23 INFO  [BotLogger] Chrome driver is opened
03:34:23 INFO  [BotLogger] Bot is initialized
03:34:23 INFO  [BotLogger] Navigating to Login Page...
03:34:23 INFO  [BotLogger] Test CaseinvalidEndToEndPurchaseFlow2  started
03:34:24 INFO  [BotLogger] Navigated to: https://www.saucedemo.com/
03:34:24 INFO  [BotLogger] Typed text: standard_user into element with locator: By.id: user-name
03:34:24 INFO  [BotLogger] Typed text: secret_sauce into element with locator: By.id: password
03:34:24 INFO  [BotLogger] Clicked on element: By.id: login-button
03:34:24 INFO  [BotLogger] Clicked on element: By.id: add-to-cart-sauce-labs-backpack
03:34:25 INFO  [BotLogger] Clicked on element: By.id: add-to-cart-sauce-labs-bike-light
03:34:25 INFO  [BotLogger] Clicked on element: By.id: add-to-cart-sauce-labs-bolt-t-shirt
03:34:25 INFO  [BotLogger] Clicked on element: By.id: shopping_cart_container
03:34:25 INFO  [BotLogger] Clicked on element: By.id: checkout
03:34:25 INFO  [BotLogger] Typed text: NHA into element with locator: By.id: first-name
03:34:25 INFO  [BotLogger] Typed text:  into element with locator: By.id: last-name
03:34:25 INFO  [BotLogger] Typed text: 201 into element with locator: By.id: postal-code
03:34:25 INFO  [BotLogger] Clicked on element: By.id: continue
03:34:25 INFO  [BotLogger] Test CaseinvalidEndToEndPurchaseFlow2  passed
03:34:25 INFO  [BotLogger] Closing browser...
03:34:25 INFO  [BotLogger] Browser closed
03:34:25 INFO  [BotLogger] Chrome driver is opened
03:34:26 INFO  [BotLogger] Bot is initialized
03:34:26 INFO  [BotLogger] Navigating to Login Page...
03:34:26 INFO  [BotLogger] Test CaseinvalidEndToEndPurchaseFlow3  started
03:34:27 INFO  [BotLogger] Navigated to: https://www.saucedemo.com/
03:34:27 INFO  [BotLogger] Typed text: standard_user into element with locator: By.id: user-name
03:34:27 INFO  [BotLogger] Typed text: secret_sauce into element with locator: By.id: password
03:34:27 INFO  [BotLogger] Clicked on element: By.id: login-button
03:34:27 INFO  [BotLogger] Clicked on element: By.id: add-to-cart-sauce-labs-backpack
03:34:27 INFO  [BotLogger] Clicked on element: By.id: add-to-cart-sauce-labs-bike-light
03:34:28 INFO  [BotLogger] Clicked on element: By.id: add-to-cart-sauce-labs-bolt-t-shirt
03:34:28 INFO  [BotLogger] Clicked on element: By.id: shopping_cart_container
03:34:28 INFO  [BotLogger] Clicked on element: By.id: checkout
03:34:28 INFO  [BotLogger] Typed text: NHA into element with locator: By.id: first-name
03:34:28 INFO  [BotLogger] Typed text: Testing into element with locator: By.id: last-name
03:34:28 INFO  [BotLogger] Typed text:  into element with locator: By.id: postal-code
03:34:28 INFO  [BotLogger] Clicked on element: By.id: continue
03:34:28 INFO  [BotLogger] Test CaseinvalidEndToEndPurchaseFlow3  passed
03:34:28 INFO  [BotLogger] Closing browser...
03:34:28 INFO  [BotLogger] Browser closed
03:34:28 INFO  [BotLogger] Chrome driver is opened
03:34:29 INFO  [BotLogger] Bot is initialized
03:34:29 INFO  [BotLogger] Navigating to Login Page...
03:34:29 INFO  [BotLogger] Test CaseinvalidEndToEndPurchaseFlow4  started
03:34:30 INFO  [BotLogger] Navigated to: https://www.saucedemo.com/
03:34:30 INFO  [BotLogger] Typed text: standard_user into element with locator: By.id: user-name
03:34:30 INFO  [BotLogger] Typed text: secret_sauce into element with locator: By.id: password
03:34:30 INFO  [BotLogger] Clicked on element: By.id: login-button
03:34:30 INFO  [BotLogger] Clicked on element: By.id: add-to-cart-sauce-labs-backpack
03:34:30 INFO  [BotLogger] Clicked on element: By.id: add-to-cart-sauce-labs-bike-light
03:34:30 INFO  [BotLogger] Clicked on element: By.id: add-to-cart-sauce-labs-bolt-t-shirt
03:34:30 INFO  [BotLogger] Clicked on element: By.id: shopping_cart_container
03:34:30 INFO  [BotLogger] Clicked on element: By.id: checkout
03:34:30 INFO  [BotLogger] Typed text:  into element with locator: By.id: first-name
03:34:30 INFO  [BotLogger] Typed text: Testing into element with locator: By.id: last-name
03:34:31 INFO  [BotLogger] Typed text: 201 into element with locator: By.id: postal-code
03:34:31 INFO  [BotLogger] Clicked on element: By.id: cancel
03:34:31 INFO  [BotLogger] Test CaseinvalidEndToEndPurchaseFlow4  passed
03:34:31 INFO  [BotLogger] Closing browser...
03:34:31 INFO  [BotLogger] Browser closed
03:34:31 INFO  [BotLogger] Chrome driver is opened
03:34:32 INFO  [BotLogger] Bot is initialized
03:34:32 INFO  [BotLogger] Navigating to Login Page...
03:34:32 INFO  [BotLogger] Test CaseinvalidEndToEndPurchaseFlow5  started
03:34:32 INFO  [BotLogger] Navigated to: https://www.saucedemo.com/
03:34:32 INFO  [BotLogger] Typed text: standard_user into element with locator: By.id: user-name
03:34:32 INFO  [BotLogger] Typed text: secret_sauce into element with locator: By.id: password
03:34:33 INFO  [BotLogger] Clicked on element: By.id: login-button
03:34:33 INFO  [BotLogger] Clicked on element: By.id: add-to-cart-sauce-labs-backpack
03:34:33 INFO  [BotLogger] Clicked on element: By.id: add-to-cart-sauce-labs-bike-light
03:34:33 INFO  [BotLogger] Clicked on element: By.id: add-to-cart-sauce-labs-bolt-t-shirt
03:34:33 INFO  [BotLogger] Clicked on element: By.id: shopping_cart_container
03:34:33 INFO  [BotLogger] Clicked on element: By.id: checkout
03:34:33 INFO  [BotLogger] Typed text: NHA into element with locator: By.id: first-name
03:34:33 INFO  [BotLogger] Typed text:  into element with locator: By.id: last-name
03:34:33 INFO  [BotLogger] Typed text: 201 into element with locator: By.id: postal-code
03:34:33 INFO  [BotLogger] Clicked on element: By.id: continue
03:34:33 INFO  [BotLogger] Clicked on element: By.id: cancel
03:34:33 INFO  [BotLogger] Test CaseinvalidEndToEndPurchaseFlow5  passed
03:34:33 INFO  [BotLogger] Closing browser...
03:34:34 INFO  [BotLogger] Browser closed
03:34:34 INFO  [BotLogger] Chrome driver is opened
03:34:34 INFO  [BotLogger] Bot is initialized
03:34:34 INFO  [BotLogger] Navigating to Login Page...
03:34:34 INFO  [BotLogger] Test CasevalidEndToEndPurchaseFlow1  started
03:34:35 INFO  [BotLogger] Navigated to: https://www.saucedemo.com/
03:34:35 INFO  [BotLogger] Typed text: standard_user into element with locator: By.id: user-name
03:34:35 INFO  [BotLogger] Typed text: secret_sauce into element with locator: By.id: password
03:34:35 INFO  [BotLogger] Clicked on element: By.id: login-button
03:34:35 INFO  [BotLogger] Clicked on element: By.id: add-to-cart-sauce-labs-backpack
03:34:36 INFO  [BotLogger] Clicked on element: By.id: add-to-cart-sauce-labs-bike-light
03:34:36 INFO  [BotLogger] Clicked on element: By.id: add-to-cart-sauce-labs-bolt-t-shirt
03:34:36 INFO  [BotLogger] Clicked on element: By.id: shopping_cart_container
03:34:36 INFO  [BotLogger] Clicked on element: By.id: checkout
03:34:36 INFO  [BotLogger] Typed text: NHA into element with locator: By.id: first-name
03:34:36 INFO  [BotLogger] Typed text: Testing into element with locator: By.id: last-name
03:34:36 INFO  [BotLogger] Typed text: 201 into element with locator: By.id: postal-code
03:34:36 INFO  [BotLogger] Clicked on element: By.id: continue
03:34:36 INFO  [BotLogger] Clicked on element: By.id: finish
03:34:37 INFO  [BotLogger] Test CasevalidEndToEndPurchaseFlow1  passed
03:34:37 INFO  [BotLogger] Closing browser...
03:34:37 INFO  [BotLogger] Browser closed
03:34:37 INFO  [BotLogger] Chrome driver is opened
03:34:37 INFO  [BotLogger] Bot is initialized
03:34:37 INFO  [BotLogger] Navigating to Login Page...
03:34:37 INFO  [BotLogger] Test CasevalidEndToEndPurchaseFlow2  started
03:34:38 INFO  [BotLogger] Navigated to: https://www.saucedemo.com/
03:34:38 INFO  [BotLogger] Typed text: standard_user into element with locator: By.id: user-name
03:34:38 INFO  [BotLogger] Typed text: secret_sauce into element with locator: By.id: password
03:34:38 INFO  [BotLogger] Clicked on element: By.id: login-button
03:34:38 INFO  [BotLogger] Clicked on element: By.id: add-to-cart-sauce-labs-backpack
03:34:39 INFO  [BotLogger] Clicked on element: By.id: add-to-cart-sauce-labs-bike-light
03:34:39 INFO  [BotLogger] Clicked on element: By.id: add-to-cart-sauce-labs-bolt-t-shirt
03:34:39 INFO  [BotLogger] Clicked on element: By.id: shopping_cart_container
03:34:39 INFO  [BotLogger] Clicked on element: By.id: checkout
03:34:39 INFO  [BotLogger] Typed text: NHA into element with locator: By.id: first-name
03:34:39 INFO  [BotLogger] Typed text: Testing into element with locator: By.id: last-name
03:34:39 INFO  [BotLogger] Typed text: 201 into element with locator: By.id: postal-code
03:34:39 INFO  [BotLogger] Clicked on element: By.id: continue
03:34:39 INFO  [BotLogger] Clicked on element: By.id: finish
03:34:39 INFO  [BotLogger] Clicked on element: By.xpath: //button[text()='Back Home']
03:34:39 INFO  [BotLogger] Test CasevalidEndToEndPurchaseFlow2  passed
03:34:39 INFO  [BotLogger] Closing browser...
03:34:39 INFO  [BotLogger] Browser closed
03:34:39 INFO  [BotLogger] Chrome driver is opened
03:34:40 INFO  [BotLogger] Bot is initialized
03:34:40 INFO  [BotLogger] Navigating to Login Page...
03:34:41 INFO  [BotLogger] Navigated to: https://www.saucedemo.com/
03:34:41 INFO  [BotLogger] Typed text: standard_user into element with locator: By.id: user-name
03:34:41 INFO  [BotLogger] Typed text: secret_sauce into element with locator: By.id: password
03:34:41 INFO  [BotLogger] Clicked on element: By.id: login-button
03:34:41 INFO  [BotLogger] Test CaseHome_Tc1_scrollAndCheckBadge  started
03:34:41 INFO  [BotLogger] Scrolled to element: By.className: footer
03:34:41 INFO  [BotLogger] Scrolled to element: By.className: app_logo
03:34:41 INFO  [BotLogger] Test CaseHome_Tc1_scrollAndCheckBadge  passed
03:34:41 INFO  [BotLogger] Closing browser...
03:34:42 INFO  [BotLogger] Browser closed
03:34:42 INFO  [BotLogger] Chrome driver is opened
03:34:42 INFO  [BotLogger] Bot is initialized
03:34:42 INFO  [BotLogger] Navigating to Login Page...
03:34:43 INFO  [BotLogger] Navigated to: https://www.saucedemo.com/
03:34:43 INFO  [BotLogger] Typed text: standard_user into element with locator: By.id: user-name
03:34:43 INFO  [BotLogger] Typed text: secret_sauce into element with locator: By.id: password
03:34:43 INFO  [BotLogger] Clicked on element: By.id: login-button
03:34:43 INFO  [BotLogger] Test CaseHome_Tc2_testOpenMenu  started
03:34:43 INFO  [BotLogger] Clicked on element: By.xpath: //button[@id='react-burger-menu-btn']
03:34:43 INFO  [BotLogger] Element displayed status for locator By.id: menu_button_container: true
03:34:43 INFO  [BotLogger] Test CaseHome_Tc2_testOpenMenu  passed
03:34:43 INFO  [BotLogger] Closing browser...
03:34:44 INFO  [BotLogger] Browser closed
03:34:44 INFO  [BotLogger] Chrome driver is opened
03:34:44 INFO  [BotLogger] Bot is initialized
03:34:44 INFO  [BotLogger] Navigating to Login Page...
03:34:45 INFO  [BotLogger] Navigated to: https://www.saucedemo.com/
03:34:45 INFO  [BotLogger] Typed text: standard_user into element with locator: By.id: user-name
03:34:45 INFO  [BotLogger] Typed text: secret_sauce into element with locator: By.id: password
03:34:45 INFO  [BotLogger] Clicked on element: By.id: login-button
03:34:45 INFO  [BotLogger] Test CaseHome_Tc3_addMultipleProducts  started
03:34:45 INFO  [BotLogger] Clicked on element: By.id: add-to-cart-sauce-labs-backpack
03:34:45 INFO  [BotLogger] Clicked on element: By.id: add-to-cart-sauce-labs-bike-light
03:34:45 INFO  [BotLogger] Clicked on element: By.id: add-to-cart-sauce-labs-bolt-t-shirt
03:34:46 INFO  [BotLogger] Test CaseHome_Tc3_addMultipleProducts  passed
03:34:46 INFO  [BotLogger] Closing browser...
03:34:46 INFO  [BotLogger] Browser closed
03:34:46 INFO  [BotLogger] Chrome driver is opened
03:34:47 INFO  [BotLogger] Bot is initialized
03:34:47 INFO  [BotLogger] Navigating to Login Page...
03:34:47 INFO  [BotLogger] Navigated to: https://www.saucedemo.com/
03:34:47 INFO  [BotLogger] Typed text: standard_user into element with locator: By.id: user-name
03:34:47 INFO  [BotLogger] Typed text: secret_sauce into element with locator: By.id: password
03:34:48 INFO  [BotLogger] Clicked on element: By.id: login-button
03:34:48 INFO  [BotLogger] Test CaseHome_Tc4_removeProducts  started
03:34:48 INFO  [BotLogger] Clicked on element: By.id: add-to-cart-sauce-labs-backpack
03:34:48 INFO  [BotLogger] Clicked on element: By.id: add-to-cart-sauce-labs-bike-light
03:34:48 INFO  [BotLogger] Clicked on element: By.id: add-to-cart-sauce-labs-bolt-t-shirt
03:34:48 INFO  [BotLogger] Clicked on element: By.id: remove-sauce-labs-backpack
03:34:48 INFO  [BotLogger] Clicked on element: By.id: remove-sauce-labs-bike-light
03:34:48 INFO  [BotLogger] Clicked on element: By.id: remove-sauce-labs-bolt-t-shirt
03:34:48 INFO  [BotLogger] Test CaseHome_Tc4_removeProducts  passed
03:34:48 INFO  [BotLogger] Closing browser...
03:34:48 INFO  [BotLogger] Browser closed
03:34:48 INFO  [BotLogger] Chrome driver is opened
03:34:49 INFO  [BotLogger] Bot is initialized
03:34:49 INFO  [BotLogger] Navigating to Login Page...
03:34:49 INFO  [BotLogger] Test CasetestValidLogin  started
03:34:49 INFO  [BotLogger] Test Started: loginTest
03:34:49 INFO  [BotLogger] Navigated to: https://www.saucedemo.com/
03:34:49 INFO  [BotLogger] Typed text: standard_user into element with locator: By.id: user-name
03:34:49 INFO  [BotLogger] Typed text: secret_sauce into element with locator: By.id: password
03:34:50 INFO  [BotLogger] Clicked on element: By.id: login-button
03:34:50 INFO  [BotLogger] Test Finished: loginTest
03:34:50 INFO  [BotLogger] Test CasetestValidLogin  passed
03:34:50 INFO  [BotLogger] Closing browser...
03:34:50 INFO  [BotLogger] Browser closed
03:34:50 INFO  [BotLogger] Chrome driver is opened
03:34:50 INFO  [BotLogger] Bot is initialized
03:34:50 INFO  [BotLogger] Navigating to Login Page...
03:34:50 INFO  [BotLogger] Test CasetestValidLogin  started
03:34:50 INFO  [BotLogger] Test Started: loginTest
03:34:51 INFO  [BotLogger] Navigated to: https://www.saucedemo.com/
03:34:51 INFO  [BotLogger] Typed text: problem_user into element with locator: By.id: user-name
03:34:51 INFO  [BotLogger] Typed text: secret_sauce into element with locator: By.id: password
03:34:51 INFO  [BotLogger] Clicked on element: By.id: login-button
03:34:51 INFO  [BotLogger] Test Finished: loginTest
03:34:51 INFO  [BotLogger] Test CasetestValidLogin  passed
03:34:51 INFO  [BotLogger] Closing browser...
03:34:51 INFO  [BotLogger] Browser closed
03:34:51 INFO  [BotLogger] Chrome driver is opened
03:34:52 INFO  [BotLogger] Bot is initialized
03:34:52 INFO  [BotLogger] Navigating to Login Page...
03:34:52 INFO  [BotLogger] Test CasetestValidLogin  started
03:34:52 INFO  [BotLogger] Test Started: loginTest
03:34:53 INFO  [BotLogger] Navigated to: https://www.saucedemo.com/
03:34:53 INFO  [BotLogger] Typed text: performance_glitch_user into element with locator: By.id: user-name
03:34:53 INFO  [BotLogger] Typed text: secret_sauce into element with locator: By.id: password
03:34:58 INFO  [BotLogger] Clicked on element: By.id: login-button
03:34:58 INFO  [BotLogger] Test Finished: loginTest
03:34:58 INFO  [BotLogger] Test CasetestValidLogin  passed
03:34:58 INFO  [BotLogger] Closing browser...
03:34:58 INFO  [BotLogger] Browser closed
03:34:58 INFO  [BotLogger] Chrome driver is opened
03:34:59 INFO  [BotLogger] Bot is initialized
03:34:59 INFO  [BotLogger] Navigating to Login Page...
03:34:59 INFO  [BotLogger] Test CasetestSuccessfulLoginVerifyProductsPage  started
03:34:59 INFO  [BotLogger] Test Started: loginTest
03:35:00 INFO  [BotLogger] Navigated to: https://www.saucedemo.com/
03:35:00 INFO  [BotLogger] Typed text: standard_user into element with locator: By.id: user-name
03:35:00 INFO  [BotLogger] Typed text: secret_sauce into element with locator: By.id: password
03:35:00 INFO  [BotLogger] Clicked on element: By.id: login-button
03:35:00 INFO  [BotLogger] Element displayed status for locator By.className: title: true
03:35:00 INFO  [BotLogger] Test Finished: loginTest
03:35:00 INFO  [BotLogger] Test CasetestSuccessfulLoginVerifyProductsPage  passed
03:35:00 INFO  [BotLogger] Closing browser...
03:35:00 INFO  [BotLogger] Browser closed
03:35:00 INFO  [BotLogger] Chrome driver is opened
03:35:01 INFO  [BotLogger] Bot is initialized
03:35:01 INFO  [BotLogger] Navigating to Login Page...
03:35:01 INFO  [BotLogger] Test CasetestSuccessfulLoginVerifyProductsPage  started
03:35:01 INFO  [BotLogger] Test Started: loginTest
03:35:03 INFO  [BotLogger] Navigated to: https://www.saucedemo.com/
03:35:03 INFO  [BotLogger] Typed text: problem_user into element with locator: By.id: user-name
03:35:03 INFO  [BotLogger] Typed text: secret_sauce into element with locator: By.id: password
03:35:03 INFO  [BotLogger] Clicked on element: By.id: login-button
03:35:03 INFO  [BotLogger] Element displayed status for locator By.className: title: true
03:35:03 INFO  [BotLogger] Test Finished: loginTest
03:35:03 INFO  [BotLogger] Test CasetestSuccessfulLoginVerifyProductsPage  passed
03:35:03 INFO  [BotLogger] Closing browser...
03:35:03 INFO  [BotLogger] Browser closed
03:35:03 INFO  [BotLogger] Chrome driver is opened
03:35:04 INFO  [BotLogger] Bot is initialized
03:35:04 INFO  [BotLogger] Navigating to Login Page...
03:35:04 INFO  [BotLogger] Test CasetestSuccessfulLoginVerifyProductsPage  started
03:35:04 INFO  [BotLogger] Test Started: loginTest
03:35:04 INFO  [BotLogger] Navigated to: https://www.saucedemo.com/
03:35:05 INFO  [BotLogger] Typed text: performance_glitch_user into element with locator: By.id: user-name
03:35:05 INFO  [BotLogger] Typed text: secret_sauce into element with locator: By.id: password
03:35:10 INFO  [BotLogger] Clicked on element: By.id: login-button
03:35:10 INFO  [BotLogger] Element displayed status for locator By.className: title: true
03:35:10 INFO  [BotLogger] Test Finished: loginTest
03:35:10 INFO  [BotLogger] Test CasetestSuccessfulLoginVerifyProductsPage  passed
03:35:10 INFO  [BotLogger] Closing browser...
03:35:10 INFO  [BotLogger] Browser closed
03:35:10 INFO  [BotLogger] Chrome driver is opened
03:35:11 INFO  [BotLogger] Bot is initialized
03:35:11 INFO  [BotLogger] Navigating to Login Page...
03:35:11 INFO  [BotLogger] Test CasetestInvalidLogin  started
03:35:11 INFO  [BotLogger] Navigated to: https://www.saucedemo.com/
03:35:11 INFO  [BotLogger] Typed text: invalid_user into element with locator: By.id: user-name
03:35:12 INFO  [BotLogger] Typed text: secret_sauce into element with locator: By.id: password
03:35:12 INFO  [BotLogger] Clicked on element: By.id: login-button
03:35:12 INFO  [BotLogger] Test CasetestInvalidLogin  passed
03:35:12 INFO  [BotLogger] Closing browser...
03:35:12 INFO  [BotLogger] Browser closed
03:35:12 INFO  [BotLogger] Chrome driver is opened
03:35:13 INFO  [BotLogger] Bot is initialized
03:35:13 INFO  [BotLogger] Navigating to Login Page...
03:35:13 INFO  [BotLogger] Test CasetestInvalidLogin  started
03:35:13 INFO  [BotLogger] Navigated to: https://www.saucedemo.com/
03:35:14 INFO  [BotLogger] Typed text: wrong_user into element with locator: By.id: user-name
03:35:14 INFO  [BotLogger] Typed text: wrong_password into element with locator: By.id: password
03:35:14 INFO  [BotLogger] Clicked on element: By.id: login-button
03:35:14 INFO  [BotLogger] Test CasetestInvalidLogin  passed
03:35:14 INFO  [BotLogger] Closing browser...
03:35:14 INFO  [BotLogger] Browser closed
03:35:14 INFO  [BotLogger] Chrome driver is opened
03:35:15 INFO  [BotLogger] Bot is initialized
03:35:15 INFO  [BotLogger] Navigating to Login Page...
03:35:15 INFO  [BotLogger] Test CasetestInvalidLogin  started
03:35:16 INFO  [BotLogger] Navigated to: https://www.saucedemo.com/
03:35:16 INFO  [BotLogger] Typed text: fake_user into element with locator: By.id: user-name
03:35:16 INFO  [BotLogger] Typed text: fake_pass into element with locator: By.id: password
03:35:16 INFO  [BotLogger] Clicked on element: By.id: login-button
03:35:16 INFO  [BotLogger] Test CasetestInvalidLogin  passed
03:35:16 INFO  [BotLogger] Closing browser...
03:35:16 INFO  [BotLogger] Browser closed
03:35:16 INFO  [BotLogger] Chrome driver is opened
03:35:17 INFO  [BotLogger] Bot is initialized
03:35:17 INFO  [BotLogger] Navigating to Login Page...
03:35:17 INFO  [BotLogger] Test CasetestEmptyFields  started
03:35:18 INFO  [BotLogger] Navigated to: https://www.saucedemo.com/
03:35:18 INFO  [BotLogger] Typed text:  into element with locator: By.id: user-name
03:35:18 INFO  [BotLogger] Typed text: secret_sauce into element with locator: By.id: password
03:35:18 INFO  [BotLogger] Clicked on element: By.id: login-button
03:35:18 INFO  [BotLogger] Test CasetestEmptyFields  passed
03:35:18 INFO  [BotLogger] Closing browser...
03:35:18 INFO  [BotLogger] Browser closed
03:35:18 INFO  [BotLogger] Chrome driver is opened
03:35:19 INFO  [BotLogger] Bot is initialized
03:35:19 INFO  [BotLogger] Navigating to Login Page...
03:35:19 INFO  [BotLogger] Test CasetestEmptyFields  started
03:35:20 INFO  [BotLogger] Navigated to: https://www.saucedemo.com/
03:35:20 INFO  [BotLogger] Typed text: standard_user into element with locator: By.id: user-name
03:35:20 INFO  [BotLogger] Typed text:  into element with locator: By.id: password
03:35:20 INFO  [BotLogger] Clicked on element: By.id: login-button
03:35:21 INFO  [BotLogger] Test CasetestEmptyFields  passed
03:35:21 INFO  [BotLogger] Closing browser...
03:35:21 INFO  [BotLogger] Browser closed
03:35:21 INFO  [BotLogger] Chrome driver is opened
03:35:21 INFO  [BotLogger] Bot is initialized
03:35:21 INFO  [BotLogger] Navigating to Login Page...
03:35:21 INFO  [BotLogger] Test CasetestEmptyFields  started
03:35:22 INFO  [BotLogger] Navigated to: https://www.saucedemo.com/
03:35:22 INFO  [BotLogger] Typed text:  into element with locator: By.id: user-name
03:35:22 INFO  [BotLogger] Typed text:  into element with locator: By.id: password
03:35:22 INFO  [BotLogger] Clicked on element: By.id: login-button
03:35:23 INFO  [BotLogger] Test CasetestEmptyFields  passed
03:35:23 INFO  [BotLogger] Closing browser...
03:35:23 INFO  [BotLogger] Browser closed
03:35:23 INFO  [BotLogger] Chrome driver is opened
03:35:24 INFO  [BotLogger] Bot is initialized
03:35:24 INFO  [BotLogger] Navigating to Login Page...
03:35:24 INFO  [BotLogger] Test CasetestLockedOutUser  started
03:35:24 INFO  [BotLogger] Navigated to: https://www.saucedemo.com/
03:35:24 INFO  [BotLogger] Typed text: locked_out_user into element with locator: By.id: user-name
03:35:25 INFO  [BotLogger] Typed text: secret_sauce into element with locator: By.id: password
03:35:25 INFO  [BotLogger] Clicked on element: By.id: login-button
03:35:25 INFO  [BotLogger] Test CasetestLockedOutUser  passed
03:35:25 INFO  [BotLogger] Closing browser...
03:35:25 INFO  [BotLogger] Browser closed
03:35:25 INFO  [BotLogger] Chrome driver is opened
03:35:26 INFO  [BotLogger] Bot is initialized
03:35:26 INFO  [BotLogger] Navigating to Login Page...
03:35:26 INFO  [BotLogger] Test CasevalidLoginWithJasonData  started
03:35:26 INFO  [BotLogger] Test Started: loginTest
03:35:27 INFO  [BotLogger] Navigated to: https://www.saucedemo.com/
03:35:27 INFO  [BotLogger] Typed text: standard_user into element with locator: By.id: user-name
03:35:27 INFO  [BotLogger] Typed text: secret_sauce into element with locator: By.id: password
03:35:27 INFO  [BotLogger] Clicked on element: By.id: login-button
03:35:27 INFO  [BotLogger] Test Finished: loginTest
03:35:27 INFO  [BotLogger] Test CasevalidLoginWithJasonData  passed
03:35:27 INFO  [BotLogger] Closing browser...
03:35:27 INFO  [BotLogger] Browser closed
03:35:27 INFO  [BotLogger] Chrome driver is opened
03:35:28 INFO  [BotLogger] Bot is initialized
03:35:28 INFO  [BotLogger] Navigating to Login Page...
03:35:29 INFO  [BotLogger] Navigated to: https://www.saucedemo.com/
03:35:29 INFO  [BotLogger] Typed text: standard_user into element with locator: By.id: user-name
03:35:29 INFO  [BotLogger] Typed text: secret_sauce into element with locator: By.id: password
03:35:29 INFO  [BotLogger] Clicked on element: By.id: login-button
03:35:29 INFO  [BotLogger] Test CasesortingTest  started
03:35:29 INFO  [BotLogger] Test CasesortingTest  passed
03:35:29 INFO  [BotLogger] Closing browser...
03:35:29 INFO  [BotLogger] Browser closed
03:35:29 INFO  [BotLogger] Chrome driver is opened
03:35:30 INFO  [BotLogger] Bot is initialized
03:35:30 INFO  [BotLogger] Navigating to Login Page...
03:35:39 INFO  [BotLogger] Navigated to: https://www.saucedemo.com/
03:35:39 INFO  [BotLogger] Typed text: standard_user into element with locator: By.id: user-name
03:35:39 INFO  [BotLogger] Typed text: secret_sauce into element with locator: By.id: password
03:35:39 INFO  [BotLogger] Clicked on element: By.id: login-button
03:35:39 INFO  [BotLogger] Test CasesortingTest  started
03:35:39 INFO  [BotLogger] Test CasesortingTest  passed
03:35:39 INFO  [BotLogger] Closing browser...
03:35:39 INFO  [BotLogger] Browser closed
03:35:39 INFO  [BotLogger] Chrome driver is opened
03:35:40 INFO  [BotLogger] Bot is initialized
03:35:40 INFO  [BotLogger] Navigating to Login Page...
03:35:40 INFO  [BotLogger] Navigated to: https://www.saucedemo.com/
03:35:41 INFO  [BotLogger] Typed text: standard_user into element with locator: By.id: user-name
03:35:41 INFO  [BotLogger] Typed text: secret_sauce into element with locator: By.id: password
03:35:41 INFO  [BotLogger] Clicked on element: By.id: login-button
03:35:41 INFO  [BotLogger] Test CasesortingTest  started
03:35:41 INFO  [BotLogger] Test CasesortingTest  passed
03:35:41 INFO  [BotLogger] Closing browser...
03:35:41 INFO  [BotLogger] Browser closed
03:35:41 INFO  [BotLogger] Chrome driver is opened
03:35:42 INFO  [BotLogger] Bot is initialized
03:35:42 INFO  [BotLogger] Navigating to Login Page...
03:35:43 INFO  [BotLogger] Navigated to: https://www.saucedemo.com/
03:35:43 INFO  [BotLogger] Typed text: standard_user into element with locator: By.id: user-name
03:35:43 INFO  [BotLogger] Typed text: secret_sauce into element with locator: By.id: password
03:35:43 INFO  [BotLogger] Clicked on element: By.id: login-button
03:35:43 INFO  [BotLogger] Test CasesortingTest  started
03:35:43 INFO  [BotLogger] Test CasesortingTest  passed
03:35:43 INFO  [BotLogger] Closing browser...
03:35:43 INFO  [BotLogger] Browser closed
